2023-07-17 15:36:19.011  INFO 4000 --- [main] com.dreamchaser.depository_manage.DepositoryManageApplication : Starting DepositoryManageApplication on LAPTOP-H19ORN5S with PID 4000 (C:\Users\Q\Desktop\depository_manage-master\target\classes started by Q in C:\Users\Q\Desktop\depository_manage-master)
2023-07-17 15:36:19.013  INFO 4000 --- [main] com.dreamchaser.depository_manage.DepositoryManageApplication : The following profiles are active: test
2023-07-17 15:36:19.837  INFO 4000 --- [main] org.springframework.boot.web.embedded.tomcat.TomcatWebServer : Tomcat initialized with port(s): 8080 (http)
2023-07-17 15:36:19.845  INFO 4000 --- [main] org.apache.catalina.core.StandardService : Starting service [Tomcat]
2023-07-17 15:36:19.846  INFO 4000 --- [main] org.apache.catalina.core.StandardEngine : Starting Servlet engine: [Apache Tomcat/9.0.41]
2023-07-17 15:36:19.932  INFO 4000 --- [main] org.apache.catalina.core.ContainerBase.[Tomcat].[localhost].[/] : Initializing Spring embedded WebApplicationContext
2023-07-17 15:36:19.933  INFO 4000 --- [main] org.springframework.boot.web.servlet.context.ServletWebServerApplicationContext : Root WebApplicationContext: initialization completed in 892 ms
2023-07-17 15:36:20.400  INFO 4000 --- [main] org.springframework.scheduling.concurrent.ThreadPoolTaskExecutor : Initializing ExecutorService 'applicationTaskExecutor'
2023-07-17 15:36:20.458  INFO 4000 --- [main] org.springframework.boot.autoconfigure.web.servlet.WelcomePageHandlerMapping : Adding welcome page template: index
2023-07-17 15:36:20.591  INFO 4000 --- [main] org.springframework.boot.web.embedded.tomcat.TomcatWebServer : Tomcat started on port(s): 8080 (http) with context path ''
2023-07-17 15:36:20.598  INFO 4000 --- [main] com.dreamchaser.depository_manage.DepositoryManageApplication : Started DepositoryManageApplication in 1.973 seconds (JVM running for 2.534)
2023-07-17 15:36:44.130  INFO 4000 --- [http-nio-8080-exec-1] org.apache.catalina.core.ContainerBase.[Tomcat].[localhost].[/] : Initializing Spring DispatcherServlet 'dispatcherServlet'
2023-07-17 15:36:44.130  INFO 4000 --- [http-nio-8080-exec-1] org.springframework.web.servlet.DispatcherServlet : Initializing Servlet 'dispatcherServlet'
2023-07-17 15:36:44.135  INFO 4000 --- [http-nio-8080-exec-1] org.springframework.web.servlet.DispatcherServlet : Completed initialization in 5 ms
2023-07-17 15:36:46.766  INFO 4000 --- [http-nio-8080-exec-7] com.alibaba.druid.pool.DruidDataSource : {dataSource-1} inited
2023-07-17 15:45:34.767  INFO 4000 --- [SpringContextShutdownHook] org.springframework.scheduling.concurrent.ThreadPoolTaskExecutor : Shutting down ExecutorService 'applicationTaskExecutor'
2023-07-17 15:45:34.771  INFO 4000 --- [SpringContextShutdownHook] com.alibaba.druid.pool.DruidDataSource : {dataSource-1} closed
2023-07-17 15:45:38.822  INFO 22696 --- [main] com.dreamchaser.depository_manage.DepositoryManageApplication : Starting DepositoryManageApplication on LAPTOP-H19ORN5S with PID 22696 (C:\Users\Q\Desktop\depository_manage-master\target\classes started by Q in C:\Users\Q\Desktop\depository_manage-master)
2023-07-17 15:45:38.824  INFO 22696 --- [main] com.dreamchaser.depository_manage.DepositoryManageApplication : The following profiles are active: test
2023-07-17 15:45:39.504  INFO 22696 --- [main] org.springframework.boot.web.embedded.tomcat.TomcatWebServer : Tomcat initialized with port(s): 8080 (http)
2023-07-17 15:45:39.511  INFO 22696 --- [main] org.apache.catalina.core.StandardService : Starting service [Tomcat]
2023-07-17 15:45:39.511  INFO 22696 --- [main] org.apache.catalina.core.StandardEngine : Starting Servlet engine: [Apache Tomcat/9.0.41]
2023-07-17 15:45:39.589  INFO 22696 --- [main] org.apache.catalina.core.ContainerBase.[Tomcat].[localhost].[/] : Initializing Spring embedded WebApplicationContext
2023-07-17 15:45:39.590  INFO 22696 --- [main] org.springframework.boot.web.servlet.context.ServletWebServerApplicationContext : Root WebApplicationContext: initialization completed in 741 ms
2023-07-17 15:45:39.957  INFO 22696 --- [main] org.springframework.scheduling.concurrent.ThreadPoolTaskExecutor : Initializing ExecutorService 'applicationTaskExecutor'
2023-07-17 15:45:40.007  INFO 22696 --- [main] org.springframework.boot.autoconfigure.web.servlet.WelcomePageHandlerMapping : Adding welcome page template: index
2023-07-17 15:45:40.123  INFO 22696 --- [main] org.springframework.boot.web.embedded.tomcat.TomcatWebServer : Tomcat started on port(s): 8080 (http) with context path ''
2023-07-17 15:45:40.130  INFO 22696 --- [main] com.dreamchaser.depository_manage.DepositoryManageApplication : Started DepositoryManageApplication in 1.615 seconds (JVM running for 2.008)
2023-07-17 15:45:47.611  INFO 22696 --- [http-nio-8080-exec-1] org.apache.catalina.core.ContainerBase.[Tomcat].[localhost].[/] : Initializing Spring DispatcherServlet 'dispatcherServlet'
2023-07-17 15:45:47.612  INFO 22696 --- [http-nio-8080-exec-1] org.springframework.web.servlet.DispatcherServlet : Initializing Servlet 'dispatcherServlet'
2023-07-17 15:45:47.615  INFO 22696 --- [http-nio-8080-exec-1] org.springframework.web.servlet.DispatcherServlet : Completed initialization in 3 ms
2023-07-17 15:45:51.566  INFO 22696 --- [http-nio-8080-exec-3] com.alibaba.druid.pool.DruidDataSource : {dataSource-1} inited
2023-07-17 15:48:33.479  INFO 22696 --- [SpringContextShutdownHook] org.springframework.scheduling.concurrent.ThreadPoolTaskExecutor : Shutting down ExecutorService 'applicationTaskExecutor'
2023-07-17 15:48:33.482  INFO 22696 --- [SpringContextShutdownHook] com.alibaba.druid.pool.DruidDataSource : {dataSource-1} closed
2023-07-17 15:48:36.427  INFO 17052 --- [main] com.dreamchaser.depository_manage.DepositoryManageApplication : Starting DepositoryManageApplication on LAPTOP-H19ORN5S with PID 17052 (C:\Users\Q\Desktop\depository_manage-master\target\classes started by Q in C:\Users\Q\Desktop\depository_manage-master)
2023-07-17 15:48:36.429  INFO 17052 --- [main] com.dreamchaser.depository_manage.DepositoryManageApplication : The following profiles are active: test
2023-07-17 15:48:37.102  INFO 17052 --- [main] org.springframework.boot.web.embedded.tomcat.TomcatWebServer : Tomcat initialized with port(s): 8080 (http)
2023-07-17 15:48:37.108  INFO 17052 --- [main] org.apache.catalina.core.StandardService : Starting service [Tomcat]
2023-07-17 15:48:37.108  INFO 17052 --- [main] org.apache.catalina.core.StandardEngine : Starting Servlet engine: [Apache Tomcat/9.0.41]
2023-07-17 15:48:37.185  INFO 17052 --- [main] org.apache.catalina.core.ContainerBase.[Tomcat].[localhost].[/] : Initializing Spring embedded WebApplicationContext
2023-07-17 15:48:37.186  INFO 17052 --- [main] org.springframework.boot.web.servlet.context.ServletWebServerApplicationContext : Root WebApplicationContext: initialization completed in 729 ms
2023-07-17 15:48:37.563  INFO 17052 --- [main] org.springframework.scheduling.concurrent.ThreadPoolTaskExecutor : Initializing ExecutorService 'applicationTaskExecutor'
2023-07-17 15:48:37.614  INFO 17052 --- [main] org.springframework.boot.autoconfigure.web.servlet.WelcomePageHandlerMapping : Adding welcome page template: index
2023-07-17 15:48:37.733  INFO 17052 --- [main] org.springframework.boot.web.embedded.tomcat.TomcatWebServer : Tomcat started on port(s): 8080 (http) with context path ''
2023-07-17 15:48:37.740  INFO 17052 --- [main] com.dreamchaser.depository_manage.DepositoryManageApplication : Started DepositoryManageApplication in 1.619 seconds (JVM running for 1.999)
2023-07-17 15:48:41.799  INFO 17052 --- [http-nio-8080-exec-1] org.apache.catalina.core.ContainerBase.[Tomcat].[localhost].[/] : Initializing Spring DispatcherServlet 'dispatcherServlet'
2023-07-17 15:48:41.799  INFO 17052 --- [http-nio-8080-exec-1] org.springframework.web.servlet.DispatcherServlet : Initializing Servlet 'dispatcherServlet'
2023-07-17 15:48:41.803  INFO 17052 --- [http-nio-8080-exec-1] org.springframework.web.servlet.DispatcherServlet : Completed initialization in 4 ms
2023-07-17 15:48:45.061  INFO 17052 --- [http-nio-8080-exec-3] com.alibaba.druid.pool.DruidDataSource : {dataSource-1} inited
2023-07-17 16:14:10.966  INFO 17052 --- [SpringContextShutdownHook] org.springframework.scheduling.concurrent.ThreadPoolTaskExecutor : Shutting down ExecutorService 'applicationTaskExecutor'
2023-07-17 16:14:10.969  INFO 17052 --- [SpringContextShutdownHook] com.alibaba.druid.pool.DruidDataSource : {dataSource-1} closed
2023-07-17 23:20:25.076  INFO 22904 --- [main] com.dreamchaser.depository_manage.DepositoryManageApplication : Starting DepositoryManageApplication on LAPTOP-H19ORN5S with PID 22904 (C:\Users\Q\Desktop\depository_manage-master\target\classes started by Q in C:\Users\Q\Desktop\depository_manage-master)
2023-07-17 23:20:25.078  INFO 22904 --- [main] com.dreamchaser.depository_manage.DepositoryManageApplication : The following profiles are active: test
2023-07-17 23:20:25.795  INFO 22904 --- [main] org.springframework.boot.web.embedded.tomcat.TomcatWebServer : Tomcat initialized with port(s): 8080 (http)
2023-07-17 23:20:25.802  INFO 22904 --- [main] org.apache.catalina.core.StandardService : Starting service [Tomcat]
2023-07-17 23:20:25.803  INFO 22904 --- [main] org.apache.catalina.core.StandardEngine : Starting Servlet engine: [Apache Tomcat/9.0.41]
2023-07-17 23:20:25.877  INFO 22904 --- [main] org.apache.catalina.core.ContainerBase.[Tomcat].[localhost].[/] : Initializing Spring embedded WebApplicationContext
2023-07-17 23:20:25.877  INFO 22904 --- [main] org.springframework.boot.web.servlet.context.ServletWebServerApplicationContext : Root WebApplicationContext: initialization completed in 774 ms
2023-07-17 23:20:26.294  INFO 22904 --- [main] org.springframework.scheduling.concurrent.ThreadPoolTaskExecutor : Initializing ExecutorService 'applicationTaskExecutor'
2023-07-17 23:20:26.344  INFO 22904 --- [main] org.springframework.boot.autoconfigure.web.servlet.WelcomePageHandlerMapping : Adding welcome page template: index
2023-07-17 23:20:26.459  INFO 22904 --- [main] org.springframework.boot.web.embedded.tomcat.TomcatWebServer : Tomcat started on port(s): 8080 (http) with context path ''
2023-07-17 23:20:26.465  INFO 22904 --- [main] com.dreamchaser.depository_manage.DepositoryManageApplication : Started DepositoryManageApplication in 1.711 seconds (JVM running for 2.137)
2023-07-17 23:20:32.489  INFO 22904 --- [http-nio-8080-exec-1] org.apache.catalina.core.ContainerBase.[Tomcat].[localhost].[/] : Initializing Spring DispatcherServlet 'dispatcherServlet'
2023-07-17 23:20:32.489  INFO 22904 --- [http-nio-8080-exec-1] org.springframework.web.servlet.DispatcherServlet : Initializing Servlet 'dispatcherServlet'
2023-07-17 23:20:32.495  INFO 22904 --- [http-nio-8080-exec-1] org.springframework.web.servlet.DispatcherServlet : Completed initialization in 6 ms
2023-07-17 23:20:36.994  INFO 22904 --- [http-nio-8080-exec-1] com.alibaba.druid.pool.DruidDataSource : {dataSource-1} inited
2023-07-17 23:23:17.961  INFO 22904 --- [SpringContextShutdownHook] org.springframework.scheduling.concurrent.ThreadPoolTaskExecutor : Shutting down ExecutorService 'applicationTaskExecutor'
2023-07-17 23:23:17.964  INFO 22904 --- [SpringContextShutdownHook] com.alibaba.druid.pool.DruidDataSource : {dataSource-1} closed
