2023-07-19 13:37:30.184  INFO 10780 --- [main] com.dreamchaser.depository_manage.DepositoryManageApplication : Starting DepositoryManageApplication on queshumin-pc with PID 10780 (C:\Users\queshumin\Desktop\depository_manage-master\target\classes started by queshumin in C:\Users\queshumin\Desktop\depository_manage-master)
2023-07-19 13:37:30.186  INFO 10780 --- [main] com.dreamchaser.depository_manage.DepositoryManageApplication : The following profiles are active: test
2023-07-19 13:37:31.098  INFO 10780 --- [main] org.springframework.boot.web.embedded.tomcat.TomcatWebServer : Tomcat initialized with port(s): 8080 (http)
2023-07-19 13:37:31.108  INFO 10780 --- [main] org.apache.catalina.core.StandardService : Starting service [Tomcat]
2023-07-19 13:37:31.108  INFO 10780 --- [main] org.apache.catalina.core.StandardEngine : Starting Servlet engine: [Apache Tomcat/9.0.41]
2023-07-19 13:37:31.109  INFO 10780 --- [main] org.apache.catalina.core.AprLifecycleListener : Loaded Apache Tomcat Native library [2.0.4] using APR version [1.7.4].
2023-07-19 13:37:31.109  INFO 10780 --- [main] org.apache.catalina.core.AprLifecycleListener : APR capabilities: IPv6 [true], sendfile [true], accept filters [false], random [true].
2023-07-19 13:37:31.109  INFO 10780 --- [main] org.apache.catalina.core.AprLifecycleListener : APR/OpenSSL configuration: useAprConnector [false], useOpenSSL [true]
2023-07-19 13:37:31.114  INFO 10780 --- [main] org.apache.catalina.core.AprLifecycleListener : OpenSSL successfully initialized [OpenSSL 3.0.9 30 May 2023]
2023-07-19 13:37:31.174  INFO 10780 --- [main] org.apache.catalina.core.ContainerBase.[Tomcat].[localhost].[/] : Initializing Spring embedded WebApplicationContext
2023-07-19 13:37:31.175  INFO 10780 --- [main] org.springframework.boot.web.servlet.context.ServletWebServerApplicationContext : Root WebApplicationContext: initialization completed in 954 ms
2023-07-19 13:37:31.670  INFO 10780 --- [main] org.springframework.scheduling.concurrent.ThreadPoolTaskExecutor : Initializing ExecutorService 'applicationTaskExecutor'
2023-07-19 13:37:31.725  INFO 10780 --- [main] org.springframework.boot.autoconfigure.web.servlet.WelcomePageHandlerMapping : Adding welcome page template: index
2023-07-19 13:37:31.875  INFO 10780 --- [main] org.springframework.boot.web.embedded.tomcat.TomcatWebServer : Tomcat started on port(s): 8080 (http) with context path ''
2023-07-19 13:37:31.884  INFO 10780 --- [main] com.dreamchaser.depository_manage.DepositoryManageApplication : Started DepositoryManageApplication in 2.088 seconds (JVM running for 4.039)
2023-07-19 13:37:37.111  INFO 10780 --- [http-nio-8080-exec-1] org.apache.catalina.core.ContainerBase.[Tomcat].[localhost].[/] : Initializing Spring DispatcherServlet 'dispatcherServlet'
2023-07-19 13:37:37.112  INFO 10780 --- [http-nio-8080-exec-1] org.springframework.web.servlet.DispatcherServlet : Initializing Servlet 'dispatcherServlet'
2023-07-19 13:37:37.117  INFO 10780 --- [http-nio-8080-exec-1] org.springframework.web.servlet.DispatcherServlet : Completed initialization in 5 ms
2023-07-19 13:38:07.003  INFO 10780 --- [http-nio-8080-exec-4] com.alibaba.druid.pool.DruidDataSource : {dataSource-1} inited
2023-07-19 13:38:50.278  INFO 10780 --- [SpringContextShutdownHook] org.springframework.scheduling.concurrent.ThreadPoolTaskExecutor : Shutting down ExecutorService 'applicationTaskExecutor'
2023-07-19 13:38:50.281  INFO 10780 --- [SpringContextShutdownHook] com.alibaba.druid.pool.DruidDataSource : {dataSource-1} closed
2023-07-19 13:38:53.477  INFO 9864 --- [main] com.dreamchaser.depository_manage.DepositoryManageApplication : Starting DepositoryManageApplication on queshumin-pc with PID 9864 (C:\Users\queshumin\Desktop\depository_manage-master\target\classes started by queshumin in C:\Users\queshumin\Desktop\depository_manage-master)
2023-07-19 13:38:53.480  INFO 9864 --- [main] com.dreamchaser.depository_manage.DepositoryManageApplication : The following profiles are active: test
2023-07-19 13:38:54.236  INFO 9864 --- [main] org.springframework.boot.web.embedded.tomcat.TomcatWebServer : Tomcat initialized with port(s): 8080 (http)
2023-07-19 13:38:54.247  INFO 9864 --- [main] org.apache.catalina.core.StandardService : Starting service [Tomcat]
2023-07-19 13:38:54.249  INFO 9864 --- [main] org.apache.catalina.core.StandardEngine : Starting Servlet engine: [Apache Tomcat/9.0.41]
2023-07-19 13:38:54.251  INFO 9864 --- [main] org.apache.catalina.core.AprLifecycleListener : Loaded Apache Tomcat Native library [2.0.4] using APR version [1.7.4].
2023-07-19 13:38:54.251  INFO 9864 --- [main] org.apache.catalina.core.AprLifecycleListener : APR capabilities: IPv6 [true], sendfile [true], accept filters [false], random [true].
2023-07-19 13:38:54.251  INFO 9864 --- [main] org.apache.catalina.core.AprLifecycleListener : APR/OpenSSL configuration: useAprConnector [false], useOpenSSL [true]
2023-07-19 13:38:54.255  INFO 9864 --- [main] org.apache.catalina.core.AprLifecycleListener : OpenSSL successfully initialized [OpenSSL 3.0.9 30 May 2023]
2023-07-19 13:38:54.305  INFO 9864 --- [main] org.apache.catalina.core.ContainerBase.[Tomcat].[localhost].[/] : Initializing Spring embedded WebApplicationContext
2023-07-19 13:38:54.305  INFO 9864 --- [main] org.springframework.boot.web.servlet.context.ServletWebServerApplicationContext : Root WebApplicationContext: initialization completed in 792 ms
2023-07-19 13:38:54.694  INFO 9864 --- [main] org.springframework.scheduling.concurrent.ThreadPoolTaskExecutor : Initializing ExecutorService 'applicationTaskExecutor'
2023-07-19 13:38:54.743  INFO 9864 --- [main] org.springframework.boot.autoconfigure.web.servlet.WelcomePageHandlerMapping : Adding welcome page template: index
2023-07-19 13:38:54.864  INFO 9864 --- [main] org.springframework.boot.web.embedded.tomcat.TomcatWebServer : Tomcat started on port(s): 8080 (http) with context path ''
2023-07-19 13:38:54.871  INFO 9864 --- [main] com.dreamchaser.depository_manage.DepositoryManageApplication : Started DepositoryManageApplication in 1.762 seconds (JVM running for 2.187)
2023-07-19 13:39:04.566  INFO 9864 --- [http-nio-8080-exec-1] org.apache.catalina.core.ContainerBase.[Tomcat].[localhost].[/] : Initializing Spring DispatcherServlet 'dispatcherServlet'
2023-07-19 13:39:04.566  INFO 9864 --- [http-nio-8080-exec-1] org.springframework.web.servlet.DispatcherServlet : Initializing Servlet 'dispatcherServlet'
2023-07-19 13:39:04.570  INFO 9864 --- [http-nio-8080-exec-1] org.springframework.web.servlet.DispatcherServlet : Completed initialization in 4 ms
2023-07-19 13:39:06.132  INFO 9864 --- [http-nio-8080-exec-5] com.alibaba.druid.pool.DruidDataSource : {dataSource-1} inited
2023-07-19 13:39:37.195  INFO 9864 --- [SpringContextShutdownHook] org.springframework.scheduling.concurrent.ThreadPoolTaskExecutor : Shutting down ExecutorService 'applicationTaskExecutor'
2023-07-19 13:39:37.197  INFO 9864 --- [SpringContextShutdownHook] com.alibaba.druid.pool.DruidDataSource : {dataSource-1} closed
2023-07-19 13:39:39.220  INFO 9320 --- [main] com.dreamchaser.depository_manage.DepositoryManageApplication : Starting DepositoryManageApplication on queshumin-pc with PID 9320 (C:\Users\queshumin\Desktop\depository_manage-master\target\classes started by queshumin in C:\Users\queshumin\Desktop\depository_manage-master)
2023-07-19 13:39:39.224  INFO 9320 --- [main] com.dreamchaser.depository_manage.DepositoryManageApplication : The following profiles are active: test
2023-07-19 13:39:40.050  INFO 9320 --- [main] org.springframework.boot.web.embedded.tomcat.TomcatWebServer : Tomcat initialized with port(s): 8080 (http)
2023-07-19 13:39:40.056  INFO 9320 --- [main] org.apache.catalina.core.StandardService : Starting service [Tomcat]
2023-07-19 13:39:40.057  INFO 9320 --- [main] org.apache.catalina.core.StandardEngine : Starting Servlet engine: [Apache Tomcat/9.0.41]
2023-07-19 13:39:40.057  INFO 9320 --- [main] org.apache.catalina.core.AprLifecycleListener : Loaded Apache Tomcat Native library [2.0.4] using APR version [1.7.4].
2023-07-19 13:39:40.058  INFO 9320 --- [main] org.apache.catalina.core.AprLifecycleListener : APR capabilities: IPv6 [true], sendfile [true], accept filters [false], random [true].
2023-07-19 13:39:40.058  INFO 9320 --- [main] org.apache.catalina.core.AprLifecycleListener : APR/OpenSSL configuration: useAprConnector [false], useOpenSSL [true]
2023-07-19 13:39:40.061  INFO 9320 --- [main] org.apache.catalina.core.AprLifecycleListener : OpenSSL successfully initialized [OpenSSL 3.0.9 30 May 2023]
2023-07-19 13:39:40.109  INFO 9320 --- [main] org.apache.catalina.core.ContainerBase.[Tomcat].[localhost].[/] : Initializing Spring embedded WebApplicationContext
2023-07-19 13:39:40.109  INFO 9320 --- [main] org.springframework.boot.web.servlet.context.ServletWebServerApplicationContext : Root WebApplicationContext: initialization completed in 808 ms
2023-07-19 13:39:40.509  INFO 9320 --- [main] org.springframework.scheduling.concurrent.ThreadPoolTaskExecutor : Initializing ExecutorService 'applicationTaskExecutor'
2023-07-19 13:39:40.564  INFO 9320 --- [main] org.springframework.boot.autoconfigure.web.servlet.WelcomePageHandlerMapping : Adding welcome page template: index
2023-07-19 13:39:40.689  INFO 9320 --- [main] org.springframework.boot.web.embedded.tomcat.TomcatWebServer : Tomcat started on port(s): 8080 (http) with context path ''
2023-07-19 13:39:40.695  INFO 9320 --- [main] com.dreamchaser.depository_manage.DepositoryManageApplication : Started DepositoryManageApplication in 1.993 seconds (JVM running for 2.574)
2023-07-19 13:39:43.478  INFO 9320 --- [http-nio-8080-exec-1] org.apache.catalina.core.ContainerBase.[Tomcat].[localhost].[/] : Initializing Spring DispatcherServlet 'dispatcherServlet'
2023-07-19 13:39:43.478  INFO 9320 --- [http-nio-8080-exec-1] org.springframework.web.servlet.DispatcherServlet : Initializing Servlet 'dispatcherServlet'
2023-07-19 13:39:43.482  INFO 9320 --- [http-nio-8080-exec-1] org.springframework.web.servlet.DispatcherServlet : Completed initialization in 4 ms
2023-07-19 13:39:44.709  INFO 9320 --- [http-nio-8080-exec-3] com.alibaba.druid.pool.DruidDataSource : {dataSource-1} inited
2023-07-19 13:40:00.552  INFO 9320 --- [SpringContextShutdownHook] org.springframework.scheduling.concurrent.ThreadPoolTaskExecutor : Shutting down ExecutorService 'applicationTaskExecutor'
2023-07-19 13:40:00.552  INFO 9320 --- [SpringContextShutdownHook] com.alibaba.druid.pool.DruidDataSource : {dataSource-1} closed
2023-07-19 13:40:02.651  INFO 11964 --- [main] com.dreamchaser.depository_manage.DepositoryManageApplication : Starting DepositoryManageApplication on queshumin-pc with PID 11964 (C:\Users\queshumin\Desktop\depository_manage-master\target\classes started by queshumin in C:\Users\queshumin\Desktop\depository_manage-master)
2023-07-19 13:40:02.682  INFO 11964 --- [main] com.dreamchaser.depository_manage.DepositoryManageApplication : The following profiles are active: test
2023-07-19 13:40:03.457  INFO 11964 --- [main] org.springframework.boot.web.embedded.tomcat.TomcatWebServer : Tomcat initialized with port(s): 8080 (http)
2023-07-19 13:40:03.473  INFO 11964 --- [main] org.apache.catalina.core.StandardService : Starting service [Tomcat]
2023-07-19 13:40:03.473  INFO 11964 --- [main] org.apache.catalina.core.StandardEngine : Starting Servlet engine: [Apache Tomcat/9.0.41]
2023-07-19 13:40:03.473  INFO 11964 --- [main] org.apache.catalina.core.AprLifecycleListener : Loaded Apache Tomcat Native library [2.0.4] using APR version [1.7.4].
2023-07-19 13:40:03.473  INFO 11964 --- [main] org.apache.catalina.core.AprLifecycleListener : APR capabilities: IPv6 [true], sendfile [true], accept filters [false], random [true].
2023-07-19 13:40:03.473  INFO 11964 --- [main] org.apache.catalina.core.AprLifecycleListener : APR/OpenSSL configuration: useAprConnector [false], useOpenSSL [true]
2023-07-19 13:40:03.473  INFO 11964 --- [main] org.apache.catalina.core.AprLifecycleListener : OpenSSL successfully initialized [OpenSSL 3.0.9 30 May 2023]
2023-07-19 13:40:03.520  INFO 11964 --- [main] org.apache.catalina.core.ContainerBase.[Tomcat].[localhost].[/] : Initializing Spring embedded WebApplicationContext
2023-07-19 13:40:03.520  INFO 11964 --- [main] org.springframework.boot.web.servlet.context.ServletWebServerApplicationContext : Root WebApplicationContext: initialization completed in 774 ms
2023-07-19 13:40:03.910  INFO 11964 --- [main] org.springframework.scheduling.concurrent.ThreadPoolTaskExecutor : Initializing ExecutorService 'applicationTaskExecutor'
2023-07-19 13:40:03.957  INFO 11964 --- [main] org.springframework.boot.autoconfigure.web.servlet.WelcomePageHandlerMapping : Adding welcome page template: index
2023-07-19 13:40:04.080  INFO 11964 --- [main] org.springframework.boot.web.embedded.tomcat.TomcatWebServer : Tomcat started on port(s): 8080 (http) with context path ''
2023-07-19 13:40:04.087  INFO 11964 --- [main] com.dreamchaser.depository_manage.DepositoryManageApplication : Started DepositoryManageApplication in 1.953 seconds (JVM running for 2.502)
2023-07-19 13:40:10.709  INFO 11964 --- [http-nio-8080-exec-1] org.apache.catalina.core.ContainerBase.[Tomcat].[localhost].[/] : Initializing Spring DispatcherServlet 'dispatcherServlet'
2023-07-19 13:40:10.709  INFO 11964 --- [http-nio-8080-exec-1] org.springframework.web.servlet.DispatcherServlet : Initializing Servlet 'dispatcherServlet'
2023-07-19 13:40:10.712  INFO 11964 --- [http-nio-8080-exec-1] org.springframework.web.servlet.DispatcherServlet : Completed initialization in 3 ms
2023-07-19 13:40:11.721  INFO 11964 --- [http-nio-8080-exec-7] com.alibaba.druid.pool.DruidDataSource : {dataSource-1} inited
2023-07-19 13:42:02.569  INFO 11964 --- [SpringContextShutdownHook] org.springframework.scheduling.concurrent.ThreadPoolTaskExecutor : Shutting down ExecutorService 'applicationTaskExecutor'
2023-07-19 13:42:02.572  INFO 11964 --- [SpringContextShutdownHook] com.alibaba.druid.pool.DruidDataSource : {dataSource-1} closed
2023-07-19 13:42:04.540  INFO 9596 --- [main] com.dreamchaser.depository_manage.DepositoryManageApplication : Starting DepositoryManageApplication on queshumin-pc with PID 9596 (C:\Users\queshumin\Desktop\depository_manage-master\target\classes started by queshumin in C:\Users\queshumin\Desktop\depository_manage-master)
2023-07-19 13:42:04.542  INFO 9596 --- [main] com.dreamchaser.depository_manage.DepositoryManageApplication : The following profiles are active: test
2023-07-19 13:42:05.227  INFO 9596 --- [main] org.springframework.boot.web.embedded.tomcat.TomcatWebServer : Tomcat initialized with port(s): 8080 (http)
2023-07-19 13:42:05.234  INFO 9596 --- [main] org.apache.catalina.core.StandardService : Starting service [Tomcat]
2023-07-19 13:42:05.234  INFO 9596 --- [main] org.apache.catalina.core.StandardEngine : Starting Servlet engine: [Apache Tomcat/9.0.41]
2023-07-19 13:42:05.235  INFO 9596 --- [main] org.apache.catalina.core.AprLifecycleListener : Loaded Apache Tomcat Native library [2.0.4] using APR version [1.7.4].
2023-07-19 13:42:05.235  INFO 9596 --- [main] org.apache.catalina.core.AprLifecycleListener : APR capabilities: IPv6 [true], sendfile [true], accept filters [false], random [true].
2023-07-19 13:42:05.235  INFO 9596 --- [main] org.apache.catalina.core.AprLifecycleListener : APR/OpenSSL configuration: useAprConnector [false], useOpenSSL [true]
2023-07-19 13:42:05.238  INFO 9596 --- [main] org.apache.catalina.core.AprLifecycleListener : OpenSSL successfully initialized [OpenSSL 3.0.9 30 May 2023]
2023-07-19 13:42:05.287  INFO 9596 --- [main] org.apache.catalina.core.ContainerBase.[Tomcat].[localhost].[/] : Initializing Spring embedded WebApplicationContext
2023-07-19 13:42:05.287  INFO 9596 --- [main] org.springframework.boot.web.servlet.context.ServletWebServerApplicationContext : Root WebApplicationContext: initialization completed in 712 ms
2023-07-19 13:42:05.672  INFO 9596 --- [main] org.springframework.scheduling.concurrent.ThreadPoolTaskExecutor : Initializing ExecutorService 'applicationTaskExecutor'
2023-07-19 13:42:05.721  INFO 9596 --- [main] org.springframework.boot.autoconfigure.web.servlet.WelcomePageHandlerMapping : Adding welcome page template: index
2023-07-19 13:42:05.897  INFO 9596 --- [main] org.springframework.boot.web.embedded.tomcat.TomcatWebServer : Tomcat started on port(s): 8080 (http) with context path ''
2023-07-19 13:42:05.905  INFO 9596 --- [main] com.dreamchaser.depository_manage.DepositoryManageApplication : Started DepositoryManageApplication in 1.695 seconds (JVM running for 2.354)
2023-07-19 13:42:18.637  INFO 9596 --- [http-nio-8080-exec-1] org.apache.catalina.core.ContainerBase.[Tomcat].[localhost].[/] : Initializing Spring DispatcherServlet 'dispatcherServlet'
2023-07-19 13:42:18.638  INFO 9596 --- [http-nio-8080-exec-1] org.springframework.web.servlet.DispatcherServlet : Initializing Servlet 'dispatcherServlet'
2023-07-19 13:42:18.641  INFO 9596 --- [http-nio-8080-exec-1] org.springframework.web.servlet.DispatcherServlet : Completed initialization in 3 ms
2023-07-19 13:42:19.764  INFO 9596 --- [http-nio-8080-exec-8] com.alibaba.druid.pool.DruidDataSource : {dataSource-1} inited
2023-07-19 13:44:21.612  INFO 9596 --- [SpringContextShutdownHook] org.springframework.scheduling.concurrent.ThreadPoolTaskExecutor : Shutting down ExecutorService 'applicationTaskExecutor'
2023-07-19 13:44:21.615  INFO 9596 --- [SpringContextShutdownHook] com.alibaba.druid.pool.DruidDataSource : {dataSource-1} closed
2023-07-19 13:44:23.512  INFO 10060 --- [main] com.dreamchaser.depository_manage.DepositoryManageApplication : Starting DepositoryManageApplication on queshumin-pc with PID 10060 (C:\Users\queshumin\Desktop\depository_manage-master\target\classes started by queshumin in C:\Users\queshumin\Desktop\depository_manage-master)
2023-07-19 13:44:23.514  INFO 10060 --- [main] com.dreamchaser.depository_manage.DepositoryManageApplication : The following profiles are active: test
2023-07-19 13:44:24.223  INFO 10060 --- [main] org.springframework.boot.web.embedded.tomcat.TomcatWebServer : Tomcat initialized with port(s): 8080 (http)
2023-07-19 13:44:24.230  INFO 10060 --- [main] org.apache.catalina.core.StandardService : Starting service [Tomcat]
2023-07-19 13:44:24.230  INFO 10060 --- [main] org.apache.catalina.core.StandardEngine : Starting Servlet engine: [Apache Tomcat/9.0.41]
2023-07-19 13:44:24.231  INFO 10060 --- [main] org.apache.catalina.core.AprLifecycleListener : Loaded Apache Tomcat Native library [2.0.4] using APR version [1.7.4].
2023-07-19 13:44:24.232  INFO 10060 --- [main] org.apache.catalina.core.AprLifecycleListener : APR capabilities: IPv6 [true], sendfile [true], accept filters [false], random [true].
2023-07-19 13:44:24.232  INFO 10060 --- [main] org.apache.catalina.core.AprLifecycleListener : APR/OpenSSL configuration: useAprConnector [false], useOpenSSL [true]
2023-07-19 13:44:24.235  INFO 10060 --- [main] org.apache.catalina.core.AprLifecycleListener : OpenSSL successfully initialized [OpenSSL 3.0.9 30 May 2023]
2023-07-19 13:44:24.286  INFO 10060 --- [main] org.apache.catalina.core.ContainerBase.[Tomcat].[localhost].[/] : Initializing Spring embedded WebApplicationContext
2023-07-19 13:44:24.286  INFO 10060 --- [main] org.springframework.boot.web.servlet.context.ServletWebServerApplicationContext : Root WebApplicationContext: initialization completed in 742 ms
2023-07-19 13:44:24.674  INFO 10060 --- [main] org.springframework.scheduling.concurrent.ThreadPoolTaskExecutor : Initializing ExecutorService 'applicationTaskExecutor'
2023-07-19 13:44:24.727  INFO 10060 --- [main] org.springframework.boot.autoconfigure.web.servlet.WelcomePageHandlerMapping : Adding welcome page template: index
2023-07-19 13:44:24.854  INFO 10060 --- [main] org.springframework.boot.web.embedded.tomcat.TomcatWebServer : Tomcat started on port(s): 8080 (http) with context path ''
2023-07-19 13:44:24.861  INFO 10060 --- [main] com.dreamchaser.depository_manage.DepositoryManageApplication : Started DepositoryManageApplication in 1.704 seconds (JVM running for 2.288)
2023-07-19 13:44:32.047  INFO 10060 --- [http-nio-8080-exec-1] org.apache.catalina.core.ContainerBase.[Tomcat].[localhost].[/] : Initializing Spring DispatcherServlet 'dispatcherServlet'
2023-07-19 13:44:32.048  INFO 10060 --- [http-nio-8080-exec-1] org.springframework.web.servlet.DispatcherServlet : Initializing Servlet 'dispatcherServlet'
2023-07-19 13:44:32.051  INFO 10060 --- [http-nio-8080-exec-1] org.springframework.web.servlet.DispatcherServlet : Completed initialization in 3 ms
2023-07-19 13:44:32.871  INFO 10060 --- [http-nio-8080-exec-4] com.alibaba.druid.pool.DruidDataSource : {dataSource-1} inited
2023-07-19 13:44:55.151  INFO 10060 --- [SpringContextShutdownHook] org.springframework.scheduling.concurrent.ThreadPoolTaskExecutor : Shutting down ExecutorService 'applicationTaskExecutor'
2023-07-19 13:44:55.153  INFO 10060 --- [SpringContextShutdownHook] com.alibaba.druid.pool.DruidDataSource : {dataSource-1} closed
2023-07-19 13:44:56.946  INFO 10280 --- [main] com.dreamchaser.depository_manage.DepositoryManageApplication : Starting DepositoryManageApplication on queshumin-pc with PID 10280 (C:\Users\queshumin\Desktop\depository_manage-master\target\classes started by queshumin in C:\Users\queshumin\Desktop\depository_manage-master)
2023-07-19 13:44:56.948  INFO 10280 --- [main] com.dreamchaser.depository_manage.DepositoryManageApplication : The following profiles are active: test
2023-07-19 13:44:57.630  INFO 10280 --- [main] org.springframework.boot.web.embedded.tomcat.TomcatWebServer : Tomcat initialized with port(s): 8080 (http)
2023-07-19 13:44:57.636  INFO 10280 --- [main] org.apache.catalina.core.StandardService : Starting service [Tomcat]
2023-07-19 13:44:57.637  INFO 10280 --- [main] org.apache.catalina.core.StandardEngine : Starting Servlet engine: [Apache Tomcat/9.0.41]
2023-07-19 13:44:57.637  INFO 10280 --- [main] org.apache.catalina.core.AprLifecycleListener : Loaded Apache Tomcat Native library [2.0.4] using APR version [1.7.4].
2023-07-19 13:44:57.638  INFO 10280 --- [main] org.apache.catalina.core.AprLifecycleListener : APR capabilities: IPv6 [true], sendfile [true], accept filters [false], random [true].
2023-07-19 13:44:57.638  INFO 10280 --- [main] org.apache.catalina.core.AprLifecycleListener : APR/OpenSSL configuration: useAprConnector [false], useOpenSSL [true]
2023-07-19 13:44:57.641  INFO 10280 --- [main] org.apache.catalina.core.AprLifecycleListener : OpenSSL successfully initialized [OpenSSL 3.0.9 30 May 2023]
2023-07-19 13:44:57.691  INFO 10280 --- [main] org.apache.catalina.core.ContainerBase.[Tomcat].[localhost].[/] : Initializing Spring embedded WebApplicationContext
2023-07-19 13:44:57.692  INFO 10280 --- [main] org.springframework.boot.web.servlet.context.ServletWebServerApplicationContext : Root WebApplicationContext: initialization completed in 712 ms
2023-07-19 13:44:58.081  INFO 10280 --- [main] org.springframework.scheduling.concurrent.ThreadPoolTaskExecutor : Initializing ExecutorService 'applicationTaskExecutor'
2023-07-19 13:44:58.129  INFO 10280 --- [main] org.springframework.boot.autoconfigure.web.servlet.WelcomePageHandlerMapping : Adding welcome page template: index
2023-07-19 13:44:58.254  INFO 10280 --- [main] org.springframework.boot.web.embedded.tomcat.TomcatWebServer : Tomcat started on port(s): 8080 (http) with context path ''
2023-07-19 13:44:58.261  INFO 10280 --- [main] com.dreamchaser.depository_manage.DepositoryManageApplication : Started DepositoryManageApplication in 1.656 seconds (JVM running for 2.199)
2023-07-19 13:45:01.571  INFO 10280 --- [http-nio-8080-exec-1] org.apache.catalina.core.ContainerBase.[Tomcat].[localhost].[/] : Initializing Spring DispatcherServlet 'dispatcherServlet'
2023-07-19 13:45:01.572  INFO 10280 --- [http-nio-8080-exec-1] org.springframework.web.servlet.DispatcherServlet : Initializing Servlet 'dispatcherServlet'
2023-07-19 13:45:01.576  INFO 10280 --- [http-nio-8080-exec-1] org.springframework.web.servlet.DispatcherServlet : Completed initialization in 4 ms
2023-07-19 13:45:02.666  INFO 10280 --- [http-nio-8080-exec-5] com.alibaba.druid.pool.DruidDataSource : {dataSource-1} inited
2023-07-19 13:46:41.043  INFO 10280 --- [SpringContextShutdownHook] org.springframework.scheduling.concurrent.ThreadPoolTaskExecutor : Shutting down ExecutorService 'applicationTaskExecutor'
2023-07-19 13:46:41.045  INFO 10280 --- [SpringContextShutdownHook] com.alibaba.druid.pool.DruidDataSource : {dataSource-1} closed
2023-07-19 13:46:42.861  INFO 3548 --- [main] com.dreamchaser.depository_manage.DepositoryManageApplication : Starting DepositoryManageApplication on queshumin-pc with PID 3548 (C:\Users\queshumin\Desktop\depository_manage-master\target\classes started by queshumin in C:\Users\queshumin\Desktop\depository_manage-master)
2023-07-19 13:46:42.864  INFO 3548 --- [main] com.dreamchaser.depository_manage.DepositoryManageApplication : The following profiles are active: test
2023-07-19 13:46:43.558  INFO 3548 --- [main] org.springframework.boot.web.embedded.tomcat.TomcatWebServer : Tomcat initialized with port(s): 8080 (http)
2023-07-19 13:46:43.565  INFO 3548 --- [main] org.apache.catalina.core.StandardService : Starting service [Tomcat]
2023-07-19 13:46:43.565  INFO 3548 --- [main] org.apache.catalina.core.StandardEngine : Starting Servlet engine: [Apache Tomcat/9.0.41]
2023-07-19 13:46:43.566  INFO 3548 --- [main] org.apache.catalina.core.AprLifecycleListener : Loaded Apache Tomcat Native library [2.0.4] using APR version [1.7.4].
2023-07-19 13:46:43.566  INFO 3548 --- [main] org.apache.catalina.core.AprLifecycleListener : APR capabilities: IPv6 [true], sendfile [true], accept filters [false], random [true].
2023-07-19 13:46:43.566  INFO 3548 --- [main] org.apache.catalina.core.AprLifecycleListener : APR/OpenSSL configuration: useAprConnector [false], useOpenSSL [true]
2023-07-19 13:46:43.569  INFO 3548 --- [main] org.apache.catalina.core.AprLifecycleListener : OpenSSL successfully initialized [OpenSSL 3.0.9 30 May 2023]
2023-07-19 13:46:43.617  INFO 3548 --- [main] org.apache.catalina.core.ContainerBase.[Tomcat].[localhost].[/] : Initializing Spring embedded WebApplicationContext
2023-07-19 13:46:43.617  INFO 3548 --- [main] org.springframework.boot.web.servlet.context.ServletWebServerApplicationContext : Root WebApplicationContext: initialization completed in 721 ms
2023-07-19 13:46:44.008  INFO 3548 --- [main] org.springframework.scheduling.concurrent.ThreadPoolTaskExecutor : Initializing ExecutorService 'applicationTaskExecutor'
2023-07-19 13:46:44.060  INFO 3548 --- [main] org.springframework.boot.autoconfigure.web.servlet.WelcomePageHandlerMapping : Adding welcome page template: index
2023-07-19 13:46:44.191  INFO 3548 --- [main] org.springframework.boot.web.embedded.tomcat.TomcatWebServer : Tomcat started on port(s): 8080 (http) with context path ''
2023-07-19 13:46:44.201  INFO 3548 --- [main] com.dreamchaser.depository_manage.DepositoryManageApplication : Started DepositoryManageApplication in 1.687 seconds (JVM running for 2.259)
2023-07-19 13:46:48.686  INFO 3548 --- [http-nio-8080-exec-1] org.apache.catalina.core.ContainerBase.[Tomcat].[localhost].[/] : Initializing Spring DispatcherServlet 'dispatcherServlet'
2023-07-19 13:46:48.686  INFO 3548 --- [http-nio-8080-exec-1] org.springframework.web.servlet.DispatcherServlet : Initializing Servlet 'dispatcherServlet'
2023-07-19 13:46:48.690  INFO 3548 --- [http-nio-8080-exec-1] org.springframework.web.servlet.DispatcherServlet : Completed initialization in 4 ms
2023-07-19 13:46:56.046  INFO 3548 --- [http-nio-8080-exec-1] com.alibaba.druid.pool.DruidDataSource : {dataSource-1} inited
2023-07-19 13:48:40.236  INFO 3548 --- [SpringContextShutdownHook] org.springframework.scheduling.concurrent.ThreadPoolTaskExecutor : Shutting down ExecutorService 'applicationTaskExecutor'
2023-07-19 13:48:40.238  INFO 3548 --- [SpringContextShutdownHook] com.alibaba.druid.pool.DruidDataSource : {dataSource-1} closed
2023-07-19 13:48:42.138  INFO 8952 --- [main] com.dreamchaser.depository_manage.DepositoryManageApplication : Starting DepositoryManageApplication on queshumin-pc with PID 8952 (C:\Users\queshumin\Desktop\depository_manage-master\target\classes started by queshumin in C:\Users\queshumin\Desktop\depository_manage-master)
2023-07-19 13:48:42.138  INFO 8952 --- [main] com.dreamchaser.depository_manage.DepositoryManageApplication : The following profiles are active: test
2023-07-19 13:48:42.873  INFO 8952 --- [main] org.springframework.boot.web.embedded.tomcat.TomcatWebServer : Tomcat initialized with port(s): 8080 (http)
2023-07-19 13:48:42.879  INFO 8952 --- [main] org.apache.catalina.core.StandardService : Starting service [Tomcat]
2023-07-19 13:48:42.880  INFO 8952 --- [main] org.apache.catalina.core.StandardEngine : Starting Servlet engine: [Apache Tomcat/9.0.41]
2023-07-19 13:48:42.881  INFO 8952 --- [main] org.apache.catalina.core.AprLifecycleListener : Loaded Apache Tomcat Native library [2.0.4] using APR version [1.7.4].
2023-07-19 13:48:42.881  INFO 8952 --- [main] org.apache.catalina.core.AprLifecycleListener : APR capabilities: IPv6 [true], sendfile [true], accept filters [false], random [true].
2023-07-19 13:48:42.881  INFO 8952 --- [main] org.apache.catalina.core.AprLifecycleListener : APR/OpenSSL configuration: useAprConnector [false], useOpenSSL [true]
2023-07-19 13:48:42.884  INFO 8952 --- [main] org.apache.catalina.core.AprLifecycleListener : OpenSSL successfully initialized [OpenSSL 3.0.9 30 May 2023]
2023-07-19 13:48:42.933  INFO 8952 --- [main] org.apache.catalina.core.ContainerBase.[Tomcat].[localhost].[/] : Initializing Spring embedded WebApplicationContext
2023-07-19 13:48:42.933  INFO 8952 --- [main] org.springframework.boot.web.servlet.context.ServletWebServerApplicationContext : Root WebApplicationContext: initialization completed in 755 ms
2023-07-19 13:48:43.308  INFO 8952 --- [main] org.springframework.scheduling.concurrent.ThreadPoolTaskExecutor : Initializing ExecutorService 'applicationTaskExecutor'
2023-07-19 13:48:43.356  INFO 8952 --- [main] org.springframework.boot.autoconfigure.web.servlet.WelcomePageHandlerMapping : Adding welcome page template: index
2023-07-19 13:48:43.476  INFO 8952 --- [main] org.springframework.boot.web.embedded.tomcat.TomcatWebServer : Tomcat started on port(s): 8080 (http) with context path ''
2023-07-19 13:48:43.483  INFO 8952 --- [main] com.dreamchaser.depository_manage.DepositoryManageApplication : Started DepositoryManageApplication in 1.681 seconds (JVM running for 2.291)
2023-07-19 13:48:53.075  INFO 8952 --- [http-nio-8080-exec-1] org.apache.catalina.core.ContainerBase.[Tomcat].[localhost].[/] : Initializing Spring DispatcherServlet 'dispatcherServlet'
2023-07-19 13:48:53.075  INFO 8952 --- [http-nio-8080-exec-1] org.springframework.web.servlet.DispatcherServlet : Initializing Servlet 'dispatcherServlet'
2023-07-19 13:48:53.080  INFO 8952 --- [http-nio-8080-exec-1] org.springframework.web.servlet.DispatcherServlet : Completed initialization in 5 ms
2023-07-19 13:48:54.206  INFO 8952 --- [http-nio-8080-exec-3] com.alibaba.druid.pool.DruidDataSource : {dataSource-1} inited
2023-07-19 16:04:33.330  INFO 8952 --- [SpringContextShutdownHook] org.springframework.scheduling.concurrent.ThreadPoolTaskExecutor : Shutting down ExecutorService 'applicationTaskExecutor'
2023-07-19 16:04:33.332  INFO 8952 --- [SpringContextShutdownHook] com.alibaba.druid.pool.DruidDataSource : {dataSource-1} closed
2023-07-19 16:04:36.220  INFO 11108 --- [main] com.dreamchaser.depository_manage.DepositoryManageApplication : Starting DepositoryManageApplication on queshumin-pc with PID 11108 (C:\Users\queshumin\Desktop\depository_manage-master\target\classes started by queshumin in C:\Users\queshumin\Desktop\depository_manage-master)
2023-07-19 16:04:36.222  INFO 11108 --- [main] com.dreamchaser.depository_manage.DepositoryManageApplication : The following profiles are active: test
2023-07-19 16:04:36.927  INFO 11108 --- [main] org.springframework.boot.web.embedded.tomcat.TomcatWebServer : Tomcat initialized with port(s): 8080 (http)
2023-07-19 16:04:36.934  INFO 11108 --- [main] org.apache.catalina.core.StandardService : Starting service [Tomcat]
2023-07-19 16:04:36.934  INFO 11108 --- [main] org.apache.catalina.core.StandardEngine : Starting Servlet engine: [Apache Tomcat/9.0.41]
2023-07-19 16:04:36.935  INFO 11108 --- [main] org.apache.catalina.core.AprLifecycleListener : Loaded Apache Tomcat Native library [2.0.4] using APR version [1.7.4].
2023-07-19 16:04:36.935  INFO 11108 --- [main] org.apache.catalina.core.AprLifecycleListener : APR capabilities: IPv6 [true], sendfile [true], accept filters [false], random [true].
2023-07-19 16:04:36.935  INFO 11108 --- [main] org.apache.catalina.core.AprLifecycleListener : APR/OpenSSL configuration: useAprConnector [false], useOpenSSL [true]
2023-07-19 16:04:36.938  INFO 11108 --- [main] org.apache.catalina.core.AprLifecycleListener : OpenSSL successfully initialized [OpenSSL 3.0.9 30 May 2023]
2023-07-19 16:04:36.988  INFO 11108 --- [main] org.apache.catalina.core.ContainerBase.[Tomcat].[localhost].[/] : Initializing Spring embedded WebApplicationContext
2023-07-19 16:04:36.988  INFO 11108 --- [main] org.springframework.boot.web.servlet.context.ServletWebServerApplicationContext : Root WebApplicationContext: initialization completed in 733 ms
2023-07-19 16:04:37.388  INFO 11108 --- [main] org.springframework.scheduling.concurrent.ThreadPoolTaskExecutor : Initializing ExecutorService 'applicationTaskExecutor'
2023-07-19 16:04:37.444  INFO 11108 --- [main] org.springframework.boot.autoconfigure.web.servlet.WelcomePageHandlerMapping : Adding welcome page template: index
2023-07-19 16:04:37.568  INFO 11108 --- [main] org.springframework.boot.web.embedded.tomcat.TomcatWebServer : Tomcat started on port(s): 8080 (http) with context path ''
2023-07-19 16:04:37.575  INFO 11108 --- [main] com.dreamchaser.depository_manage.DepositoryManageApplication : Started DepositoryManageApplication in 1.712 seconds (JVM running for 2.093)
2023-07-19 16:04:43.415  INFO 11108 --- [http-nio-8080-exec-1] org.apache.catalina.core.ContainerBase.[Tomcat].[localhost].[/] : Initializing Spring DispatcherServlet 'dispatcherServlet'
2023-07-19 16:04:43.416  INFO 11108 --- [http-nio-8080-exec-1] org.springframework.web.servlet.DispatcherServlet : Initializing Servlet 'dispatcherServlet'
2023-07-19 16:04:43.420  INFO 11108 --- [http-nio-8080-exec-1] org.springframework.web.servlet.DispatcherServlet : Completed initialization in 4 ms
2023-07-19 16:04:44.427  INFO 11108 --- [http-nio-8080-exec-4] com.alibaba.druid.pool.DruidDataSource : {dataSource-1} inited
2023-07-19 16:05:11.403  INFO 11108 --- [SpringContextShutdownHook] org.springframework.scheduling.concurrent.ThreadPoolTaskExecutor : Shutting down ExecutorService 'applicationTaskExecutor'
2023-07-19 16:05:11.406  INFO 11108 --- [SpringContextShutdownHook] com.alibaba.druid.pool.DruidDataSource : {dataSource-1} closed
2023-07-19 16:05:13.184  INFO 6792 --- [main] com.dreamchaser.depository_manage.DepositoryManageApplication : Starting DepositoryManageApplication on queshumin-pc with PID 6792 (C:\Users\queshumin\Desktop\depository_manage-master\target\classes started by queshumin in C:\Users\queshumin\Desktop\depository_manage-master)
2023-07-19 16:05:13.187  INFO 6792 --- [main] com.dreamchaser.depository_manage.DepositoryManageApplication : The following profiles are active: test
2023-07-19 16:05:13.884  INFO 6792 --- [main] org.springframework.boot.web.embedded.tomcat.TomcatWebServer : Tomcat initialized with port(s): 8080 (http)
2023-07-19 16:05:13.890  INFO 6792 --- [main] org.apache.catalina.core.StandardService : Starting service [Tomcat]
2023-07-19 16:05:13.891  INFO 6792 --- [main] org.apache.catalina.core.StandardEngine : Starting Servlet engine: [Apache Tomcat/9.0.41]
2023-07-19 16:05:13.891  INFO 6792 --- [main] org.apache.catalina.core.AprLifecycleListener : Loaded Apache Tomcat Native library [2.0.4] using APR version [1.7.4].
2023-07-19 16:05:13.891  INFO 6792 --- [main] org.apache.catalina.core.AprLifecycleListener : APR capabilities: IPv6 [true], sendfile [true], accept filters [false], random [true].
2023-07-19 16:05:13.892  INFO 6792 --- [main] org.apache.catalina.core.AprLifecycleListener : APR/OpenSSL configuration: useAprConnector [false], useOpenSSL [true]
2023-07-19 16:05:13.895  INFO 6792 --- [main] org.apache.catalina.core.AprLifecycleListener : OpenSSL successfully initialized [OpenSSL 3.0.9 30 May 2023]
2023-07-19 16:05:13.945  INFO 6792 --- [main] org.apache.catalina.core.ContainerBase.[Tomcat].[localhost].[/] : Initializing Spring embedded WebApplicationContext
2023-07-19 16:05:13.945  INFO 6792 --- [main] org.springframework.boot.web.servlet.context.ServletWebServerApplicationContext : Root WebApplicationContext: initialization completed in 729 ms
2023-07-19 16:05:14.319  INFO 6792 --- [main] org.springframework.scheduling.concurrent.ThreadPoolTaskExecutor : Initializing ExecutorService 'applicationTaskExecutor'
2023-07-19 16:05:14.374  INFO 6792 --- [main] org.springframework.boot.autoconfigure.web.servlet.WelcomePageHandlerMapping : Adding welcome page template: index
2023-07-19 16:05:14.501  INFO 6792 --- [main] org.springframework.boot.web.embedded.tomcat.TomcatWebServer : Tomcat started on port(s): 8080 (http) with context path ''
2023-07-19 16:05:14.508  INFO 6792 --- [main] com.dreamchaser.depository_manage.DepositoryManageApplication : Started DepositoryManageApplication in 1.672 seconds (JVM running for 2.183)
2023-07-19 16:09:18.515  INFO 6792 --- [SpringContextShutdownHook] org.springframework.scheduling.concurrent.ThreadPoolTaskExecutor : Shutting down ExecutorService 'applicationTaskExecutor'
2023-07-19 16:09:20.226  INFO 9112 --- [main] com.dreamchaser.depository_manage.DepositoryManageApplication : Starting DepositoryManageApplication on queshumin-pc with PID 9112 (C:\Users\queshumin\Desktop\depository_manage-master\target\classes started by queshumin in C:\Users\queshumin\Desktop\depository_manage-master)
2023-07-19 16:09:20.228  INFO 9112 --- [main] com.dreamchaser.depository_manage.DepositoryManageApplication : The following profiles are active: test
2023-07-19 16:09:20.915  INFO 9112 --- [main] org.springframework.boot.web.embedded.tomcat.TomcatWebServer : Tomcat initialized with port(s): 8080 (http)
2023-07-19 16:09:20.923  INFO 9112 --- [main] org.apache.catalina.core.StandardService : Starting service [Tomcat]
2023-07-19 16:09:20.923  INFO 9112 --- [main] org.apache.catalina.core.StandardEngine : Starting Servlet engine: [Apache Tomcat/9.0.41]
2023-07-19 16:09:20.923  INFO 9112 --- [main] org.apache.catalina.core.AprLifecycleListener : Loaded Apache Tomcat Native library [2.0.4] using APR version [1.7.4].
2023-07-19 16:09:20.923  INFO 9112 --- [main] org.apache.catalina.core.AprLifecycleListener : APR capabilities: IPv6 [true], sendfile [true], accept filters [false], random [true].
2023-07-19 16:09:20.923  INFO 9112 --- [main] org.apache.catalina.core.AprLifecycleListener : APR/OpenSSL configuration: useAprConnector [false], useOpenSSL [true]
2023-07-19 16:09:20.926  INFO 9112 --- [main] org.apache.catalina.core.AprLifecycleListener : OpenSSL successfully initialized [OpenSSL 3.0.9 30 May 2023]
2023-07-19 16:09:20.976  INFO 9112 --- [main] org.apache.catalina.core.ContainerBase.[Tomcat].[localhost].[/] : Initializing Spring embedded WebApplicationContext
2023-07-19 16:09:20.977  INFO 9112 --- [main] org.springframework.boot.web.servlet.context.ServletWebServerApplicationContext : Root WebApplicationContext: initialization completed in 718 ms
2023-07-19 16:09:21.355  INFO 9112 --- [main] org.springframework.scheduling.concurrent.ThreadPoolTaskExecutor : Initializing ExecutorService 'applicationTaskExecutor'
2023-07-19 16:09:21.405  INFO 9112 --- [main] org.springframework.boot.autoconfigure.web.servlet.WelcomePageHandlerMapping : Adding welcome page template: index
2023-07-19 16:09:21.526  INFO 9112 --- [main] org.springframework.boot.web.embedded.tomcat.TomcatWebServer : Tomcat started on port(s): 8080 (http) with context path ''
2023-07-19 16:09:21.534  INFO 9112 --- [main] com.dreamchaser.depository_manage.DepositoryManageApplication : Started DepositoryManageApplication in 1.648 seconds (JVM running for 2.173)
2023-07-19 16:09:23.757  INFO 9112 --- [http-nio-8080-exec-1] org.apache.catalina.core.ContainerBase.[Tomcat].[localhost].[/] : Initializing Spring DispatcherServlet 'dispatcherServlet'
2023-07-19 16:09:23.757  INFO 9112 --- [http-nio-8080-exec-1] org.springframework.web.servlet.DispatcherServlet : Initializing Servlet 'dispatcherServlet'
2023-07-19 16:09:23.761  INFO 9112 --- [http-nio-8080-exec-1] org.springframework.web.servlet.DispatcherServlet : Completed initialization in 4 ms
2023-07-19 16:09:25.243  INFO 9112 --- [http-nio-8080-exec-3] com.alibaba.druid.pool.DruidDataSource : {dataSource-1} inited
2023-07-19 16:17:39.111  INFO 9112 --- [SpringContextShutdownHook] org.springframework.scheduling.concurrent.ThreadPoolTaskExecutor : Shutting down ExecutorService 'applicationTaskExecutor'
2023-07-19 16:17:39.114  INFO 9112 --- [SpringContextShutdownHook] com.alibaba.druid.pool.DruidDataSource : {dataSource-1} closed
2023-07-19 16:17:42.191  INFO 13036 --- [main] com.dreamchaser.depository_manage.DepositoryManageApplication : Starting DepositoryManageApplication on queshumin-pc with PID 13036 (C:\Users\queshumin\Desktop\depository_manage-master\target\classes started by queshumin in C:\Users\queshumin\Desktop\depository_manage-master)
2023-07-19 16:17:42.194  INFO 13036 --- [main] com.dreamchaser.depository_manage.DepositoryManageApplication : The following profiles are active: test
2023-07-19 16:17:42.873  INFO 13036 --- [main] org.springframework.boot.web.embedded.tomcat.TomcatWebServer : Tomcat initialized with port(s): 8080 (http)
2023-07-19 16:17:42.881  INFO 13036 --- [main] org.apache.catalina.core.StandardService : Starting service [Tomcat]
2023-07-19 16:17:42.881  INFO 13036 --- [main] org.apache.catalina.core.StandardEngine : Starting Servlet engine: [Apache Tomcat/9.0.41]
2023-07-19 16:17:42.882  INFO 13036 --- [main] org.apache.catalina.core.AprLifecycleListener : Loaded Apache Tomcat Native library [2.0.4] using APR version [1.7.4].
2023-07-19 16:17:42.882  INFO 13036 --- [main] org.apache.catalina.core.AprLifecycleListener : APR capabilities: IPv6 [true], sendfile [true], accept filters [false], random [true].
2023-07-19 16:17:42.882  INFO 13036 --- [main] org.apache.catalina.core.AprLifecycleListener : APR/OpenSSL configuration: useAprConnector [false], useOpenSSL [true]
2023-07-19 16:17:42.885  INFO 13036 --- [main] org.apache.catalina.core.AprLifecycleListener : OpenSSL successfully initialized [OpenSSL 3.0.9 30 May 2023]
2023-07-19 16:17:42.935  INFO 13036 --- [main] org.apache.catalina.core.ContainerBase.[Tomcat].[localhost].[/] : Initializing Spring embedded WebApplicationContext
2023-07-19 16:17:42.935  INFO 13036 --- [main] org.springframework.boot.web.servlet.context.ServletWebServerApplicationContext : Root WebApplicationContext: initialization completed in 709 ms
2023-07-19 16:17:43.312  INFO 13036 --- [main] org.springframework.scheduling.concurrent.ThreadPoolTaskExecutor : Initializing ExecutorService 'applicationTaskExecutor'
2023-07-19 16:17:43.361  INFO 13036 --- [main] org.springframework.boot.autoconfigure.web.servlet.WelcomePageHandlerMapping : Adding welcome page template: index
2023-07-19 16:17:43.486  INFO 13036 --- [main] org.springframework.boot.web.embedded.tomcat.TomcatWebServer : Tomcat started on port(s): 8080 (http) with context path ''
2023-07-19 16:17:43.493  INFO 13036 --- [main] com.dreamchaser.depository_manage.DepositoryManageApplication : Started DepositoryManageApplication in 1.66 seconds (JVM running for 2.058)
2023-07-19 16:17:49.876  INFO 13036 --- [http-nio-8080-exec-1] org.apache.catalina.core.ContainerBase.[Tomcat].[localhost].[/] : Initializing Spring DispatcherServlet 'dispatcherServlet'
2023-07-19 16:17:49.876  INFO 13036 --- [http-nio-8080-exec-1] org.springframework.web.servlet.DispatcherServlet : Initializing Servlet 'dispatcherServlet'
2023-07-19 16:17:49.881  INFO 13036 --- [http-nio-8080-exec-1] org.springframework.web.servlet.DispatcherServlet : Completed initialization in 4 ms
2023-07-19 16:17:50.855  INFO 13036 --- [http-nio-8080-exec-6] com.alibaba.druid.pool.DruidDataSource : {dataSource-1} inited
2023-07-19 16:22:12.149  INFO 13036 --- [SpringContextShutdownHook] org.springframework.scheduling.concurrent.ThreadPoolTaskExecutor : Shutting down ExecutorService 'applicationTaskExecutor'
2023-07-19 16:22:12.152  INFO 13036 --- [SpringContextShutdownHook] com.alibaba.druid.pool.DruidDataSource : {dataSource-1} closed
2023-07-19 16:22:15.097  INFO 9260 --- [main] com.dreamchaser.depository_manage.DepositoryManageApplication : Starting DepositoryManageApplication on queshumin-pc with PID 9260 (C:\Users\queshumin\Desktop\depository_manage-master\target\classes started by queshumin in C:\Users\queshumin\Desktop\depository_manage-master)
2023-07-19 16:22:15.100  INFO 9260 --- [main] com.dreamchaser.depository_manage.DepositoryManageApplication : The following profiles are active: test
2023-07-19 16:22:15.796  INFO 9260 --- [main] org.springframework.boot.web.embedded.tomcat.TomcatWebServer : Tomcat initialized with port(s): 8080 (http)
2023-07-19 16:22:15.803  INFO 9260 --- [main] org.apache.catalina.core.StandardService : Starting service [Tomcat]
2023-07-19 16:22:15.803  INFO 9260 --- [main] org.apache.catalina.core.StandardEngine : Starting Servlet engine: [Apache Tomcat/9.0.41]
2023-07-19 16:22:15.804  INFO 9260 --- [main] org.apache.catalina.core.AprLifecycleListener : Loaded Apache Tomcat Native library [2.0.4] using APR version [1.7.4].
2023-07-19 16:22:15.804  INFO 9260 --- [main] org.apache.catalina.core.AprLifecycleListener : APR capabilities: IPv6 [true], sendfile [true], accept filters [false], random [true].
2023-07-19 16:22:15.804  INFO 9260 --- [main] org.apache.catalina.core.AprLifecycleListener : APR/OpenSSL configuration: useAprConnector [false], useOpenSSL [true]
2023-07-19 16:22:15.807  INFO 9260 --- [main] org.apache.catalina.core.AprLifecycleListener : OpenSSL successfully initialized [OpenSSL 3.0.9 30 May 2023]
2023-07-19 16:22:15.859  INFO 9260 --- [main] org.apache.catalina.core.ContainerBase.[Tomcat].[localhost].[/] : Initializing Spring embedded WebApplicationContext
2023-07-19 16:22:15.860  INFO 9260 --- [main] org.springframework.boot.web.servlet.context.ServletWebServerApplicationContext : Root WebApplicationContext: initialization completed in 728 ms
2023-07-19 16:22:16.241  INFO 9260 --- [main] org.springframework.scheduling.concurrent.ThreadPoolTaskExecutor : Initializing ExecutorService 'applicationTaskExecutor'
2023-07-19 16:22:16.292  INFO 9260 --- [main] org.springframework.boot.autoconfigure.web.servlet.WelcomePageHandlerMapping : Adding welcome page template: index
2023-07-19 16:22:16.417  INFO 9260 --- [main] org.springframework.boot.web.embedded.tomcat.TomcatWebServer : Tomcat started on port(s): 8080 (http) with context path ''
2023-07-19 16:22:16.424  INFO 9260 --- [main] com.dreamchaser.depository_manage.DepositoryManageApplication : Started DepositoryManageApplication in 1.679 seconds (JVM running for 2.063)
2023-07-19 16:22:23.554  INFO 9260 --- [http-nio-8080-exec-1] org.apache.catalina.core.ContainerBase.[Tomcat].[localhost].[/] : Initializing Spring DispatcherServlet 'dispatcherServlet'
2023-07-19 16:22:23.555  INFO 9260 --- [http-nio-8080-exec-1] org.springframework.web.servlet.DispatcherServlet : Initializing Servlet 'dispatcherServlet'
2023-07-19 16:22:23.558  INFO 9260 --- [http-nio-8080-exec-1] org.springframework.web.servlet.DispatcherServlet : Completed initialization in 3 ms
2023-07-19 16:22:24.359  INFO 9260 --- [http-nio-8080-exec-7] com.alibaba.druid.pool.DruidDataSource : {dataSource-1} inited
2023-07-19 17:00:25.067  INFO 9260 --- [SpringContextShutdownHook] org.springframework.scheduling.concurrent.ThreadPoolTaskExecutor : Shutting down ExecutorService 'applicationTaskExecutor'
2023-07-19 17:00:25.071  INFO 9260 --- [SpringContextShutdownHook] com.alibaba.druid.pool.DruidDataSource : {dataSource-1} closed
