2023-07-24 08:18:29.950  INFO 7508 --- [main] com.dreamchaser.depository_manage.DepositoryManageApplication : Starting DepositoryManageApplication on queshumin-pc with PID 7508 (C:\Users\queshumin\Desktop\depository_manage-master\target\classes started by queshumin in C:\Users\queshumin\Desktop\depository_manage-master)
2023-07-24 08:18:29.952  INFO 7508 --- [main] com.dreamchaser.depository_manage.DepositoryManageApplication : The following profiles are active: test
2023-07-24 08:18:31.455  INFO 7508 --- [main] org.springframework.boot.web.embedded.tomcat.TomcatWebServer : Tomcat initialized with port(s): 8080 (http)
2023-07-24 08:18:31.462  INFO 7508 --- [main] org.apache.catalina.core.StandardService : Starting service [Tomcat]
2023-07-24 08:18:31.462  INFO 7508 --- [main] org.apache.catalina.core.StandardEngine : Starting Servlet engine: [Apache Tomcat/9.0.41]
2023-07-24 08:18:31.463  INFO 7508 --- [main] org.apache.catalina.core.AprLifecycleListener : Loaded Apache Tomcat Native library [2.0.4] using APR version [1.7.4].
2023-07-24 08:18:31.463  INFO 7508 --- [main] org.apache.catalina.core.AprLifecycleListener : APR capabilities: IPv6 [true], sendfile [true], accept filters [false], random [true].
2023-07-24 08:18:31.463  INFO 7508 --- [main] org.apache.catalina.core.AprLifecycleListener : APR/OpenSSL configuration: useAprConnector [false], useOpenSSL [true]
2023-07-24 08:18:31.467  INFO 7508 --- [main] org.apache.catalina.core.AprLifecycleListener : OpenSSL successfully initialized [OpenSSL 3.0.9 30 May 2023]
2023-07-24 08:18:31.518  INFO 7508 --- [main] org.apache.catalina.core.ContainerBase.[Tomcat].[localhost].[/] : Initializing Spring embedded WebApplicationContext
2023-07-24 08:18:31.518  INFO 7508 --- [main] org.springframework.boot.web.servlet.context.ServletWebServerApplicationContext : Root WebApplicationContext: initialization completed in 1538 ms
2023-07-24 08:18:31.945  INFO 7508 --- [main] org.springframework.scheduling.concurrent.ThreadPoolTaskExecutor : Initializing ExecutorService 'applicationTaskExecutor'
2023-07-24 08:18:31.998  INFO 7508 --- [main] org.springframework.boot.autoconfigure.web.servlet.WelcomePageHandlerMapping : Adding welcome page template: index
2023-07-24 08:18:32.129  INFO 7508 --- [main] org.springframework.boot.web.embedded.tomcat.TomcatWebServer : Tomcat started on port(s): 8080 (http) with context path ''
2023-07-24 08:18:32.136  INFO 7508 --- [main] com.dreamchaser.depository_manage.DepositoryManageApplication : Started DepositoryManageApplication in 2.484 seconds (JVM running for 4.227)
2023-07-24 08:22:23.531  INFO 7508 --- [http-nio-8080-exec-1] org.apache.catalina.core.ContainerBase.[Tomcat].[localhost].[/] : Initializing Spring DispatcherServlet 'dispatcherServlet'
2023-07-24 08:22:23.531  INFO 7508 --- [http-nio-8080-exec-1] org.springframework.web.servlet.DispatcherServlet : Initializing Servlet 'dispatcherServlet'
2023-07-24 08:22:23.536  INFO 7508 --- [http-nio-8080-exec-1] org.springframework.web.servlet.DispatcherServlet : Completed initialization in 5 ms
2023-07-24 08:22:26.289  INFO 7508 --- [http-nio-8080-exec-4] com.alibaba.druid.pool.DruidDataSource : {dataSource-1} inited
2023-07-24 10:13:52.632  INFO 7508 --- [SpringContextShutdownHook] org.springframework.scheduling.concurrent.ThreadPoolTaskExecutor : Shutting down ExecutorService 'applicationTaskExecutor'
2023-07-24 10:13:52.635  INFO 7508 --- [SpringContextShutdownHook] com.alibaba.druid.pool.DruidDataSource : {dataSource-1} closed
2023-07-24 10:13:55.793  INFO 7244 --- [main] com.dreamchaser.depository_manage.DepositoryManageApplication : Starting DepositoryManageApplication on queshumin-pc with PID 7244 (C:\Users\queshumin\Desktop\depository_manage-master\target\classes started by queshumin in C:\Users\queshumin\Desktop\depository_manage-master)
2023-07-24 10:13:55.796  INFO 7244 --- [main] com.dreamchaser.depository_manage.DepositoryManageApplication : The following profiles are active: test
2023-07-24 10:13:56.536  INFO 7244 --- [main] org.springframework.boot.web.embedded.tomcat.TomcatWebServer : Tomcat initialized with port(s): 8080 (http)
2023-07-24 10:13:56.543  INFO 7244 --- [main] org.apache.catalina.core.StandardService : Starting service [Tomcat]
2023-07-24 10:13:56.543  INFO 7244 --- [main] org.apache.catalina.core.StandardEngine : Starting Servlet engine: [Apache Tomcat/9.0.41]
2023-07-24 10:13:56.544  INFO 7244 --- [main] org.apache.catalina.core.AprLifecycleListener : Loaded Apache Tomcat Native library [2.0.4] using APR version [1.7.4].
2023-07-24 10:13:56.545  INFO 7244 --- [main] org.apache.catalina.core.AprLifecycleListener : APR capabilities: IPv6 [true], sendfile [true], accept filters [false], random [true].
2023-07-24 10:13:56.545  INFO 7244 --- [main] org.apache.catalina.core.AprLifecycleListener : APR/OpenSSL configuration: useAprConnector [false], useOpenSSL [true]
2023-07-24 10:13:56.548  INFO 7244 --- [main] org.apache.catalina.core.AprLifecycleListener : OpenSSL successfully initialized [OpenSSL 3.0.9 30 May 2023]
2023-07-24 10:13:56.599  INFO 7244 --- [main] org.apache.catalina.core.ContainerBase.[Tomcat].[localhost].[/] : Initializing Spring embedded WebApplicationContext
2023-07-24 10:13:56.599  INFO 7244 --- [main] org.springframework.boot.web.servlet.context.ServletWebServerApplicationContext : Root WebApplicationContext: initialization completed in 771 ms
2023-07-24 10:13:57.019  INFO 7244 --- [main] org.springframework.scheduling.concurrent.ThreadPoolTaskExecutor : Initializing ExecutorService 'applicationTaskExecutor'
2023-07-24 10:13:57.070  INFO 7244 --- [main] org.springframework.boot.autoconfigure.web.servlet.WelcomePageHandlerMapping : Adding welcome page template: index
2023-07-24 10:13:57.199  INFO 7244 --- [main] org.springframework.boot.web.embedded.tomcat.TomcatWebServer : Tomcat started on port(s): 8080 (http) with context path ''
2023-07-24 10:13:57.207  INFO 7244 --- [main] com.dreamchaser.depository_manage.DepositoryManageApplication : Started DepositoryManageApplication in 1.769 seconds (JVM running for 2.183)
2023-07-24 10:14:02.155  INFO 7244 --- [http-nio-8080-exec-1] org.apache.catalina.core.ContainerBase.[Tomcat].[localhost].[/] : Initializing Spring DispatcherServlet 'dispatcherServlet'
2023-07-24 10:14:02.155  INFO 7244 --- [http-nio-8080-exec-1] org.springframework.web.servlet.DispatcherServlet : Initializing Servlet 'dispatcherServlet'
2023-07-24 10:14:02.158  INFO 7244 --- [http-nio-8080-exec-1] org.springframework.web.servlet.DispatcherServlet : Completed initialization in 3 ms
2023-07-24 10:14:03.537  INFO 7244 --- [http-nio-8080-exec-3] com.alibaba.druid.pool.DruidDataSource : {dataSource-1} inited
2023-07-24 10:22:51.450  INFO 7244 --- [SpringContextShutdownHook] org.springframework.scheduling.concurrent.ThreadPoolTaskExecutor : Shutting down ExecutorService 'applicationTaskExecutor'
2023-07-24 10:22:51.453  INFO 7244 --- [SpringContextShutdownHook] com.alibaba.druid.pool.DruidDataSource : {dataSource-1} closed
2023-07-24 10:22:53.649  INFO 12656 --- [main] com.dreamchaser.depository_manage.DepositoryManageApplication : Starting DepositoryManageApplication on queshumin-pc with PID 12656 (C:\Users\queshumin\Desktop\depository_manage-master\target\classes started by queshumin in C:\Users\queshumin\Desktop\depository_manage-master)
2023-07-24 10:22:53.651  INFO 12656 --- [main] com.dreamchaser.depository_manage.DepositoryManageApplication : The following profiles are active: test
2023-07-24 10:22:54.391  INFO 12656 --- [main] org.springframework.boot.web.embedded.tomcat.TomcatWebServer : Tomcat initialized with port(s): 8080 (http)
2023-07-24 10:22:54.398  INFO 12656 --- [main] org.apache.catalina.core.StandardService : Starting service [Tomcat]
2023-07-24 10:22:54.398  INFO 12656 --- [main] org.apache.catalina.core.StandardEngine : Starting Servlet engine: [Apache Tomcat/9.0.41]
2023-07-24 10:22:54.399  INFO 12656 --- [main] org.apache.catalina.core.AprLifecycleListener : Loaded Apache Tomcat Native library [2.0.4] using APR version [1.7.4].
2023-07-24 10:22:54.399  INFO 12656 --- [main] org.apache.catalina.core.AprLifecycleListener : APR capabilities: IPv6 [true], sendfile [true], accept filters [false], random [true].
2023-07-24 10:22:54.400  INFO 12656 --- [main] org.apache.catalina.core.AprLifecycleListener : APR/OpenSSL configuration: useAprConnector [false], useOpenSSL [true]
2023-07-24 10:22:54.403  INFO 12656 --- [main] org.apache.catalina.core.AprLifecycleListener : OpenSSL successfully initialized [OpenSSL 3.0.9 30 May 2023]
2023-07-24 10:22:54.454  INFO 12656 --- [main] org.apache.catalina.core.ContainerBase.[Tomcat].[localhost].[/] : Initializing Spring embedded WebApplicationContext
2023-07-24 10:22:54.454  INFO 12656 --- [main] org.springframework.boot.web.servlet.context.ServletWebServerApplicationContext : Root WebApplicationContext: initialization completed in 765 ms
2023-07-24 10:22:54.881  INFO 12656 --- [main] org.springframework.scheduling.concurrent.ThreadPoolTaskExecutor : Initializing ExecutorService 'applicationTaskExecutor'
2023-07-24 10:22:54.931  INFO 12656 --- [main] org.springframework.boot.autoconfigure.web.servlet.WelcomePageHandlerMapping : Adding welcome page template: index
2023-07-24 10:22:55.060  INFO 12656 --- [main] org.springframework.boot.web.embedded.tomcat.TomcatWebServer : Tomcat started on port(s): 8080 (http) with context path ''
2023-07-24 10:22:55.067  INFO 12656 --- [main] com.dreamchaser.depository_manage.DepositoryManageApplication : Started DepositoryManageApplication in 1.879 seconds (JVM running for 2.513)
2023-07-24 10:22:57.955  INFO 12656 --- [http-nio-8080-exec-1] org.apache.catalina.core.ContainerBase.[Tomcat].[localhost].[/] : Initializing Spring DispatcherServlet 'dispatcherServlet'
2023-07-24 10:22:57.955  INFO 12656 --- [http-nio-8080-exec-1] org.springframework.web.servlet.DispatcherServlet : Initializing Servlet 'dispatcherServlet'
2023-07-24 10:22:57.959  INFO 12656 --- [http-nio-8080-exec-1] org.springframework.web.servlet.DispatcherServlet : Completed initialization in 4 ms
2023-07-24 10:22:59.211  INFO 12656 --- [http-nio-8080-exec-3] com.alibaba.druid.pool.DruidDataSource : {dataSource-1} inited
2023-07-24 10:23:29.282  INFO 12656 --- [SpringContextShutdownHook] org.springframework.scheduling.concurrent.ThreadPoolTaskExecutor : Shutting down ExecutorService 'applicationTaskExecutor'
2023-07-24 10:23:29.284  INFO 12656 --- [SpringContextShutdownHook] com.alibaba.druid.pool.DruidDataSource : {dataSource-1} closed
2023-07-24 10:23:31.342  INFO 1536 --- [main] com.dreamchaser.depository_manage.DepositoryManageApplication : Starting DepositoryManageApplication on queshumin-pc with PID 1536 (C:\Users\queshumin\Desktop\depository_manage-master\target\classes started by queshumin in C:\Users\queshumin\Desktop\depository_manage-master)
2023-07-24 10:23:31.345  INFO 1536 --- [main] com.dreamchaser.depository_manage.DepositoryManageApplication : The following profiles are active: test
2023-07-24 10:23:32.060  INFO 1536 --- [main] org.springframework.boot.web.embedded.tomcat.TomcatWebServer : Tomcat initialized with port(s): 8080 (http)
2023-07-24 10:23:32.066  INFO 1536 --- [main] org.apache.catalina.core.StandardService : Starting service [Tomcat]
2023-07-24 10:23:32.067  INFO 1536 --- [main] org.apache.catalina.core.StandardEngine : Starting Servlet engine: [Apache Tomcat/9.0.41]
2023-07-24 10:23:32.068  INFO 1536 --- [main] org.apache.catalina.core.AprLifecycleListener : Loaded Apache Tomcat Native library [2.0.4] using APR version [1.7.4].
2023-07-24 10:23:32.068  INFO 1536 --- [main] org.apache.catalina.core.AprLifecycleListener : APR capabilities: IPv6 [true], sendfile [true], accept filters [false], random [true].
2023-07-24 10:23:32.068  INFO 1536 --- [main] org.apache.catalina.core.AprLifecycleListener : APR/OpenSSL configuration: useAprConnector [false], useOpenSSL [true]
2023-07-24 10:23:32.071  INFO 1536 --- [main] org.apache.catalina.core.AprLifecycleListener : OpenSSL successfully initialized [OpenSSL 3.0.9 30 May 2023]
2023-07-24 10:23:32.118  INFO 1536 --- [main] org.apache.catalina.core.ContainerBase.[Tomcat].[localhost].[/] : Initializing Spring embedded WebApplicationContext
2023-07-24 10:23:32.118  INFO 1536 --- [main] org.springframework.boot.web.servlet.context.ServletWebServerApplicationContext : Root WebApplicationContext: initialization completed in 736 ms
2023-07-24 10:23:32.519  INFO 1536 --- [main] org.springframework.scheduling.concurrent.ThreadPoolTaskExecutor : Initializing ExecutorService 'applicationTaskExecutor'
2023-07-24 10:23:32.568  INFO 1536 --- [main] org.springframework.boot.autoconfigure.web.servlet.WelcomePageHandlerMapping : Adding welcome page template: index
2023-07-24 10:23:32.693  INFO 1536 --- [main] org.springframework.boot.web.embedded.tomcat.TomcatWebServer : Tomcat started on port(s): 8080 (http) with context path ''
2023-07-24 10:23:32.700  INFO 1536 --- [main] com.dreamchaser.depository_manage.DepositoryManageApplication : Started DepositoryManageApplication in 1.774 seconds (JVM running for 2.429)
2023-07-24 10:23:38.588  INFO 1536 --- [http-nio-8080-exec-1] org.apache.catalina.core.ContainerBase.[Tomcat].[localhost].[/] : Initializing Spring DispatcherServlet 'dispatcherServlet'
2023-07-24 10:23:38.588  INFO 1536 --- [http-nio-8080-exec-1] org.springframework.web.servlet.DispatcherServlet : Initializing Servlet 'dispatcherServlet'
2023-07-24 10:23:38.593  INFO 1536 --- [http-nio-8080-exec-1] org.springframework.web.servlet.DispatcherServlet : Completed initialization in 5 ms
2023-07-24 10:23:39.880  INFO 1536 --- [http-nio-8080-exec-4] com.alibaba.druid.pool.DruidDataSource : {dataSource-1} inited
2023-07-24 10:42:44.207  INFO 1536 --- [SpringContextShutdownHook] org.springframework.scheduling.concurrent.ThreadPoolTaskExecutor : Shutting down ExecutorService 'applicationTaskExecutor'
2023-07-24 10:42:44.210  INFO 1536 --- [SpringContextShutdownHook] com.alibaba.druid.pool.DruidDataSource : {dataSource-1} closed
2023-07-24 10:42:46.354  INFO 1424 --- [main] com.dreamchaser.depository_manage.DepositoryManageApplication : Starting DepositoryManageApplication on queshumin-pc with PID 1424 (C:\Users\queshumin\Desktop\depository_manage-master\target\classes started by queshumin in C:\Users\queshumin\Desktop\depository_manage-master)
2023-07-24 10:42:46.355  INFO 1424 --- [main] com.dreamchaser.depository_manage.DepositoryManageApplication : The following profiles are active: test
2023-07-24 10:42:47.099  INFO 1424 --- [main] org.springframework.boot.web.embedded.tomcat.TomcatWebServer : Tomcat initialized with port(s): 8080 (http)
2023-07-24 10:42:47.106  INFO 1424 --- [main] org.apache.catalina.core.StandardService : Starting service [Tomcat]
2023-07-24 10:42:47.106  INFO 1424 --- [main] org.apache.catalina.core.StandardEngine : Starting Servlet engine: [Apache Tomcat/9.0.41]
2023-07-24 10:42:47.107  INFO 1424 --- [main] org.apache.catalina.core.AprLifecycleListener : Loaded Apache Tomcat Native library [2.0.4] using APR version [1.7.4].
2023-07-24 10:42:47.107  INFO 1424 --- [main] org.apache.catalina.core.AprLifecycleListener : APR capabilities: IPv6 [true], sendfile [true], accept filters [false], random [true].
2023-07-24 10:42:47.108  INFO 1424 --- [main] org.apache.catalina.core.AprLifecycleListener : APR/OpenSSL configuration: useAprConnector [false], useOpenSSL [true]
2023-07-24 10:42:47.111  INFO 1424 --- [main] org.apache.catalina.core.AprLifecycleListener : OpenSSL successfully initialized [OpenSSL 3.0.9 30 May 2023]
2023-07-24 10:42:47.161  INFO 1424 --- [main] org.apache.catalina.core.ContainerBase.[Tomcat].[localhost].[/] : Initializing Spring embedded WebApplicationContext
2023-07-24 10:42:47.162  INFO 1424 --- [main] org.springframework.boot.web.servlet.context.ServletWebServerApplicationContext : Root WebApplicationContext: initialization completed in 775 ms
2023-07-24 10:42:47.553  INFO 1424 --- [main] org.springframework.scheduling.concurrent.ThreadPoolTaskExecutor : Initializing ExecutorService 'applicationTaskExecutor'
2023-07-24 10:42:47.603  INFO 1424 --- [main] org.springframework.boot.autoconfigure.web.servlet.WelcomePageHandlerMapping : Adding welcome page template: index
2023-07-24 10:42:47.730  INFO 1424 --- [main] org.springframework.boot.web.embedded.tomcat.TomcatWebServer : Tomcat started on port(s): 8080 (http) with context path ''
2023-07-24 10:42:47.738  INFO 1424 --- [main] com.dreamchaser.depository_manage.DepositoryManageApplication : Started DepositoryManageApplication in 1.966 seconds (JVM running for 2.544)
2023-07-24 10:42:50.719  INFO 1424 --- [http-nio-8080-exec-1] org.apache.catalina.core.ContainerBase.[Tomcat].[localhost].[/] : Initializing Spring DispatcherServlet 'dispatcherServlet'
2023-07-24 10:42:50.719  INFO 1424 --- [http-nio-8080-exec-1] org.springframework.web.servlet.DispatcherServlet : Initializing Servlet 'dispatcherServlet'
2023-07-24 10:42:50.723  INFO 1424 --- [http-nio-8080-exec-1] org.springframework.web.servlet.DispatcherServlet : Completed initialization in 4 ms
2023-07-24 10:42:52.090  INFO 1424 --- [http-nio-8080-exec-2] com.alibaba.druid.pool.DruidDataSource : {dataSource-1} inited
2023-07-24 10:43:15.144  INFO 1424 --- [SpringContextShutdownHook] org.springframework.scheduling.concurrent.ThreadPoolTaskExecutor : Shutting down ExecutorService 'applicationTaskExecutor'
2023-07-24 10:43:15.147  INFO 1424 --- [SpringContextShutdownHook] com.alibaba.druid.pool.DruidDataSource : {dataSource-1} closed
2023-07-24 10:43:17.123  INFO 12096 --- [main] com.dreamchaser.depository_manage.DepositoryManageApplication : Starting DepositoryManageApplication on queshumin-pc with PID 12096 (C:\Users\queshumin\Desktop\depository_manage-master\target\classes started by queshumin in C:\Users\queshumin\Desktop\depository_manage-master)
2023-07-24 10:43:17.126  INFO 12096 --- [main] com.dreamchaser.depository_manage.DepositoryManageApplication : The following profiles are active: test
2023-07-24 10:43:17.869  INFO 12096 --- [main] org.springframework.boot.web.embedded.tomcat.TomcatWebServer : Tomcat initialized with port(s): 8080 (http)
2023-07-24 10:43:17.875  INFO 12096 --- [main] org.apache.catalina.core.StandardService : Starting service [Tomcat]
2023-07-24 10:43:17.876  INFO 12096 --- [main] org.apache.catalina.core.StandardEngine : Starting Servlet engine: [Apache Tomcat/9.0.41]
2023-07-24 10:43:17.876  INFO 12096 --- [main] org.apache.catalina.core.AprLifecycleListener : Loaded Apache Tomcat Native library [2.0.4] using APR version [1.7.4].
2023-07-24 10:43:17.877  INFO 12096 --- [main] org.apache.catalina.core.AprLifecycleListener : APR capabilities: IPv6 [true], sendfile [true], accept filters [false], random [true].
2023-07-24 10:43:17.877  INFO 12096 --- [main] org.apache.catalina.core.AprLifecycleListener : APR/OpenSSL configuration: useAprConnector [false], useOpenSSL [true]
2023-07-24 10:43:17.880  INFO 12096 --- [main] org.apache.catalina.core.AprLifecycleListener : OpenSSL successfully initialized [OpenSSL 3.0.9 30 May 2023]
2023-07-24 10:43:17.930  INFO 12096 --- [main] org.apache.catalina.core.ContainerBase.[Tomcat].[localhost].[/] : Initializing Spring embedded WebApplicationContext
2023-07-24 10:43:17.930  INFO 12096 --- [main] org.springframework.boot.web.servlet.context.ServletWebServerApplicationContext : Root WebApplicationContext: initialization completed in 766 ms
2023-07-24 10:43:18.326  INFO 12096 --- [main] org.springframework.scheduling.concurrent.ThreadPoolTaskExecutor : Initializing ExecutorService 'applicationTaskExecutor'
2023-07-24 10:43:18.378  INFO 12096 --- [main] org.springframework.boot.autoconfigure.web.servlet.WelcomePageHandlerMapping : Adding welcome page template: index
2023-07-24 10:43:18.512  INFO 12096 --- [main] org.springframework.boot.web.embedded.tomcat.TomcatWebServer : Tomcat started on port(s): 8080 (http) with context path ''
2023-07-24 10:43:18.519  INFO 12096 --- [main] com.dreamchaser.depository_manage.DepositoryManageApplication : Started DepositoryManageApplication in 1.846 seconds (JVM running for 2.402)
2023-07-24 10:43:23.824  INFO 12096 --- [http-nio-8080-exec-1] org.apache.catalina.core.ContainerBase.[Tomcat].[localhost].[/] : Initializing Spring DispatcherServlet 'dispatcherServlet'
2023-07-24 10:43:23.824  INFO 12096 --- [http-nio-8080-exec-1] org.springframework.web.servlet.DispatcherServlet : Initializing Servlet 'dispatcherServlet'
2023-07-24 10:43:23.828  INFO 12096 --- [http-nio-8080-exec-1] org.springframework.web.servlet.DispatcherServlet : Completed initialization in 3 ms
2023-07-24 10:43:25.092  INFO 12096 --- [http-nio-8080-exec-2] com.alibaba.druid.pool.DruidDataSource : {dataSource-1} inited
2023-07-24 10:46:36.953  INFO 12096 --- [SpringContextShutdownHook] org.springframework.scheduling.concurrent.ThreadPoolTaskExecutor : Shutting down ExecutorService 'applicationTaskExecutor'
2023-07-24 10:46:36.956  INFO 12096 --- [SpringContextShutdownHook] com.alibaba.druid.pool.DruidDataSource : {dataSource-1} closed
2023-07-24 10:49:22.853  INFO 6700 --- [main] com.dreamchaser.depository_manage.DepositoryManageApplication : Starting DepositoryManageApplication on queshumin-pc with PID 6700 (C:\Users\queshumin\Desktop\depository_manage-master\target\classes started by queshumin in C:\Users\queshumin\Desktop\depository_manage-master)
2023-07-24 10:49:22.856  INFO 6700 --- [main] com.dreamchaser.depository_manage.DepositoryManageApplication : The following profiles are active: test
2023-07-24 10:49:23.561  INFO 6700 --- [main] org.springframework.boot.web.embedded.tomcat.TomcatWebServer : Tomcat initialized with port(s): 8080 (http)
2023-07-24 10:49:23.568  INFO 6700 --- [main] org.apache.catalina.core.StandardService : Starting service [Tomcat]
2023-07-24 10:49:23.568  INFO 6700 --- [main] org.apache.catalina.core.StandardEngine : Starting Servlet engine: [Apache Tomcat/9.0.41]
2023-07-24 10:49:23.569  INFO 6700 --- [main] org.apache.catalina.core.AprLifecycleListener : Loaded Apache Tomcat Native library [2.0.4] using APR version [1.7.4].
2023-07-24 10:49:23.569  INFO 6700 --- [main] org.apache.catalina.core.AprLifecycleListener : APR capabilities: IPv6 [true], sendfile [true], accept filters [false], random [true].
2023-07-24 10:49:23.569  INFO 6700 --- [main] org.apache.catalina.core.AprLifecycleListener : APR/OpenSSL configuration: useAprConnector [false], useOpenSSL [true]
2023-07-24 10:49:23.572  INFO 6700 --- [main] org.apache.catalina.core.AprLifecycleListener : OpenSSL successfully initialized [OpenSSL 3.0.9 30 May 2023]
2023-07-24 10:49:23.622  INFO 6700 --- [main] org.apache.catalina.core.ContainerBase.[Tomcat].[localhost].[/] : Initializing Spring embedded WebApplicationContext
2023-07-24 10:49:23.622  INFO 6700 --- [main] org.springframework.boot.web.servlet.context.ServletWebServerApplicationContext : Root WebApplicationContext: initialization completed in 735 ms
2023-07-24 10:49:24.020  INFO 6700 --- [main] org.springframework.scheduling.concurrent.ThreadPoolTaskExecutor : Initializing ExecutorService 'applicationTaskExecutor'
2023-07-24 10:49:24.069  INFO 6700 --- [main] org.springframework.boot.autoconfigure.web.servlet.WelcomePageHandlerMapping : Adding welcome page template: index
2023-07-24 10:49:24.196  INFO 6700 --- [main] org.springframework.boot.web.embedded.tomcat.TomcatWebServer : Tomcat started on port(s): 8080 (http) with context path ''
2023-07-24 10:49:24.203  INFO 6700 --- [main] com.dreamchaser.depository_manage.DepositoryManageApplication : Started DepositoryManageApplication in 1.696 seconds (JVM running for 2.123)
2023-07-24 10:49:26.856  INFO 6700 --- [http-nio-8080-exec-1] org.apache.catalina.core.ContainerBase.[Tomcat].[localhost].[/] : Initializing Spring DispatcherServlet 'dispatcherServlet'
2023-07-24 10:49:26.856  INFO 6700 --- [http-nio-8080-exec-1] org.springframework.web.servlet.DispatcherServlet : Initializing Servlet 'dispatcherServlet'
2023-07-24 10:49:26.859  INFO 6700 --- [http-nio-8080-exec-1] org.springframework.web.servlet.DispatcherServlet : Completed initialization in 3 ms
2023-07-24 10:49:27.595  INFO 6700 --- [http-nio-8080-exec-3] com.alibaba.druid.pool.DruidDataSource : {dataSource-1} inited
2023-07-24 10:49:45.825  INFO 6700 --- [SpringContextShutdownHook] org.springframework.scheduling.concurrent.ThreadPoolTaskExecutor : Shutting down ExecutorService 'applicationTaskExecutor'
2023-07-24 10:49:45.828  INFO 6700 --- [SpringContextShutdownHook] com.alibaba.druid.pool.DruidDataSource : {dataSource-1} closed
2023-07-24 10:49:48.737  INFO 2264 --- [main] com.dreamchaser.depository_manage.DepositoryManageApplication : Starting DepositoryManageApplication on queshumin-pc with PID 2264 (C:\Users\queshumin\Desktop\depository_manage-master\target\classes started by queshumin in C:\Users\queshumin\Desktop\depository_manage-master)
2023-07-24 10:49:48.739  INFO 2264 --- [main] com.dreamchaser.depository_manage.DepositoryManageApplication : The following profiles are active: test
2023-07-24 10:49:49.457  INFO 2264 --- [main] org.springframework.boot.web.embedded.tomcat.TomcatWebServer : Tomcat initialized with port(s): 8080 (http)
2023-07-24 10:49:49.464  INFO 2264 --- [main] org.apache.catalina.core.StandardService : Starting service [Tomcat]
2023-07-24 10:49:49.464  INFO 2264 --- [main] org.apache.catalina.core.StandardEngine : Starting Servlet engine: [Apache Tomcat/9.0.41]
2023-07-24 10:49:49.465  INFO 2264 --- [main] org.apache.catalina.core.AprLifecycleListener : Loaded Apache Tomcat Native library [2.0.4] using APR version [1.7.4].
2023-07-24 10:49:49.465  INFO 2264 --- [main] org.apache.catalina.core.AprLifecycleListener : APR capabilities: IPv6 [true], sendfile [true], accept filters [false], random [true].
2023-07-24 10:49:49.465  INFO 2264 --- [main] org.apache.catalina.core.AprLifecycleListener : APR/OpenSSL configuration: useAprConnector [false], useOpenSSL [true]
2023-07-24 10:49:49.469  INFO 2264 --- [main] org.apache.catalina.core.AprLifecycleListener : OpenSSL successfully initialized [OpenSSL 3.0.9 30 May 2023]
2023-07-24 10:49:49.518  INFO 2264 --- [main] org.apache.catalina.core.ContainerBase.[Tomcat].[localhost].[/] : Initializing Spring embedded WebApplicationContext
2023-07-24 10:49:49.518  INFO 2264 --- [main] org.springframework.boot.web.servlet.context.ServletWebServerApplicationContext : Root WebApplicationContext: initialization completed in 746 ms
2023-07-24 10:49:49.910  INFO 2264 --- [main] org.springframework.scheduling.concurrent.ThreadPoolTaskExecutor : Initializing ExecutorService 'applicationTaskExecutor'
2023-07-24 10:49:49.959  INFO 2264 --- [main] org.springframework.boot.autoconfigure.web.servlet.WelcomePageHandlerMapping : Adding welcome page template: index
2023-07-24 10:49:50.082  INFO 2264 --- [main] org.springframework.boot.web.embedded.tomcat.TomcatWebServer : Tomcat started on port(s): 8080 (http) with context path ''
2023-07-24 10:49:50.090  INFO 2264 --- [main] com.dreamchaser.depository_manage.DepositoryManageApplication : Started DepositoryManageApplication in 1.701 seconds (JVM running for 2.114)
2023-07-24 10:49:52.607  INFO 2264 --- [http-nio-8080-exec-1] org.apache.catalina.core.ContainerBase.[Tomcat].[localhost].[/] : Initializing Spring DispatcherServlet 'dispatcherServlet'
2023-07-24 10:49:52.607  INFO 2264 --- [http-nio-8080-exec-1] org.springframework.web.servlet.DispatcherServlet : Initializing Servlet 'dispatcherServlet'
2023-07-24 10:49:52.609  INFO 2264 --- [http-nio-8080-exec-1] org.springframework.web.servlet.DispatcherServlet : Completed initialization in 2 ms
2023-07-24 10:49:53.694  INFO 2264 --- [http-nio-8080-exec-4] com.alibaba.druid.pool.DruidDataSource : {dataSource-1} inited
2023-07-24 10:54:49.416  INFO 2264 --- [SpringContextShutdownHook] org.springframework.scheduling.concurrent.ThreadPoolTaskExecutor : Shutting down ExecutorService 'applicationTaskExecutor'
2023-07-24 10:54:49.419  INFO 2264 --- [SpringContextShutdownHook] com.alibaba.druid.pool.DruidDataSource : {dataSource-1} closed
2023-07-24 10:54:52.669  INFO 14036 --- [main] com.dreamchaser.depository_manage.DepositoryManageApplication : Starting DepositoryManageApplication on queshumin-pc with PID 14036 (C:\Users\queshumin\Desktop\depository_manage-master\target\classes started by queshumin in C:\Users\queshumin\Desktop\depository_manage-master)
2023-07-24 10:54:52.672  INFO 14036 --- [main] com.dreamchaser.depository_manage.DepositoryManageApplication : The following profiles are active: test
2023-07-24 10:54:53.377  INFO 14036 --- [main] org.springframework.boot.web.embedded.tomcat.TomcatWebServer : Tomcat initialized with port(s): 8080 (http)
2023-07-24 10:54:53.384  INFO 14036 --- [main] org.apache.catalina.core.StandardService : Starting service [Tomcat]
2023-07-24 10:54:53.384  INFO 14036 --- [main] org.apache.catalina.core.StandardEngine : Starting Servlet engine: [Apache Tomcat/9.0.41]
2023-07-24 10:54:53.385  INFO 14036 --- [main] org.apache.catalina.core.AprLifecycleListener : Loaded Apache Tomcat Native library [2.0.4] using APR version [1.7.4].
2023-07-24 10:54:53.385  INFO 14036 --- [main] org.apache.catalina.core.AprLifecycleListener : APR capabilities: IPv6 [true], sendfile [true], accept filters [false], random [true].
2023-07-24 10:54:53.385  INFO 14036 --- [main] org.apache.catalina.core.AprLifecycleListener : APR/OpenSSL configuration: useAprConnector [false], useOpenSSL [true]
2023-07-24 10:54:53.389  INFO 14036 --- [main] org.apache.catalina.core.AprLifecycleListener : OpenSSL successfully initialized [OpenSSL 3.0.9 30 May 2023]
2023-07-24 10:54:53.439  INFO 14036 --- [main] org.apache.catalina.core.ContainerBase.[Tomcat].[localhost].[/] : Initializing Spring embedded WebApplicationContext
2023-07-24 10:54:53.439  INFO 14036 --- [main] org.springframework.boot.web.servlet.context.ServletWebServerApplicationContext : Root WebApplicationContext: initialization completed in 732 ms
2023-07-24 10:54:53.846  INFO 14036 --- [main] org.springframework.scheduling.concurrent.ThreadPoolTaskExecutor : Initializing ExecutorService 'applicationTaskExecutor'
2023-07-24 10:54:53.896  INFO 14036 --- [main] org.springframework.boot.autoconfigure.web.servlet.WelcomePageHandlerMapping : Adding welcome page template: index
2023-07-24 10:54:54.020  INFO 14036 --- [main] org.springframework.boot.web.embedded.tomcat.TomcatWebServer : Tomcat started on port(s): 8080 (http) with context path ''
2023-07-24 10:54:54.027  INFO 14036 --- [main] com.dreamchaser.depository_manage.DepositoryManageApplication : Started DepositoryManageApplication in 1.71 seconds (JVM running for 2.116)
2023-07-24 10:54:59.325  INFO 14036 --- [http-nio-8080-exec-1] org.apache.catalina.core.ContainerBase.[Tomcat].[localhost].[/] : Initializing Spring DispatcherServlet 'dispatcherServlet'
2023-07-24 10:54:59.325  INFO 14036 --- [http-nio-8080-exec-1] org.springframework.web.servlet.DispatcherServlet : Initializing Servlet 'dispatcherServlet'
2023-07-24 10:54:59.328  INFO 14036 --- [http-nio-8080-exec-1] org.springframework.web.servlet.DispatcherServlet : Completed initialization in 3 ms
2023-07-24 10:55:00.231  INFO 14036 --- [http-nio-8080-exec-3] com.alibaba.druid.pool.DruidDataSource : {dataSource-1} inited
2023-07-24 10:55:51.101  INFO 14036 --- [SpringContextShutdownHook] org.springframework.scheduling.concurrent.ThreadPoolTaskExecutor : Shutting down ExecutorService 'applicationTaskExecutor'
2023-07-24 10:55:51.104  INFO 14036 --- [SpringContextShutdownHook] com.alibaba.druid.pool.DruidDataSource : {dataSource-1} closed
2023-07-24 10:55:53.030  INFO 7464 --- [main] com.dreamchaser.depository_manage.DepositoryManageApplication : Starting DepositoryManageApplication on queshumin-pc with PID 7464 (C:\Users\queshumin\Desktop\depository_manage-master\target\classes started by queshumin in C:\Users\queshumin\Desktop\depository_manage-master)
2023-07-24 10:55:53.033  INFO 7464 --- [main] com.dreamchaser.depository_manage.DepositoryManageApplication : The following profiles are active: test
2023-07-24 10:55:53.746  INFO 7464 --- [main] org.springframework.boot.web.embedded.tomcat.TomcatWebServer : Tomcat initialized with port(s): 8080 (http)
2023-07-24 10:55:53.753  INFO 7464 --- [main] org.apache.catalina.core.StandardService : Starting service [Tomcat]
2023-07-24 10:55:53.754  INFO 7464 --- [main] org.apache.catalina.core.StandardEngine : Starting Servlet engine: [Apache Tomcat/9.0.41]
2023-07-24 10:55:53.755  INFO 7464 --- [main] org.apache.catalina.core.AprLifecycleListener : Loaded Apache Tomcat Native library [2.0.4] using APR version [1.7.4].
2023-07-24 10:55:53.755  INFO 7464 --- [main] org.apache.catalina.core.AprLifecycleListener : APR capabilities: IPv6 [true], sendfile [true], accept filters [false], random [true].
2023-07-24 10:55:53.755  INFO 7464 --- [main] org.apache.catalina.core.AprLifecycleListener : APR/OpenSSL configuration: useAprConnector [false], useOpenSSL [true]
2023-07-24 10:55:53.758  INFO 7464 --- [main] org.apache.catalina.core.AprLifecycleListener : OpenSSL successfully initialized [OpenSSL 3.0.9 30 May 2023]
2023-07-24 10:55:53.808  INFO 7464 --- [main] org.apache.catalina.core.ContainerBase.[Tomcat].[localhost].[/] : Initializing Spring embedded WebApplicationContext
2023-07-24 10:55:53.808  INFO 7464 --- [main] org.springframework.boot.web.servlet.context.ServletWebServerApplicationContext : Root WebApplicationContext: initialization completed in 743 ms
2023-07-24 10:55:54.199  INFO 7464 --- [main] org.springframework.scheduling.concurrent.ThreadPoolTaskExecutor : Initializing ExecutorService 'applicationTaskExecutor'
2023-07-24 10:55:54.248  INFO 7464 --- [main] org.springframework.boot.autoconfigure.web.servlet.WelcomePageHandlerMapping : Adding welcome page template: index
2023-07-24 10:55:54.374  INFO 7464 --- [main] org.springframework.boot.web.embedded.tomcat.TomcatWebServer : Tomcat started on port(s): 8080 (http) with context path ''
2023-07-24 10:55:54.381  INFO 7464 --- [main] com.dreamchaser.depository_manage.DepositoryManageApplication : Started DepositoryManageApplication in 1.766 seconds (JVM running for 2.329)
2023-07-24 10:55:58.436  INFO 7464 --- [http-nio-8080-exec-1] org.apache.catalina.core.ContainerBase.[Tomcat].[localhost].[/] : Initializing Spring DispatcherServlet 'dispatcherServlet'
2023-07-24 10:55:58.436  INFO 7464 --- [http-nio-8080-exec-1] org.springframework.web.servlet.DispatcherServlet : Initializing Servlet 'dispatcherServlet'
2023-07-24 10:55:58.440  INFO 7464 --- [http-nio-8080-exec-1] org.springframework.web.servlet.DispatcherServlet : Completed initialization in 4 ms
2023-07-24 10:55:59.386  INFO 7464 --- [http-nio-8080-exec-3] com.alibaba.druid.pool.DruidDataSource : {dataSource-1} inited
2023-07-24 11:48:48.412  INFO 7464 --- [SpringContextShutdownHook] org.springframework.scheduling.concurrent.ThreadPoolTaskExecutor : Shutting down ExecutorService 'applicationTaskExecutor'
2023-07-24 11:48:48.413  INFO 7464 --- [SpringContextShutdownHook] com.alibaba.druid.pool.DruidDataSource : {dataSource-1} closed
2023-07-24 11:48:51.405  INFO 8484 --- [main] com.dreamchaser.depository_manage.DepositoryManageApplication : Starting DepositoryManageApplication on queshumin-pc with PID 8484 (C:\Users\queshumin\Desktop\depository_manage-master\target\classes started by queshumin in C:\Users\queshumin\Desktop\depository_manage-master)
2023-07-24 11:48:51.407  INFO 8484 --- [main] com.dreamchaser.depository_manage.DepositoryManageApplication : The following profiles are active: test
2023-07-24 11:48:52.106  INFO 8484 --- [main] org.springframework.boot.web.embedded.tomcat.TomcatWebServer : Tomcat initialized with port(s): 8080 (http)
2023-07-24 11:48:52.113  INFO 8484 --- [main] org.apache.catalina.core.StandardService : Starting service [Tomcat]
2023-07-24 11:48:52.113  INFO 8484 --- [main] org.apache.catalina.core.StandardEngine : Starting Servlet engine: [Apache Tomcat/9.0.41]
2023-07-24 11:48:52.114  INFO 8484 --- [main] org.apache.catalina.core.AprLifecycleListener : Loaded Apache Tomcat Native library [2.0.4] using APR version [1.7.4].
2023-07-24 11:48:52.114  INFO 8484 --- [main] org.apache.catalina.core.AprLifecycleListener : APR capabilities: IPv6 [true], sendfile [true], accept filters [false], random [true].
2023-07-24 11:48:52.115  INFO 8484 --- [main] org.apache.catalina.core.AprLifecycleListener : APR/OpenSSL configuration: useAprConnector [false], useOpenSSL [true]
2023-07-24 11:48:52.118  INFO 8484 --- [main] org.apache.catalina.core.AprLifecycleListener : OpenSSL successfully initialized [OpenSSL 3.0.9 30 May 2023]
2023-07-24 11:48:52.166  INFO 8484 --- [main] org.apache.catalina.core.ContainerBase.[Tomcat].[localhost].[/] : Initializing Spring embedded WebApplicationContext
2023-07-24 11:48:52.166  INFO 8484 --- [main] org.springframework.boot.web.servlet.context.ServletWebServerApplicationContext : Root WebApplicationContext: initialization completed in 729 ms
2023-07-24 11:48:52.554  INFO 8484 --- [main] org.springframework.scheduling.concurrent.ThreadPoolTaskExecutor : Initializing ExecutorService 'applicationTaskExecutor'
2023-07-24 11:48:52.602  INFO 8484 --- [main] org.springframework.boot.autoconfigure.web.servlet.WelcomePageHandlerMapping : Adding welcome page template: index
2023-07-24 11:48:52.732  INFO 8484 --- [main] org.springframework.boot.web.embedded.tomcat.TomcatWebServer : Tomcat started on port(s): 8080 (http) with context path ''
2023-07-24 11:48:52.739  INFO 8484 --- [main] com.dreamchaser.depository_manage.DepositoryManageApplication : Started DepositoryManageApplication in 1.7 seconds (JVM running for 2.087)
2023-07-24 11:48:56.142  INFO 8484 --- [http-nio-8080-exec-1] org.apache.catalina.core.ContainerBase.[Tomcat].[localhost].[/] : Initializing Spring DispatcherServlet 'dispatcherServlet'
2023-07-24 11:48:56.142  INFO 8484 --- [http-nio-8080-exec-1] org.springframework.web.servlet.DispatcherServlet : Initializing Servlet 'dispatcherServlet'
2023-07-24 11:48:56.146  INFO 8484 --- [http-nio-8080-exec-1] org.springframework.web.servlet.DispatcherServlet : Completed initialization in 4 ms
2023-07-24 11:48:57.154  INFO 8484 --- [http-nio-8080-exec-3] com.alibaba.druid.pool.DruidDataSource : {dataSource-1} inited
2023-07-24 12:00:25.790  INFO 8484 --- [SpringContextShutdownHook] org.springframework.scheduling.concurrent.ThreadPoolTaskExecutor : Shutting down ExecutorService 'applicationTaskExecutor'
2023-07-24 12:00:25.793  INFO 8484 --- [SpringContextShutdownHook] com.alibaba.druid.pool.DruidDataSource : {dataSource-1} closed
2023-07-24 12:00:28.849  INFO 11236 --- [main] com.dreamchaser.depository_manage.DepositoryManageApplication : Starting DepositoryManageApplication on queshumin-pc with PID 11236 (C:\Users\queshumin\Desktop\depository_manage-master\target\classes started by queshumin in C:\Users\queshumin\Desktop\depository_manage-master)
2023-07-24 12:00:28.852  INFO 11236 --- [main] com.dreamchaser.depository_manage.DepositoryManageApplication : The following profiles are active: test
2023-07-24 12:00:29.572  INFO 11236 --- [main] org.springframework.boot.web.embedded.tomcat.TomcatWebServer : Tomcat initialized with port(s): 8080 (http)
2023-07-24 12:00:29.579  INFO 11236 --- [main] org.apache.catalina.core.StandardService : Starting service [Tomcat]
2023-07-24 12:00:29.579  INFO 11236 --- [main] org.apache.catalina.core.StandardEngine : Starting Servlet engine: [Apache Tomcat/9.0.41]
2023-07-24 12:00:29.580  INFO 11236 --- [main] org.apache.catalina.core.AprLifecycleListener : Loaded Apache Tomcat Native library [2.0.4] using APR version [1.7.4].
2023-07-24 12:00:29.580  INFO 11236 --- [main] org.apache.catalina.core.AprLifecycleListener : APR capabilities: IPv6 [true], sendfile [true], accept filters [false], random [true].
2023-07-24 12:00:29.580  INFO 11236 --- [main] org.apache.catalina.core.AprLifecycleListener : APR/OpenSSL configuration: useAprConnector [false], useOpenSSL [true]
2023-07-24 12:00:29.583  INFO 11236 --- [main] org.apache.catalina.core.AprLifecycleListener : OpenSSL successfully initialized [OpenSSL 3.0.9 30 May 2023]
2023-07-24 12:00:29.634  INFO 11236 --- [main] org.apache.catalina.core.ContainerBase.[Tomcat].[localhost].[/] : Initializing Spring embedded WebApplicationContext
2023-07-24 12:00:29.634  INFO 11236 --- [main] org.springframework.boot.web.servlet.context.ServletWebServerApplicationContext : Root WebApplicationContext: initialization completed in 749 ms
2023-07-24 12:00:30.035  INFO 11236 --- [main] org.springframework.scheduling.concurrent.ThreadPoolTaskExecutor : Initializing ExecutorService 'applicationTaskExecutor'
2023-07-24 12:00:30.085  INFO 11236 --- [main] org.springframework.boot.autoconfigure.web.servlet.WelcomePageHandlerMapping : Adding welcome page template: index
2023-07-24 12:00:30.208  INFO 11236 --- [main] org.springframework.boot.web.embedded.tomcat.TomcatWebServer : Tomcat started on port(s): 8080 (http) with context path ''
2023-07-24 12:00:30.216  INFO 11236 --- [main] com.dreamchaser.depository_manage.DepositoryManageApplication : Started DepositoryManageApplication in 1.733 seconds (JVM running for 2.121)
2023-07-24 12:00:32.782  INFO 11236 --- [http-nio-8080-exec-1] org.apache.catalina.core.ContainerBase.[Tomcat].[localhost].[/] : Initializing Spring DispatcherServlet 'dispatcherServlet'
2023-07-24 12:00:32.782  INFO 11236 --- [http-nio-8080-exec-1] org.springframework.web.servlet.DispatcherServlet : Initializing Servlet 'dispatcherServlet'
2023-07-24 12:00:32.787  INFO 11236 --- [http-nio-8080-exec-1] org.springframework.web.servlet.DispatcherServlet : Completed initialization in 5 ms
2023-07-24 12:00:33.900  INFO 11236 --- [http-nio-8080-exec-3] com.alibaba.druid.pool.DruidDataSource : {dataSource-1} inited
2023-07-24 12:43:02.173  INFO 11236 --- [SpringContextShutdownHook] org.springframework.scheduling.concurrent.ThreadPoolTaskExecutor : Shutting down ExecutorService 'applicationTaskExecutor'
2023-07-24 12:43:02.174  INFO 11236 --- [SpringContextShutdownHook] com.alibaba.druid.pool.DruidDataSource : {dataSource-1} closed
2023-07-24 12:44:03.789  INFO 12792 --- [main] com.dreamchaser.depository_manage.DepositoryManageApplication : Starting DepositoryManageApplication on queshumin-pc with PID 12792 (C:\Users\queshumin\Desktop\depository_manage-master\target\classes started by queshumin in C:\Users\queshumin\Desktop\depository_manage-master)
2023-07-24 12:44:03.791  INFO 12792 --- [main] com.dreamchaser.depository_manage.DepositoryManageApplication : The following profiles are active: test
2023-07-24 12:44:04.501  INFO 12792 --- [main] org.springframework.boot.web.embedded.tomcat.TomcatWebServer : Tomcat initialized with port(s): 8080 (http)
2023-07-24 12:44:04.508  INFO 12792 --- [main] org.apache.catalina.core.StandardService : Starting service [Tomcat]
2023-07-24 12:44:04.509  INFO 12792 --- [main] org.apache.catalina.core.StandardEngine : Starting Servlet engine: [Apache Tomcat/9.0.41]
2023-07-24 12:44:04.509  INFO 12792 --- [main] org.apache.catalina.core.AprLifecycleListener : Loaded Apache Tomcat Native library [2.0.4] using APR version [1.7.4].
2023-07-24 12:44:04.509  INFO 12792 --- [main] org.apache.catalina.core.AprLifecycleListener : APR capabilities: IPv6 [true], sendfile [true], accept filters [false], random [true].
2023-07-24 12:44:04.510  INFO 12792 --- [main] org.apache.catalina.core.AprLifecycleListener : APR/OpenSSL configuration: useAprConnector [false], useOpenSSL [true]
2023-07-24 12:44:04.513  INFO 12792 --- [main] org.apache.catalina.core.AprLifecycleListener : OpenSSL successfully initialized [OpenSSL 3.0.9 30 May 2023]
2023-07-24 12:44:04.563  INFO 12792 --- [main] org.apache.catalina.core.ContainerBase.[Tomcat].[localhost].[/] : Initializing Spring embedded WebApplicationContext
2023-07-24 12:44:04.563  INFO 12792 --- [main] org.springframework.boot.web.servlet.context.ServletWebServerApplicationContext : Root WebApplicationContext: initialization completed in 738 ms
2023-07-24 12:44:04.992  INFO 12792 --- [main] org.springframework.scheduling.concurrent.ThreadPoolTaskExecutor : Initializing ExecutorService 'applicationTaskExecutor'
2023-07-24 12:44:05.043  INFO 12792 --- [main] org.springframework.boot.autoconfigure.web.servlet.WelcomePageHandlerMapping : Adding welcome page template: index
2023-07-24 12:44:05.165  INFO 12792 --- [main] org.springframework.boot.web.embedded.tomcat.TomcatWebServer : Tomcat started on port(s): 8080 (http) with context path ''
2023-07-24 12:44:05.172  INFO 12792 --- [main] com.dreamchaser.depository_manage.DepositoryManageApplication : Started DepositoryManageApplication in 1.743 seconds (JVM running for 2.136)
2023-07-24 12:44:10.063  INFO 12792 --- [http-nio-8080-exec-1] org.apache.catalina.core.ContainerBase.[Tomcat].[localhost].[/] : Initializing Spring DispatcherServlet 'dispatcherServlet'
2023-07-24 12:44:10.063  INFO 12792 --- [http-nio-8080-exec-1] org.springframework.web.servlet.DispatcherServlet : Initializing Servlet 'dispatcherServlet'
2023-07-24 12:44:10.066  INFO 12792 --- [http-nio-8080-exec-1] org.springframework.web.servlet.DispatcherServlet : Completed initialization in 3 ms
2023-07-24 12:44:10.978  INFO 12792 --- [http-nio-8080-exec-3] com.alibaba.druid.pool.DruidDataSource : {dataSource-1} inited
2023-07-24 12:53:52.827  INFO 12792 --- [SpringContextShutdownHook] org.springframework.scheduling.concurrent.ThreadPoolTaskExecutor : Shutting down ExecutorService 'applicationTaskExecutor'
2023-07-24 12:53:52.830  INFO 12792 --- [SpringContextShutdownHook] com.alibaba.druid.pool.DruidDataSource : {dataSource-1} closed
2023-07-24 12:54:32.872  INFO 13460 --- [main] com.dreamchaser.depository_manage.DepositoryManageApplication : Starting DepositoryManageApplication on queshumin-pc with PID 13460 (C:\Users\queshumin\Desktop\depository_manage-master\target\classes started by queshumin in C:\Users\queshumin\Desktop\depository_manage-master)
2023-07-24 12:54:32.874  INFO 13460 --- [main] com.dreamchaser.depository_manage.DepositoryManageApplication : The following profiles are active: test
2023-07-24 12:54:33.580  INFO 13460 --- [main] org.springframework.boot.web.embedded.tomcat.TomcatWebServer : Tomcat initialized with port(s): 8080 (http)
2023-07-24 12:54:33.588  INFO 13460 --- [main] org.apache.catalina.core.StandardService : Starting service [Tomcat]
2023-07-24 12:54:33.588  INFO 13460 --- [main] org.apache.catalina.core.StandardEngine : Starting Servlet engine: [Apache Tomcat/9.0.41]
2023-07-24 12:54:33.589  INFO 13460 --- [main] org.apache.catalina.core.AprLifecycleListener : Loaded Apache Tomcat Native library [2.0.4] using APR version [1.7.4].
2023-07-24 12:54:33.589  INFO 13460 --- [main] org.apache.catalina.core.AprLifecycleListener : APR capabilities: IPv6 [true], sendfile [true], accept filters [false], random [true].
2023-07-24 12:54:33.589  INFO 13460 --- [main] org.apache.catalina.core.AprLifecycleListener : APR/OpenSSL configuration: useAprConnector [false], useOpenSSL [true]
2023-07-24 12:54:33.593  INFO 13460 --- [main] org.apache.catalina.core.AprLifecycleListener : OpenSSL successfully initialized [OpenSSL 3.0.9 30 May 2023]
2023-07-24 12:54:33.647  INFO 13460 --- [main] org.apache.catalina.core.ContainerBase.[Tomcat].[localhost].[/] : Initializing Spring embedded WebApplicationContext
2023-07-24 12:54:33.647  INFO 13460 --- [main] org.springframework.boot.web.servlet.context.ServletWebServerApplicationContext : Root WebApplicationContext: initialization completed in 739 ms
2023-07-24 12:54:34.061  INFO 13460 --- [main] org.springframework.scheduling.concurrent.ThreadPoolTaskExecutor : Initializing ExecutorService 'applicationTaskExecutor'
2023-07-24 12:54:34.110  INFO 13460 --- [main] org.springframework.boot.autoconfigure.web.servlet.WelcomePageHandlerMapping : Adding welcome page template: index
2023-07-24 12:54:34.234  INFO 13460 --- [main] org.springframework.boot.web.embedded.tomcat.TomcatWebServer : Tomcat started on port(s): 8080 (http) with context path ''
2023-07-24 12:54:34.241  INFO 13460 --- [main] com.dreamchaser.depository_manage.DepositoryManageApplication : Started DepositoryManageApplication in 1.718 seconds (JVM running for 2.126)
2023-07-24 12:55:20.669  INFO 13460 --- [http-nio-8080-exec-1] org.apache.catalina.core.ContainerBase.[Tomcat].[localhost].[/] : Initializing Spring DispatcherServlet 'dispatcherServlet'
2023-07-24 12:55:20.670  INFO 13460 --- [http-nio-8080-exec-1] org.springframework.web.servlet.DispatcherServlet : Initializing Servlet 'dispatcherServlet'
2023-07-24 12:55:20.673  INFO 13460 --- [http-nio-8080-exec-1] org.springframework.web.servlet.DispatcherServlet : Completed initialization in 3 ms
2023-07-24 12:55:21.837  INFO 13460 --- [http-nio-8080-exec-3] com.alibaba.druid.pool.DruidDataSource : {dataSource-1} inited
2023-07-24 14:25:07.980  INFO 13460 --- [SpringContextShutdownHook] org.springframework.scheduling.concurrent.ThreadPoolTaskExecutor : Shutting down ExecutorService 'applicationTaskExecutor'
2023-07-24 14:25:07.982  INFO 13460 --- [SpringContextShutdownHook] com.alibaba.druid.pool.DruidDataSource : {dataSource-1} closed
2023-07-24 14:25:10.057  INFO 9860 --- [main] com.dreamchaser.depository_manage.DepositoryManageApplication : Starting DepositoryManageApplication on queshumin-pc with PID 9860 (C:\Users\queshumin\Desktop\depository_manage-master\target\classes started by queshumin in C:\Users\queshumin\Desktop\depository_manage-master)
2023-07-24 14:25:10.059  INFO 9860 --- [main] com.dreamchaser.depository_manage.DepositoryManageApplication : The following profiles are active: test
2023-07-24 14:25:10.770  INFO 9860 --- [main] org.springframework.boot.web.embedded.tomcat.TomcatWebServer : Tomcat initialized with port(s): 8080 (http)
2023-07-24 14:25:10.777  INFO 9860 --- [main] org.apache.catalina.core.StandardService : Starting service [Tomcat]
2023-07-24 14:25:10.777  INFO 9860 --- [main] org.apache.catalina.core.StandardEngine : Starting Servlet engine: [Apache Tomcat/9.0.41]
2023-07-24 14:25:10.778  INFO 9860 --- [main] org.apache.catalina.core.AprLifecycleListener : Loaded Apache Tomcat Native library [2.0.4] using APR version [1.7.4].
2023-07-24 14:25:10.778  INFO 9860 --- [main] org.apache.catalina.core.AprLifecycleListener : APR capabilities: IPv6 [true], sendfile [true], accept filters [false], random [true].
2023-07-24 14:25:10.778  INFO 9860 --- [main] org.apache.catalina.core.AprLifecycleListener : APR/OpenSSL configuration: useAprConnector [false], useOpenSSL [true]
2023-07-24 14:25:10.781  INFO 9860 --- [main] org.apache.catalina.core.AprLifecycleListener : OpenSSL successfully initialized [OpenSSL 3.0.9 30 May 2023]
2023-07-24 14:25:10.833  INFO 9860 --- [main] org.apache.catalina.core.ContainerBase.[Tomcat].[localhost].[/] : Initializing Spring embedded WebApplicationContext
2023-07-24 14:25:10.833  INFO 9860 --- [main] org.springframework.boot.web.servlet.context.ServletWebServerApplicationContext : Root WebApplicationContext: initialization completed in 738 ms
2023-07-24 14:25:11.246  INFO 9860 --- [main] org.springframework.scheduling.concurrent.ThreadPoolTaskExecutor : Initializing ExecutorService 'applicationTaskExecutor'
2023-07-24 14:25:11.296  INFO 9860 --- [main] org.springframework.boot.autoconfigure.web.servlet.WelcomePageHandlerMapping : Adding welcome page template: index
2023-07-24 14:25:11.424  INFO 9860 --- [main] org.springframework.boot.web.embedded.tomcat.TomcatWebServer : Tomcat started on port(s): 8080 (http) with context path ''
2023-07-24 14:25:11.432  INFO 9860 --- [main] com.dreamchaser.depository_manage.DepositoryManageApplication : Started DepositoryManageApplication in 1.751 seconds (JVM running for 2.375)
2023-07-24 14:25:15.695  INFO 9860 --- [http-nio-8080-exec-1] org.apache.catalina.core.ContainerBase.[Tomcat].[localhost].[/] : Initializing Spring DispatcherServlet 'dispatcherServlet'
2023-07-24 14:25:15.696  INFO 9860 --- [http-nio-8080-exec-1] org.springframework.web.servlet.DispatcherServlet : Initializing Servlet 'dispatcherServlet'
2023-07-24 14:25:15.699  INFO 9860 --- [http-nio-8080-exec-1] org.springframework.web.servlet.DispatcherServlet : Completed initialization in 3 ms
2023-07-24 14:25:17.054  INFO 9860 --- [http-nio-8080-exec-3] com.alibaba.druid.pool.DruidDataSource : {dataSource-1} inited
2023-07-24 14:29:36.437  INFO 9860 --- [SpringContextShutdownHook] org.springframework.scheduling.concurrent.ThreadPoolTaskExecutor : Shutting down ExecutorService 'applicationTaskExecutor'
2023-07-24 14:29:36.445  INFO 9860 --- [SpringContextShutdownHook] com.alibaba.druid.pool.DruidDataSource : {dataSource-1} closed
2023-07-24 14:29:38.314  INFO 12032 --- [main] com.dreamchaser.depository_manage.DepositoryManageApplication : Starting DepositoryManageApplication on queshumin-pc with PID 12032 (C:\Users\queshumin\Desktop\depository_manage-master\target\classes started by queshumin in C:\Users\queshumin\Desktop\depository_manage-master)
2023-07-24 14:29:38.317  INFO 12032 --- [main] com.dreamchaser.depository_manage.DepositoryManageApplication : The following profiles are active: test
2023-07-24 14:29:39.029  INFO 12032 --- [main] org.springframework.boot.web.embedded.tomcat.TomcatWebServer : Tomcat initialized with port(s): 8080 (http)
2023-07-24 14:29:39.036  INFO 12032 --- [main] org.apache.catalina.core.StandardService : Starting service [Tomcat]
2023-07-24 14:29:39.037  INFO 12032 --- [main] org.apache.catalina.core.StandardEngine : Starting Servlet engine: [Apache Tomcat/9.0.41]
2023-07-24 14:29:39.038  INFO 12032 --- [main] org.apache.catalina.core.AprLifecycleListener : Loaded Apache Tomcat Native library [2.0.4] using APR version [1.7.4].
2023-07-24 14:29:39.038  INFO 12032 --- [main] org.apache.catalina.core.AprLifecycleListener : APR capabilities: IPv6 [true], sendfile [true], accept filters [false], random [true].
2023-07-24 14:29:39.038  INFO 12032 --- [main] org.apache.catalina.core.AprLifecycleListener : APR/OpenSSL configuration: useAprConnector [false], useOpenSSL [true]
2023-07-24 14:29:39.041  INFO 12032 --- [main] org.apache.catalina.core.AprLifecycleListener : OpenSSL successfully initialized [OpenSSL 3.0.9 30 May 2023]
2023-07-24 14:29:39.091  INFO 12032 --- [main] org.apache.catalina.core.ContainerBase.[Tomcat].[localhost].[/] : Initializing Spring embedded WebApplicationContext
2023-07-24 14:29:39.091  INFO 12032 --- [main] org.springframework.boot.web.servlet.context.ServletWebServerApplicationContext : Root WebApplicationContext: initialization completed in 737 ms
2023-07-24 14:29:39.486  INFO 12032 --- [main] org.springframework.scheduling.concurrent.ThreadPoolTaskExecutor : Initializing ExecutorService 'applicationTaskExecutor'
2023-07-24 14:29:39.536  INFO 12032 --- [main] org.springframework.boot.autoconfigure.web.servlet.WelcomePageHandlerMapping : Adding welcome page template: index
2023-07-24 14:29:39.658  INFO 12032 --- [main] org.springframework.boot.web.embedded.tomcat.TomcatWebServer : Tomcat started on port(s): 8080 (http) with context path ''
2023-07-24 14:29:39.665  INFO 12032 --- [main] com.dreamchaser.depository_manage.DepositoryManageApplication : Started DepositoryManageApplication in 1.796 seconds (JVM running for 2.344)
2023-07-24 14:29:42.584  INFO 12032 --- [http-nio-8080-exec-1] org.apache.catalina.core.ContainerBase.[Tomcat].[localhost].[/] : Initializing Spring DispatcherServlet 'dispatcherServlet'
2023-07-24 14:29:42.584  INFO 12032 --- [http-nio-8080-exec-1] org.springframework.web.servlet.DispatcherServlet : Initializing Servlet 'dispatcherServlet'
2023-07-24 14:29:42.588  INFO 12032 --- [http-nio-8080-exec-1] org.springframework.web.servlet.DispatcherServlet : Completed initialization in 4 ms
2023-07-24 14:29:43.574  INFO 12032 --- [http-nio-8080-exec-3] com.alibaba.druid.pool.DruidDataSource : {dataSource-1} inited
2023-07-24 14:43:52.322  INFO 12032 --- [SpringContextShutdownHook] org.springframework.scheduling.concurrent.ThreadPoolTaskExecutor : Shutting down ExecutorService 'applicationTaskExecutor'
2023-07-24 14:43:52.325  INFO 12032 --- [SpringContextShutdownHook] com.alibaba.druid.pool.DruidDataSource : {dataSource-1} closed
2023-07-24 14:43:55.826  INFO 12192 --- [main] com.dreamchaser.depository_manage.DepositoryManageApplication : Starting DepositoryManageApplication on queshumin-pc with PID 12192 (C:\Users\queshumin\Desktop\depository_manage-master\target\classes started by queshumin in C:\Users\queshumin\Desktop\depository_manage-master)
2023-07-24 14:43:55.829  INFO 12192 --- [main] com.dreamchaser.depository_manage.DepositoryManageApplication : The following profiles are active: test
2023-07-24 14:43:56.531  INFO 12192 --- [main] org.springframework.boot.web.embedded.tomcat.TomcatWebServer : Tomcat initialized with port(s): 8080 (http)
2023-07-24 14:43:56.538  INFO 12192 --- [main] org.apache.catalina.core.StandardService : Starting service [Tomcat]
2023-07-24 14:43:56.538  INFO 12192 --- [main] org.apache.catalina.core.StandardEngine : Starting Servlet engine: [Apache Tomcat/9.0.41]
2023-07-24 14:43:56.539  INFO 12192 --- [main] org.apache.catalina.core.AprLifecycleListener : Loaded Apache Tomcat Native library [2.0.4] using APR version [1.7.4].
2023-07-24 14:43:56.539  INFO 12192 --- [main] org.apache.catalina.core.AprLifecycleListener : APR capabilities: IPv6 [true], sendfile [true], accept filters [false], random [true].
2023-07-24 14:43:56.539  INFO 12192 --- [main] org.apache.catalina.core.AprLifecycleListener : APR/OpenSSL configuration: useAprConnector [false], useOpenSSL [true]
2023-07-24 14:43:56.542  INFO 12192 --- [main] org.apache.catalina.core.AprLifecycleListener : OpenSSL successfully initialized [OpenSSL 3.0.9 30 May 2023]
2023-07-24 14:43:56.591  INFO 12192 --- [main] org.apache.catalina.core.ContainerBase.[Tomcat].[localhost].[/] : Initializing Spring embedded WebApplicationContext
2023-07-24 14:43:56.591  INFO 12192 --- [main] org.springframework.boot.web.servlet.context.ServletWebServerApplicationContext : Root WebApplicationContext: initialization completed in 730 ms
2023-07-24 14:43:57.004  INFO 12192 --- [main] org.springframework.scheduling.concurrent.ThreadPoolTaskExecutor : Initializing ExecutorService 'applicationTaskExecutor'
2023-07-24 14:43:57.056  INFO 12192 --- [main] org.springframework.boot.autoconfigure.web.servlet.WelcomePageHandlerMapping : Adding welcome page template: index
2023-07-24 14:43:57.181  INFO 12192 --- [main] org.springframework.boot.web.embedded.tomcat.TomcatWebServer : Tomcat started on port(s): 8080 (http) with context path ''
2023-07-24 14:43:57.188  INFO 12192 --- [main] com.dreamchaser.depository_manage.DepositoryManageApplication : Started DepositoryManageApplication in 1.705 seconds (JVM running for 2.103)
2023-07-24 14:43:59.959  INFO 12192 --- [http-nio-8080-exec-1] org.apache.catalina.core.ContainerBase.[Tomcat].[localhost].[/] : Initializing Spring DispatcherServlet 'dispatcherServlet'
2023-07-24 14:43:59.959  INFO 12192 --- [http-nio-8080-exec-1] org.springframework.web.servlet.DispatcherServlet : Initializing Servlet 'dispatcherServlet'
2023-07-24 14:43:59.963  INFO 12192 --- [http-nio-8080-exec-1] org.springframework.web.servlet.DispatcherServlet : Completed initialization in 4 ms
2023-07-24 14:44:00.907  INFO 12192 --- [http-nio-8080-exec-3] com.alibaba.druid.pool.DruidDataSource : {dataSource-1} inited
2023-07-24 14:50:37.876  INFO 12192 --- [SpringContextShutdownHook] org.springframework.scheduling.concurrent.ThreadPoolTaskExecutor : Shutting down ExecutorService 'applicationTaskExecutor'
2023-07-24 14:50:37.879  INFO 12192 --- [SpringContextShutdownHook] com.alibaba.druid.pool.DruidDataSource : {dataSource-1} closed
2023-07-24 14:50:40.633  INFO 13332 --- [main] com.dreamchaser.depository_manage.DepositoryManageApplication : Starting DepositoryManageApplication on queshumin-pc with PID 13332 (C:\Users\queshumin\Desktop\depository_manage-master\target\classes started by queshumin in C:\Users\queshumin\Desktop\depository_manage-master)
2023-07-24 14:50:40.636  INFO 13332 --- [main] com.dreamchaser.depository_manage.DepositoryManageApplication : The following profiles are active: test
2023-07-24 14:50:41.338  INFO 13332 --- [main] org.springframework.boot.web.embedded.tomcat.TomcatWebServer : Tomcat initialized with port(s): 8080 (http)
2023-07-24 14:50:41.345  INFO 13332 --- [main] org.apache.catalina.core.StandardService : Starting service [Tomcat]
2023-07-24 14:50:41.345  INFO 13332 --- [main] org.apache.catalina.core.StandardEngine : Starting Servlet engine: [Apache Tomcat/9.0.41]
2023-07-24 14:50:41.346  INFO 13332 --- [main] org.apache.catalina.core.AprLifecycleListener : Loaded Apache Tomcat Native library [2.0.4] using APR version [1.7.4].
2023-07-24 14:50:41.346  INFO 13332 --- [main] org.apache.catalina.core.AprLifecycleListener : APR capabilities: IPv6 [true], sendfile [true], accept filters [false], random [true].
2023-07-24 14:50:41.346  INFO 13332 --- [main] org.apache.catalina.core.AprLifecycleListener : APR/OpenSSL configuration: useAprConnector [false], useOpenSSL [true]
2023-07-24 14:50:41.349  INFO 13332 --- [main] org.apache.catalina.core.AprLifecycleListener : OpenSSL successfully initialized [OpenSSL 3.0.9 30 May 2023]
2023-07-24 14:50:41.399  INFO 13332 --- [main] org.apache.catalina.core.ContainerBase.[Tomcat].[localhost].[/] : Initializing Spring embedded WebApplicationContext
2023-07-24 14:50:41.399  INFO 13332 --- [main] org.springframework.boot.web.servlet.context.ServletWebServerApplicationContext : Root WebApplicationContext: initialization completed in 730 ms
2023-07-24 14:50:41.815  INFO 13332 --- [main] org.springframework.scheduling.concurrent.ThreadPoolTaskExecutor : Initializing ExecutorService 'applicationTaskExecutor'
2023-07-24 14:50:41.866  INFO 13332 --- [main] org.springframework.boot.autoconfigure.web.servlet.WelcomePageHandlerMapping : Adding welcome page template: index
2023-07-24 14:50:41.992  INFO 13332 --- [main] org.springframework.boot.web.embedded.tomcat.TomcatWebServer : Tomcat started on port(s): 8080 (http) with context path ''
2023-07-24 14:50:41.999  INFO 13332 --- [main] com.dreamchaser.depository_manage.DepositoryManageApplication : Started DepositoryManageApplication in 1.709 seconds (JVM running for 2.108)
2023-07-24 14:50:44.759  INFO 13332 --- [http-nio-8080-exec-1] org.apache.catalina.core.ContainerBase.[Tomcat].[localhost].[/] : Initializing Spring DispatcherServlet 'dispatcherServlet'
2023-07-24 14:50:44.760  INFO 13332 --- [http-nio-8080-exec-1] org.springframework.web.servlet.DispatcherServlet : Initializing Servlet 'dispatcherServlet'
2023-07-24 14:50:44.763  INFO 13332 --- [http-nio-8080-exec-1] org.springframework.web.servlet.DispatcherServlet : Completed initialization in 3 ms
2023-07-24 14:50:45.538  INFO 13332 --- [http-nio-8080-exec-3] com.alibaba.druid.pool.DruidDataSource : {dataSource-1} inited
2023-07-24 14:52:27.436  INFO 13332 --- [SpringContextShutdownHook] org.springframework.scheduling.concurrent.ThreadPoolTaskExecutor : Shutting down ExecutorService 'applicationTaskExecutor'
2023-07-24 14:52:27.439  INFO 13332 --- [SpringContextShutdownHook] com.alibaba.druid.pool.DruidDataSource : {dataSource-1} closed
2023-07-24 14:52:30.494  INFO 13320 --- [main] com.dreamchaser.depository_manage.DepositoryManageApplication : Starting DepositoryManageApplication on queshumin-pc with PID 13320 (C:\Users\queshumin\Desktop\depository_manage-master\target\classes started by queshumin in C:\Users\queshumin\Desktop\depository_manage-master)
2023-07-24 14:52:30.497  INFO 13320 --- [main] com.dreamchaser.depository_manage.DepositoryManageApplication : The following profiles are active: test
2023-07-24 14:52:31.186  INFO 13320 --- [main] org.springframework.boot.web.embedded.tomcat.TomcatWebServer : Tomcat initialized with port(s): 8080 (http)
2023-07-24 14:52:31.193  INFO 13320 --- [main] org.apache.catalina.core.StandardService : Starting service [Tomcat]
2023-07-24 14:52:31.193  INFO 13320 --- [main] org.apache.catalina.core.StandardEngine : Starting Servlet engine: [Apache Tomcat/9.0.41]
2023-07-24 14:52:31.194  INFO 13320 --- [main] org.apache.catalina.core.AprLifecycleListener : Loaded Apache Tomcat Native library [2.0.4] using APR version [1.7.4].
2023-07-24 14:52:31.194  INFO 13320 --- [main] org.apache.catalina.core.AprLifecycleListener : APR capabilities: IPv6 [true], sendfile [true], accept filters [false], random [true].
2023-07-24 14:52:31.194  INFO 13320 --- [main] org.apache.catalina.core.AprLifecycleListener : APR/OpenSSL configuration: useAprConnector [false], useOpenSSL [true]
2023-07-24 14:52:31.197  INFO 13320 --- [main] org.apache.catalina.core.AprLifecycleListener : OpenSSL successfully initialized [OpenSSL 3.0.9 30 May 2023]
2023-07-24 14:52:31.247  INFO 13320 --- [main] org.apache.catalina.core.ContainerBase.[Tomcat].[localhost].[/] : Initializing Spring embedded WebApplicationContext
2023-07-24 14:52:31.247  INFO 13320 --- [main] org.springframework.boot.web.servlet.context.ServletWebServerApplicationContext : Root WebApplicationContext: initialization completed in 719 ms
2023-07-24 14:52:31.653  INFO 13320 --- [main] org.springframework.scheduling.concurrent.ThreadPoolTaskExecutor : Initializing ExecutorService 'applicationTaskExecutor'
2023-07-24 14:52:31.704  INFO 13320 --- [main] org.springframework.boot.autoconfigure.web.servlet.WelcomePageHandlerMapping : Adding welcome page template: index
2023-07-24 14:52:31.833  INFO 13320 --- [main] org.springframework.boot.web.embedded.tomcat.TomcatWebServer : Tomcat started on port(s): 8080 (http) with context path ''
2023-07-24 14:52:31.840  INFO 13320 --- [main] com.dreamchaser.depository_manage.DepositoryManageApplication : Started DepositoryManageApplication in 1.687 seconds (JVM running for 2.066)
2023-07-24 14:52:34.538  INFO 13320 --- [http-nio-8080-exec-1] org.apache.catalina.core.ContainerBase.[Tomcat].[localhost].[/] : Initializing Spring DispatcherServlet 'dispatcherServlet'
2023-07-24 14:52:34.539  INFO 13320 --- [http-nio-8080-exec-1] org.springframework.web.servlet.DispatcherServlet : Initializing Servlet 'dispatcherServlet'
2023-07-24 14:52:34.542  INFO 13320 --- [http-nio-8080-exec-1] org.springframework.web.servlet.DispatcherServlet : Completed initialization in 3 ms
2023-07-24 14:52:35.431  INFO 13320 --- [http-nio-8080-exec-3] com.alibaba.druid.pool.DruidDataSource : {dataSource-1} inited
2023-07-24 14:53:44.965  INFO 13320 --- [SpringContextShutdownHook] org.springframework.scheduling.concurrent.ThreadPoolTaskExecutor : Shutting down ExecutorService 'applicationTaskExecutor'
2023-07-24 14:53:44.968  INFO 13320 --- [SpringContextShutdownHook] com.alibaba.druid.pool.DruidDataSource : {dataSource-1} closed
2023-07-24 14:53:47.939  INFO 11512 --- [main] com.dreamchaser.depository_manage.DepositoryManageApplication : Starting DepositoryManageApplication on queshumin-pc with PID 11512 (C:\Users\queshumin\Desktop\depository_manage-master\target\classes started by queshumin in C:\Users\queshumin\Desktop\depository_manage-master)
2023-07-24 14:53:47.941  INFO 11512 --- [main] com.dreamchaser.depository_manage.DepositoryManageApplication : The following profiles are active: test
2023-07-24 14:53:48.639  INFO 11512 --- [main] org.springframework.boot.web.embedded.tomcat.TomcatWebServer : Tomcat initialized with port(s): 8080 (http)
2023-07-24 14:53:48.646  INFO 11512 --- [main] org.apache.catalina.core.StandardService : Starting service [Tomcat]
2023-07-24 14:53:48.646  INFO 11512 --- [main] org.apache.catalina.core.StandardEngine : Starting Servlet engine: [Apache Tomcat/9.0.41]
2023-07-24 14:53:48.647  INFO 11512 --- [main] org.apache.catalina.core.AprLifecycleListener : Loaded Apache Tomcat Native library [2.0.4] using APR version [1.7.4].
2023-07-24 14:53:48.647  INFO 11512 --- [main] org.apache.catalina.core.AprLifecycleListener : APR capabilities: IPv6 [true], sendfile [true], accept filters [false], random [true].
2023-07-24 14:53:48.647  INFO 11512 --- [main] org.apache.catalina.core.AprLifecycleListener : APR/OpenSSL configuration: useAprConnector [false], useOpenSSL [true]
2023-07-24 14:53:48.650  INFO 11512 --- [main] org.apache.catalina.core.AprLifecycleListener : OpenSSL successfully initialized [OpenSSL 3.0.9 30 May 2023]
2023-07-24 14:53:48.699  INFO 11512 --- [main] org.apache.catalina.core.ContainerBase.[Tomcat].[localhost].[/] : Initializing Spring embedded WebApplicationContext
2023-07-24 14:53:48.700  INFO 11512 --- [main] org.springframework.boot.web.servlet.context.ServletWebServerApplicationContext : Root WebApplicationContext: initialization completed in 721 ms
2023-07-24 14:53:49.110  INFO 11512 --- [main] org.springframework.scheduling.concurrent.ThreadPoolTaskExecutor : Initializing ExecutorService 'applicationTaskExecutor'
2023-07-24 14:53:49.161  INFO 11512 --- [main] org.springframework.boot.autoconfigure.web.servlet.WelcomePageHandlerMapping : Adding welcome page template: index
2023-07-24 14:53:49.290  INFO 11512 --- [main] org.springframework.boot.web.embedded.tomcat.TomcatWebServer : Tomcat started on port(s): 8080 (http) with context path ''
2023-07-24 14:53:49.297  INFO 11512 --- [main] com.dreamchaser.depository_manage.DepositoryManageApplication : Started DepositoryManageApplication in 1.704 seconds (JVM running for 2.082)
2023-07-24 14:53:52.470  INFO 11512 --- [http-nio-8080-exec-1] org.apache.catalina.core.ContainerBase.[Tomcat].[localhost].[/] : Initializing Spring DispatcherServlet 'dispatcherServlet'
2023-07-24 14:53:52.471  INFO 11512 --- [http-nio-8080-exec-1] org.springframework.web.servlet.DispatcherServlet : Initializing Servlet 'dispatcherServlet'
2023-07-24 14:53:52.474  INFO 11512 --- [http-nio-8080-exec-1] org.springframework.web.servlet.DispatcherServlet : Completed initialization in 3 ms
2023-07-24 14:53:53.387  INFO 11512 --- [http-nio-8080-exec-5] com.alibaba.druid.pool.DruidDataSource : {dataSource-1} inited
2023-07-24 14:56:18.605  INFO 11512 --- [SpringContextShutdownHook] org.springframework.scheduling.concurrent.ThreadPoolTaskExecutor : Shutting down ExecutorService 'applicationTaskExecutor'
2023-07-24 14:56:18.608  INFO 11512 --- [SpringContextShutdownHook] com.alibaba.druid.pool.DruidDataSource : {dataSource-1} closed
2023-07-24 14:56:20.608  INFO 2692 --- [main] com.dreamchaser.depository_manage.DepositoryManageApplication : Starting DepositoryManageApplication on queshumin-pc with PID 2692 (C:\Users\queshumin\Desktop\depository_manage-master\target\classes started by queshumin in C:\Users\queshumin\Desktop\depository_manage-master)
2023-07-24 14:56:20.611  INFO 2692 --- [main] com.dreamchaser.depository_manage.DepositoryManageApplication : The following profiles are active: test
2023-07-24 14:56:21.324  INFO 2692 --- [main] org.springframework.boot.web.embedded.tomcat.TomcatWebServer : Tomcat initialized with port(s): 8080 (http)
2023-07-24 14:56:21.329  INFO 2692 --- [main] org.apache.catalina.core.StandardService : Starting service [Tomcat]
2023-07-24 14:56:21.330  INFO 2692 --- [main] org.apache.catalina.core.StandardEngine : Starting Servlet engine: [Apache Tomcat/9.0.41]
2023-07-24 14:56:21.331  INFO 2692 --- [main] org.apache.catalina.core.AprLifecycleListener : Loaded Apache Tomcat Native library [2.0.4] using APR version [1.7.4].
2023-07-24 14:56:21.331  INFO 2692 --- [main] org.apache.catalina.core.AprLifecycleListener : APR capabilities: IPv6 [true], sendfile [true], accept filters [false], random [true].
2023-07-24 14:56:21.331  INFO 2692 --- [main] org.apache.catalina.core.AprLifecycleListener : APR/OpenSSL configuration: useAprConnector [false], useOpenSSL [true]
2023-07-24 14:56:21.334  INFO 2692 --- [main] org.apache.catalina.core.AprLifecycleListener : OpenSSL successfully initialized [OpenSSL 3.0.9 30 May 2023]
2023-07-24 14:56:21.384  INFO 2692 --- [main] org.apache.catalina.core.ContainerBase.[Tomcat].[localhost].[/] : Initializing Spring embedded WebApplicationContext
2023-07-24 14:56:21.384  INFO 2692 --- [main] org.springframework.boot.web.servlet.context.ServletWebServerApplicationContext : Root WebApplicationContext: initialization completed in 732 ms
2023-07-24 14:56:21.788  INFO 2692 --- [main] org.springframework.scheduling.concurrent.ThreadPoolTaskExecutor : Initializing ExecutorService 'applicationTaskExecutor'
2023-07-24 14:56:21.836  INFO 2692 --- [main] org.springframework.boot.autoconfigure.web.servlet.WelcomePageHandlerMapping : Adding welcome page template: index
2023-07-24 14:56:21.962  INFO 2692 --- [main] org.springframework.boot.web.embedded.tomcat.TomcatWebServer : Tomcat started on port(s): 8080 (http) with context path ''
2023-07-24 14:56:21.969  INFO 2692 --- [main] com.dreamchaser.depository_manage.DepositoryManageApplication : Started DepositoryManageApplication in 1.797 seconds (JVM running for 2.394)
2023-07-24 14:56:25.801  INFO 2692 --- [http-nio-8080-exec-1] org.apache.catalina.core.ContainerBase.[Tomcat].[localhost].[/] : Initializing Spring DispatcherServlet 'dispatcherServlet'
2023-07-24 14:56:25.801  INFO 2692 --- [http-nio-8080-exec-1] org.springframework.web.servlet.DispatcherServlet : Initializing Servlet 'dispatcherServlet'
2023-07-24 14:56:25.805  INFO 2692 --- [http-nio-8080-exec-1] org.springframework.web.servlet.DispatcherServlet : Completed initialization in 4 ms
2023-07-24 14:56:26.908  INFO 2692 --- [http-nio-8080-exec-3] com.alibaba.druid.pool.DruidDataSource : {dataSource-1} inited
2023-07-24 15:22:29.907  INFO 2692 --- [SpringContextShutdownHook] org.springframework.scheduling.concurrent.ThreadPoolTaskExecutor : Shutting down ExecutorService 'applicationTaskExecutor'
2023-07-24 15:22:29.910  INFO 2692 --- [SpringContextShutdownHook] com.alibaba.druid.pool.DruidDataSource : {dataSource-1} closed
2023-07-24 15:22:32.929  INFO 3320 --- [main] com.dreamchaser.depository_manage.DepositoryManageApplication : Starting DepositoryManageApplication on queshumin-pc with PID 3320 (C:\Users\queshumin\Desktop\depository_manage-master\target\classes started by queshumin in C:\Users\queshumin\Desktop\depository_manage-master)
2023-07-24 15:22:32.932  INFO 3320 --- [main] com.dreamchaser.depository_manage.DepositoryManageApplication : The following profiles are active: test
2023-07-24 15:22:33.626  INFO 3320 --- [main] org.springframework.boot.web.embedded.tomcat.TomcatWebServer : Tomcat initialized with port(s): 8080 (http)
2023-07-24 15:22:33.633  INFO 3320 --- [main] org.apache.catalina.core.StandardService : Starting service [Tomcat]
2023-07-24 15:22:33.634  INFO 3320 --- [main] org.apache.catalina.core.StandardEngine : Starting Servlet engine: [Apache Tomcat/9.0.41]
2023-07-24 15:22:33.635  INFO 3320 --- [main] org.apache.catalina.core.AprLifecycleListener : Loaded Apache Tomcat Native library [2.0.4] using APR version [1.7.4].
2023-07-24 15:22:33.635  INFO 3320 --- [main] org.apache.catalina.core.AprLifecycleListener : APR capabilities: IPv6 [true], sendfile [true], accept filters [false], random [true].
2023-07-24 15:22:33.635  INFO 3320 --- [main] org.apache.catalina.core.AprLifecycleListener : APR/OpenSSL configuration: useAprConnector [false], useOpenSSL [true]
2023-07-24 15:22:33.638  INFO 3320 --- [main] org.apache.catalina.core.AprLifecycleListener : OpenSSL successfully initialized [OpenSSL 3.0.9 30 May 2023]
2023-07-24 15:22:33.688  INFO 3320 --- [main] org.apache.catalina.core.ContainerBase.[Tomcat].[localhost].[/] : Initializing Spring embedded WebApplicationContext
2023-07-24 15:22:33.688  INFO 3320 --- [main] org.springframework.boot.web.servlet.context.ServletWebServerApplicationContext : Root WebApplicationContext: initialization completed in 724 ms
2023-07-24 15:22:34.097  INFO 3320 --- [main] org.springframework.scheduling.concurrent.ThreadPoolTaskExecutor : Initializing ExecutorService 'applicationTaskExecutor'
2023-07-24 15:22:34.147  INFO 3320 --- [main] org.springframework.boot.autoconfigure.web.servlet.WelcomePageHandlerMapping : Adding welcome page template: index
2023-07-24 15:22:34.276  INFO 3320 --- [main] org.springframework.boot.web.embedded.tomcat.TomcatWebServer : Tomcat started on port(s): 8080 (http) with context path ''
2023-07-24 15:22:34.283  INFO 3320 --- [main] com.dreamchaser.depository_manage.DepositoryManageApplication : Started DepositoryManageApplication in 1.705 seconds (JVM running for 2.088)
2023-07-24 15:22:38.613  INFO 3320 --- [http-nio-8080-exec-1] org.apache.catalina.core.ContainerBase.[Tomcat].[localhost].[/] : Initializing Spring DispatcherServlet 'dispatcherServlet'
2023-07-24 15:22:38.613  INFO 3320 --- [http-nio-8080-exec-1] org.springframework.web.servlet.DispatcherServlet : Initializing Servlet 'dispatcherServlet'
2023-07-24 15:22:38.616  INFO 3320 --- [http-nio-8080-exec-1] org.springframework.web.servlet.DispatcherServlet : Completed initialization in 3 ms
2023-07-24 15:22:39.796  INFO 3320 --- [http-nio-8080-exec-3] com.alibaba.druid.pool.DruidDataSource : {dataSource-1} inited
2023-07-24 16:56:56.591  INFO 3320 --- [SpringContextShutdownHook] org.springframework.scheduling.concurrent.ThreadPoolTaskExecutor : Shutting down ExecutorService 'applicationTaskExecutor'
2023-07-24 16:56:56.591  INFO 3320 --- [SpringContextShutdownHook] com.alibaba.druid.pool.DruidDataSource : {dataSource-1} closed
