2023-07-18 10:43:38.359  INFO 17944 --- [main] com.dreamchaser.depository_manage.DepositoryManageApplication : Starting DepositoryManageApplication on LAPTOP-H19ORN5S with PID 17944 (C:\Users\Q\Desktop\depository_manage-master\target\classes started by Q in C:\Users\Q\Desktop\depository_manage-master)
2023-07-18 10:43:38.362  INFO 17944 --- [main] com.dreamchaser.depository_manage.DepositoryManageApplication : The following profiles are active: test
2023-07-18 10:43:39.392  INFO 17944 --- [main] org.springframework.boot.web.embedded.tomcat.TomcatWebServer : Tomcat initialized with port(s): 8080 (http)
2023-07-18 10:43:39.402  INFO 17944 --- [main] org.apache.catalina.core.StandardService : Starting service [Tomcat]
2023-07-18 10:43:39.408  INFO 17944 --- [main] org.apache.catalina.core.StandardEngine : Starting Servlet engine: [Apache Tomcat/9.0.41]
2023-07-18 10:43:39.510  INFO 17944 --- [main] org.apache.catalina.core.ContainerBase.[Tomcat].[localhost].[/] : Initializing Spring embedded WebApplicationContext
2023-07-18 10:43:39.510  INFO 17944 --- [main] org.springframework.boot.web.servlet.context.ServletWebServerApplicationContext : Root WebApplicationContext: initialization completed in 1108 ms
2023-07-18 10:43:40.018  INFO 17944 --- [main] org.springframework.scheduling.concurrent.ThreadPoolTaskExecutor : Initializing ExecutorService 'applicationTaskExecutor'
2023-07-18 10:43:40.091  INFO 17944 --- [main] org.springframework.boot.autoconfigure.web.servlet.WelcomePageHandlerMapping : Adding welcome page template: index
2023-07-18 10:43:40.281  INFO 17944 --- [main] org.springframework.boot.web.embedded.tomcat.TomcatWebServer : Tomcat started on port(s): 8080 (http) with context path ''
2023-07-18 10:43:40.289  INFO 17944 --- [main] com.dreamchaser.depository_manage.DepositoryManageApplication : Started DepositoryManageApplication in 2.443 seconds (JVM running for 3.044)
2023-07-18 10:43:46.006  INFO 17944 --- [http-nio-8080-exec-1] org.apache.catalina.core.ContainerBase.[Tomcat].[localhost].[/] : Initializing Spring DispatcherServlet 'dispatcherServlet'
2023-07-18 10:43:46.007  INFO 17944 --- [http-nio-8080-exec-1] org.springframework.web.servlet.DispatcherServlet : Initializing Servlet 'dispatcherServlet'
2023-07-18 10:43:46.014  INFO 17944 --- [http-nio-8080-exec-1] org.springframework.web.servlet.DispatcherServlet : Completed initialization in 7 ms
2023-07-18 10:44:16.520  INFO 17944 --- [http-nio-8080-exec-6] com.alibaba.druid.pool.DruidDataSource : {dataSource-1} inited
2023-07-18 13:13:12.348  INFO 17944 --- [SpringContextShutdownHook] org.springframework.scheduling.concurrent.ThreadPoolTaskExecutor : Shutting down ExecutorService 'applicationTaskExecutor'
2023-07-18 13:13:12.349  INFO 17944 --- [SpringContextShutdownHook] com.alibaba.druid.pool.DruidDataSource : {dataSource-1} closed
2023-07-18 15:47:44.545  INFO 10364 --- [main] com.dreamchaser.depository_manage.DepositoryManageApplication : Starting DepositoryManageApplication on queshumin-pc with PID 10364 (C:\Users\queshumin\Desktop\depository_manage-master\target\classes started by queshumin in C:\Users\queshumin\Desktop\depository_manage-master)
2023-07-18 15:47:44.548  INFO 10364 --- [main] com.dreamchaser.depository_manage.DepositoryManageApplication : The following profiles are active: test
2023-07-18 15:47:45.460  INFO 10364 --- [main] org.springframework.boot.web.embedded.tomcat.TomcatWebServer : Tomcat initialized with port(s): 8080 (http)
2023-07-18 15:47:45.468  INFO 10364 --- [main] org.apache.catalina.core.StandardService : Starting service [Tomcat]
2023-07-18 15:47:45.468  INFO 10364 --- [main] org.apache.catalina.core.StandardEngine : Starting Servlet engine: [Apache Tomcat/9.0.41]
2023-07-18 15:47:45.469  INFO 10364 --- [main] org.apache.catalina.core.AprLifecycleListener : Loaded Apache Tomcat Native library [2.0.4] using APR version [1.7.4].
2023-07-18 15:47:45.470  INFO 10364 --- [main] org.apache.catalina.core.AprLifecycleListener : APR capabilities: IPv6 [true], sendfile [true], accept filters [false], random [true].
2023-07-18 15:47:45.470  INFO 10364 --- [main] org.apache.catalina.core.AprLifecycleListener : APR/OpenSSL configuration: useAprConnector [false], useOpenSSL [true]
2023-07-18 15:47:45.473  INFO 10364 --- [main] org.apache.catalina.core.AprLifecycleListener : OpenSSL successfully initialized [OpenSSL 3.0.9 30 May 2023]
2023-07-18 15:47:45.525  INFO 10364 --- [main] org.apache.catalina.core.ContainerBase.[Tomcat].[localhost].[/] : Initializing Spring embedded WebApplicationContext
2023-07-18 15:47:45.525  INFO 10364 --- [main] org.springframework.boot.web.servlet.context.ServletWebServerApplicationContext : Root WebApplicationContext: initialization completed in 942 ms
2023-07-18 15:47:45.976  INFO 10364 --- [main] org.springframework.scheduling.concurrent.ThreadPoolTaskExecutor : Initializing ExecutorService 'applicationTaskExecutor'
2023-07-18 15:47:46.028  INFO 10364 --- [main] org.springframework.boot.autoconfigure.web.servlet.WelcomePageHandlerMapping : Adding welcome page template: index
2023-07-18 15:47:46.149  INFO 10364 --- [main] org.springframework.boot.web.embedded.tomcat.TomcatWebServer : Tomcat started on port(s): 8080 (http) with context path ''
2023-07-18 15:47:46.156  INFO 10364 --- [main] com.dreamchaser.depository_manage.DepositoryManageApplication : Started DepositoryManageApplication in 1.992 seconds (JVM running for 2.507)
2023-07-18 15:47:50.029  INFO 10364 --- [http-nio-8080-exec-1] org.apache.catalina.core.ContainerBase.[Tomcat].[localhost].[/] : Initializing Spring DispatcherServlet 'dispatcherServlet'
2023-07-18 15:47:50.030  INFO 10364 --- [http-nio-8080-exec-1] org.springframework.web.servlet.DispatcherServlet : Initializing Servlet 'dispatcherServlet'
2023-07-18 15:47:50.034  INFO 10364 --- [http-nio-8080-exec-1] org.springframework.web.servlet.DispatcherServlet : Completed initialization in 4 ms
2023-07-18 15:47:54.168  INFO 10364 --- [http-nio-8080-exec-4] com.alibaba.druid.pool.DruidDataSource : {dataSource-1} inited
2023-07-18 15:54:49.723  INFO 10364 --- [SpringContextShutdownHook] org.springframework.scheduling.concurrent.ThreadPoolTaskExecutor : Shutting down ExecutorService 'applicationTaskExecutor'
2023-07-18 15:54:49.726  INFO 10364 --- [SpringContextShutdownHook] com.alibaba.druid.pool.DruidDataSource : {dataSource-1} closed
2023-07-18 15:54:51.639  INFO 12064 --- [main] com.dreamchaser.depository_manage.DepositoryManageApplication : Starting DepositoryManageApplication on queshumin-pc with PID 12064 (C:\Users\queshumin\Desktop\depository_manage-master\target\classes started by queshumin in C:\Users\queshumin\Desktop\depository_manage-master)
2023-07-18 15:54:51.642  INFO 12064 --- [main] com.dreamchaser.depository_manage.DepositoryManageApplication : The following profiles are active: test
2023-07-18 15:54:52.355  INFO 12064 --- [main] org.springframework.boot.web.embedded.tomcat.TomcatWebServer : Tomcat initialized with port(s): 8080 (http)
2023-07-18 15:54:52.362  INFO 12064 --- [main] org.apache.catalina.core.StandardService : Starting service [Tomcat]
2023-07-18 15:54:52.363  INFO 12064 --- [main] org.apache.catalina.core.StandardEngine : Starting Servlet engine: [Apache Tomcat/9.0.41]
2023-07-18 15:54:52.363  INFO 12064 --- [main] org.apache.catalina.core.AprLifecycleListener : Loaded Apache Tomcat Native library [2.0.4] using APR version [1.7.4].
2023-07-18 15:54:52.364  INFO 12064 --- [main] org.apache.catalina.core.AprLifecycleListener : APR capabilities: IPv6 [true], sendfile [true], accept filters [false], random [true].
2023-07-18 15:54:52.364  INFO 12064 --- [main] org.apache.catalina.core.AprLifecycleListener : APR/OpenSSL configuration: useAprConnector [false], useOpenSSL [true]
2023-07-18 15:54:52.367  INFO 12064 --- [main] org.apache.catalina.core.AprLifecycleListener : OpenSSL successfully initialized [OpenSSL 3.0.9 30 May 2023]
2023-07-18 15:54:52.416  INFO 12064 --- [main] org.apache.catalina.core.ContainerBase.[Tomcat].[localhost].[/] : Initializing Spring embedded WebApplicationContext
2023-07-18 15:54:52.417  INFO 12064 --- [main] org.springframework.boot.web.servlet.context.ServletWebServerApplicationContext : Root WebApplicationContext: initialization completed in 745 ms
2023-07-18 15:54:52.804  INFO 12064 --- [main] org.springframework.scheduling.concurrent.ThreadPoolTaskExecutor : Initializing ExecutorService 'applicationTaskExecutor'
2023-07-18 15:54:52.855  INFO 12064 --- [main] org.springframework.boot.autoconfigure.web.servlet.WelcomePageHandlerMapping : Adding welcome page template: index
2023-07-18 15:54:52.989  INFO 12064 --- [main] org.springframework.boot.web.embedded.tomcat.TomcatWebServer : Tomcat started on port(s): 8080 (http) with context path ''
2023-07-18 15:54:52.997  INFO 12064 --- [main] com.dreamchaser.depository_manage.DepositoryManageApplication : Started DepositoryManageApplication in 1.708 seconds (JVM running for 2.191)
2023-07-18 15:55:02.843  INFO 12064 --- [http-nio-8080-exec-1] org.apache.catalina.core.ContainerBase.[Tomcat].[localhost].[/] : Initializing Spring DispatcherServlet 'dispatcherServlet'
2023-07-18 15:55:02.843  INFO 12064 --- [http-nio-8080-exec-1] org.springframework.web.servlet.DispatcherServlet : Initializing Servlet 'dispatcherServlet'
2023-07-18 15:55:02.846  INFO 12064 --- [http-nio-8080-exec-1] org.springframework.web.servlet.DispatcherServlet : Completed initialization in 3 ms
2023-07-18 15:55:04.775  INFO 12064 --- [http-nio-8080-exec-4] com.alibaba.druid.pool.DruidDataSource : {dataSource-1} inited
2023-07-18 15:57:36.221  INFO 12064 --- [SpringContextShutdownHook] org.springframework.scheduling.concurrent.ThreadPoolTaskExecutor : Shutting down ExecutorService 'applicationTaskExecutor'
2023-07-18 15:57:36.224  INFO 12064 --- [SpringContextShutdownHook] com.alibaba.druid.pool.DruidDataSource : {dataSource-1} closed
2023-07-18 15:57:40.014  INFO 10008 --- [main] com.dreamchaser.depository_manage.DepositoryManageApplication : Starting DepositoryManageApplication on queshumin-pc with PID 10008 (C:\Users\queshumin\Desktop\depository_manage-master\target\classes started by queshumin in C:\Users\queshumin\Desktop\depository_manage-master)
2023-07-18 15:57:40.016  INFO 10008 --- [main] com.dreamchaser.depository_manage.DepositoryManageApplication : The following profiles are active: test
2023-07-18 15:57:40.731  INFO 10008 --- [main] org.springframework.boot.web.embedded.tomcat.TomcatWebServer : Tomcat initialized with port(s): 8080 (http)
2023-07-18 15:57:40.738  INFO 10008 --- [main] org.apache.catalina.core.StandardService : Starting service [Tomcat]
2023-07-18 15:57:40.738  INFO 10008 --- [main] org.apache.catalina.core.StandardEngine : Starting Servlet engine: [Apache Tomcat/9.0.41]
2023-07-18 15:57:40.739  INFO 10008 --- [main] org.apache.catalina.core.AprLifecycleListener : Loaded Apache Tomcat Native library [2.0.4] using APR version [1.7.4].
2023-07-18 15:57:40.739  INFO 10008 --- [main] org.apache.catalina.core.AprLifecycleListener : APR capabilities: IPv6 [true], sendfile [true], accept filters [false], random [true].
2023-07-18 15:57:40.739  INFO 10008 --- [main] org.apache.catalina.core.AprLifecycleListener : APR/OpenSSL configuration: useAprConnector [false], useOpenSSL [true]
2023-07-18 15:57:40.743  INFO 10008 --- [main] org.apache.catalina.core.AprLifecycleListener : OpenSSL successfully initialized [OpenSSL 3.0.9 30 May 2023]
2023-07-18 15:57:40.798  INFO 10008 --- [main] org.apache.catalina.core.ContainerBase.[Tomcat].[localhost].[/] : Initializing Spring embedded WebApplicationContext
2023-07-18 15:57:40.798  INFO 10008 --- [main] org.springframework.boot.web.servlet.context.ServletWebServerApplicationContext : Root WebApplicationContext: initialization completed in 748 ms
2023-07-18 15:57:41.204  INFO 10008 --- [main] org.springframework.scheduling.concurrent.ThreadPoolTaskExecutor : Initializing ExecutorService 'applicationTaskExecutor'
2023-07-18 15:57:41.255  INFO 10008 --- [main] org.springframework.boot.autoconfigure.web.servlet.WelcomePageHandlerMapping : Adding welcome page template: index
2023-07-18 15:57:41.380  INFO 10008 --- [main] org.springframework.boot.web.embedded.tomcat.TomcatWebServer : Tomcat started on port(s): 8080 (http) with context path ''
2023-07-18 15:57:41.388  INFO 10008 --- [main] com.dreamchaser.depository_manage.DepositoryManageApplication : Started DepositoryManageApplication in 1.734 seconds (JVM running for 2.163)
2023-07-18 15:57:47.988  INFO 10008 --- [http-nio-8080-exec-1] org.apache.catalina.core.ContainerBase.[Tomcat].[localhost].[/] : Initializing Spring DispatcherServlet 'dispatcherServlet'
2023-07-18 15:57:47.988  INFO 10008 --- [http-nio-8080-exec-1] org.springframework.web.servlet.DispatcherServlet : Initializing Servlet 'dispatcherServlet'
2023-07-18 15:57:47.992  INFO 10008 --- [http-nio-8080-exec-1] org.springframework.web.servlet.DispatcherServlet : Completed initialization in 4 ms
2023-07-18 15:57:49.087  INFO 10008 --- [http-nio-8080-exec-3] com.alibaba.druid.pool.DruidDataSource : {dataSource-1} inited
2023-07-18 16:19:38.003  INFO 10008 --- [SpringContextShutdownHook] org.springframework.scheduling.concurrent.ThreadPoolTaskExecutor : Shutting down ExecutorService 'applicationTaskExecutor'
2023-07-18 16:19:38.007  INFO 10008 --- [SpringContextShutdownHook] com.alibaba.druid.pool.DruidDataSource : {dataSource-1} closed
2023-07-18 16:27:19.636  INFO 9988 --- [main] com.dreamchaser.depository_manage.DepositoryManageApplication : Starting DepositoryManageApplication on queshumin-pc with PID 9988 (C:\Users\queshumin\Desktop\depository_manage-master\target\classes started by queshumin in C:\Users\queshumin\Desktop\depository_manage-master)
2023-07-18 16:27:19.642  INFO 9988 --- [main] com.dreamchaser.depository_manage.DepositoryManageApplication : The following profiles are active: test
2023-07-18 16:27:21.335  INFO 9988 --- [main] org.springframework.boot.web.embedded.tomcat.TomcatWebServer : Tomcat initialized with port(s): 8080 (http)
2023-07-18 16:27:21.346  INFO 9988 --- [main] org.apache.catalina.core.StandardService : Starting service [Tomcat]
2023-07-18 16:27:21.347  INFO 9988 --- [main] org.apache.catalina.core.StandardEngine : Starting Servlet engine: [Apache Tomcat/9.0.41]
2023-07-18 16:27:21.348  INFO 9988 --- [main] org.apache.catalina.core.AprLifecycleListener : Loaded Apache Tomcat Native library [2.0.4] using APR version [1.7.4].
2023-07-18 16:27:21.348  INFO 9988 --- [main] org.apache.catalina.core.AprLifecycleListener : APR capabilities: IPv6 [true], sendfile [true], accept filters [false], random [true].
2023-07-18 16:27:21.349  INFO 9988 --- [main] org.apache.catalina.core.AprLifecycleListener : APR/OpenSSL configuration: useAprConnector [false], useOpenSSL [true]
2023-07-18 16:27:21.352  INFO 9988 --- [main] org.apache.catalina.core.AprLifecycleListener : OpenSSL successfully initialized [OpenSSL 3.0.9 30 May 2023]
2023-07-18 16:27:21.454  INFO 9988 --- [main] org.apache.catalina.core.ContainerBase.[Tomcat].[localhost].[/] : Initializing Spring embedded WebApplicationContext
2023-07-18 16:27:21.454  INFO 9988 --- [main] org.springframework.boot.web.servlet.context.ServletWebServerApplicationContext : Root WebApplicationContext: initialization completed in 1740 ms
2023-07-18 16:27:22.268  INFO 9988 --- [main] org.springframework.scheduling.concurrent.ThreadPoolTaskExecutor : Initializing ExecutorService 'applicationTaskExecutor'
2023-07-18 16:27:22.339  INFO 9988 --- [main] org.springframework.boot.autoconfigure.web.servlet.WelcomePageHandlerMapping : Adding welcome page template: index
2023-07-18 16:27:22.537  INFO 9988 --- [main] org.springframework.boot.web.embedded.tomcat.TomcatWebServer : Tomcat started on port(s): 8080 (http) with context path ''
2023-07-18 16:27:22.546  INFO 9988 --- [main] com.dreamchaser.depository_manage.DepositoryManageApplication : Started DepositoryManageApplication in 4.46 seconds (JVM running for 5.075)
2023-07-18 16:27:27.392  INFO 9988 --- [http-nio-8080-exec-1] org.apache.catalina.core.ContainerBase.[Tomcat].[localhost].[/] : Initializing Spring DispatcherServlet 'dispatcherServlet'
2023-07-18 16:27:27.392  INFO 9988 --- [http-nio-8080-exec-1] org.springframework.web.servlet.DispatcherServlet : Initializing Servlet 'dispatcherServlet'
2023-07-18 16:27:27.398  INFO 9988 --- [http-nio-8080-exec-1] org.springframework.web.servlet.DispatcherServlet : Completed initialization in 6 ms
2023-07-18 16:27:29.100  INFO 9988 --- [http-nio-8080-exec-5] com.alibaba.druid.pool.DruidDataSource : {dataSource-1} inited
2023-07-18 16:27:59.382  INFO 9988 --- [SpringContextShutdownHook] org.springframework.scheduling.concurrent.ThreadPoolTaskExecutor : Shutting down ExecutorService 'applicationTaskExecutor'
2023-07-18 16:27:59.385  INFO 9988 --- [SpringContextShutdownHook] com.alibaba.druid.pool.DruidDataSource : {dataSource-1} closed
2023-07-18 16:28:04.672  INFO 12560 --- [main] com.dreamchaser.depository_manage.DepositoryManageApplication : Starting DepositoryManageApplication on queshumin-pc with PID 12560 (C:\Users\queshumin\Desktop\depository_manage-master\target\classes started by queshumin in C:\Users\queshumin\Desktop\depository_manage-master)
2023-07-18 16:28:04.674  INFO 12560 --- [main] com.dreamchaser.depository_manage.DepositoryManageApplication : The following profiles are active: test
2023-07-18 16:28:05.425  INFO 12560 --- [main] org.springframework.boot.web.embedded.tomcat.TomcatWebServer : Tomcat initialized with port(s): 8080 (http)
2023-07-18 16:28:05.432  INFO 12560 --- [main] org.apache.catalina.core.StandardService : Starting service [Tomcat]
2023-07-18 16:28:05.432  INFO 12560 --- [main] org.apache.catalina.core.StandardEngine : Starting Servlet engine: [Apache Tomcat/9.0.41]
2023-07-18 16:28:05.433  INFO 12560 --- [main] org.apache.catalina.core.AprLifecycleListener : Loaded Apache Tomcat Native library [2.0.4] using APR version [1.7.4].
2023-07-18 16:28:05.433  INFO 12560 --- [main] org.apache.catalina.core.AprLifecycleListener : APR capabilities: IPv6 [true], sendfile [true], accept filters [false], random [true].
2023-07-18 16:28:05.433  INFO 12560 --- [main] org.apache.catalina.core.AprLifecycleListener : APR/OpenSSL configuration: useAprConnector [false], useOpenSSL [true]
2023-07-18 16:28:05.437  INFO 12560 --- [main] org.apache.catalina.core.AprLifecycleListener : OpenSSL successfully initialized [OpenSSL 3.0.9 30 May 2023]
2023-07-18 16:28:05.487  INFO 12560 --- [main] org.apache.catalina.core.ContainerBase.[Tomcat].[localhost].[/] : Initializing Spring embedded WebApplicationContext
2023-07-18 16:28:05.487  INFO 12560 --- [main] org.springframework.boot.web.servlet.context.ServletWebServerApplicationContext : Root WebApplicationContext: initialization completed in 784 ms
2023-07-18 16:28:05.895  INFO 12560 --- [main] org.springframework.scheduling.concurrent.ThreadPoolTaskExecutor : Initializing ExecutorService 'applicationTaskExecutor'
2023-07-18 16:28:05.947  INFO 12560 --- [main] org.springframework.boot.autoconfigure.web.servlet.WelcomePageHandlerMapping : Adding welcome page template: index
2023-07-18 16:28:06.072  INFO 12560 --- [main] org.springframework.boot.web.embedded.tomcat.TomcatWebServer : Tomcat started on port(s): 8080 (http) with context path ''
2023-07-18 16:28:06.079  INFO 12560 --- [main] com.dreamchaser.depository_manage.DepositoryManageApplication : Started DepositoryManageApplication in 1.694 seconds (JVM running for 3.448)
2023-07-18 16:28:08.143  INFO 12560 --- [http-nio-8080-exec-1] org.apache.catalina.core.ContainerBase.[Tomcat].[localhost].[/] : Initializing Spring DispatcherServlet 'dispatcherServlet'
2023-07-18 16:28:08.143  INFO 12560 --- [http-nio-8080-exec-1] org.springframework.web.servlet.DispatcherServlet : Initializing Servlet 'dispatcherServlet'
2023-07-18 16:28:08.148  INFO 12560 --- [http-nio-8080-exec-1] org.springframework.web.servlet.DispatcherServlet : Completed initialization in 5 ms
2023-07-18 16:28:09.282  INFO 12560 --- [http-nio-8080-exec-3] com.alibaba.druid.pool.DruidDataSource : {dataSource-1} inited
2023-07-18 16:37:34.166  INFO 12560 --- [SpringContextShutdownHook] org.springframework.scheduling.concurrent.ThreadPoolTaskExecutor : Shutting down ExecutorService 'applicationTaskExecutor'
2023-07-18 16:37:34.166  INFO 12560 --- [SpringContextShutdownHook] com.alibaba.druid.pool.DruidDataSource : {dataSource-1} closed
