2023-07-25 08:35:08.359  INFO 3132 --- [main] com.dreamchaser.depository_manage.DepositoryManageApplication : Starting DepositoryManageApplication on queshumin-pc with PID 3132 (C:\Users\queshumin\Desktop\depository_manage-master\target\classes started by queshumin in C:\Users\queshumin\Desktop\depository_manage-master)
2023-07-25 08:35:08.361  INFO 3132 --- [main] com.dreamchaser.depository_manage.DepositoryManageApplication : The following profiles are active: test
2023-07-25 08:35:09.532  INFO 3132 --- [main] org.springframework.boot.web.embedded.tomcat.TomcatWebServer : Tomcat initialized with port(s): 8080 (http)
2023-07-25 08:35:09.541  INFO 3132 --- [main] org.apache.catalina.core.StandardService : Starting service [Tomcat]
2023-07-25 08:35:09.542  INFO 3132 --- [main] org.apache.catalina.core.StandardEngine : Starting Servlet engine: [Apache Tomcat/9.0.41]
2023-07-25 08:35:09.543  INFO 3132 --- [main] org.apache.catalina.core.AprLifecycleListener : Loaded Apache Tomcat Native library [2.0.4] using APR version [1.7.4].
2023-07-25 08:35:09.543  INFO 3132 --- [main] org.apache.catalina.core.AprLifecycleListener : APR capabilities: IPv6 [true], sendfile [true], accept filters [false], random [true].
2023-07-25 08:35:09.543  INFO 3132 --- [main] org.apache.catalina.core.AprLifecycleListener : APR/OpenSSL configuration: useAprConnector [false], useOpenSSL [true]
2023-07-25 08:35:09.549  INFO 3132 --- [main] org.apache.catalina.core.AprLifecycleListener : OpenSSL successfully initialized [OpenSSL 3.0.9 30 May 2023]
2023-07-25 08:35:09.608  INFO 3132 --- [main] org.apache.catalina.core.ContainerBase.[Tomcat].[localhost].[/] : Initializing Spring embedded WebApplicationContext
2023-07-25 08:35:09.608  INFO 3132 --- [main] org.springframework.boot.web.servlet.context.ServletWebServerApplicationContext : Root WebApplicationContext: initialization completed in 1208 ms
2023-07-25 08:35:10.179  INFO 3132 --- [main] org.springframework.scheduling.concurrent.ThreadPoolTaskExecutor : Initializing ExecutorService 'applicationTaskExecutor'
2023-07-25 08:35:10.239  INFO 3132 --- [main] org.springframework.boot.autoconfigure.web.servlet.WelcomePageHandlerMapping : Adding welcome page template: index
2023-07-25 08:35:10.389  INFO 3132 --- [main] org.springframework.boot.web.embedded.tomcat.TomcatWebServer : Tomcat started on port(s): 8080 (http) with context path ''
2023-07-25 08:35:10.396  INFO 3132 --- [main] com.dreamchaser.depository_manage.DepositoryManageApplication : Started DepositoryManageApplication in 2.512 seconds (JVM running for 3.191)
2023-07-25 08:35:16.632  INFO 3132 --- [http-nio-8080-exec-1] org.apache.catalina.core.ContainerBase.[Tomcat].[localhost].[/] : Initializing Spring DispatcherServlet 'dispatcherServlet'
2023-07-25 08:35:16.632  INFO 3132 --- [http-nio-8080-exec-1] org.springframework.web.servlet.DispatcherServlet : Initializing Servlet 'dispatcherServlet'
2023-07-25 08:35:16.637  INFO 3132 --- [http-nio-8080-exec-1] org.springframework.web.servlet.DispatcherServlet : Completed initialization in 5 ms
2023-07-25 08:35:18.747  INFO 3132 --- [http-nio-8080-exec-6] com.alibaba.druid.pool.DruidDataSource : {dataSource-1} inited
2023-07-25 08:38:07.096  INFO 3132 --- [SpringContextShutdownHook] org.springframework.scheduling.concurrent.ThreadPoolTaskExecutor : Shutting down ExecutorService 'applicationTaskExecutor'
2023-07-25 08:38:07.100  INFO 3132 --- [SpringContextShutdownHook] com.alibaba.druid.pool.DruidDataSource : {dataSource-1} closed
2023-07-25 08:38:10.003  INFO 5428 --- [main] com.dreamchaser.depository_manage.DepositoryManageApplication : Starting DepositoryManageApplication on queshumin-pc with PID 5428 (C:\Users\queshumin\Desktop\depository_manage-master\target\classes started by queshumin in C:\Users\queshumin\Desktop\depository_manage-master)
2023-07-25 08:38:10.006  INFO 5428 --- [main] com.dreamchaser.depository_manage.DepositoryManageApplication : The following profiles are active: test
2023-07-25 08:38:10.706  INFO 5428 --- [main] org.springframework.boot.web.embedded.tomcat.TomcatWebServer : Tomcat initialized with port(s): 8080 (http)
2023-07-25 08:38:10.713  INFO 5428 --- [main] org.apache.catalina.core.StandardService : Starting service [Tomcat]
2023-07-25 08:38:10.713  INFO 5428 --- [main] org.apache.catalina.core.StandardEngine : Starting Servlet engine: [Apache Tomcat/9.0.41]
2023-07-25 08:38:10.714  INFO 5428 --- [main] org.apache.catalina.core.AprLifecycleListener : Loaded Apache Tomcat Native library [2.0.4] using APR version [1.7.4].
2023-07-25 08:38:10.714  INFO 5428 --- [main] org.apache.catalina.core.AprLifecycleListener : APR capabilities: IPv6 [true], sendfile [true], accept filters [false], random [true].
2023-07-25 08:38:10.714  INFO 5428 --- [main] org.apache.catalina.core.AprLifecycleListener : APR/OpenSSL configuration: useAprConnector [false], useOpenSSL [true]
2023-07-25 08:38:10.717  INFO 5428 --- [main] org.apache.catalina.core.AprLifecycleListener : OpenSSL successfully initialized [OpenSSL 3.0.9 30 May 2023]
2023-07-25 08:38:10.767  INFO 5428 --- [main] org.apache.catalina.core.ContainerBase.[Tomcat].[localhost].[/] : Initializing Spring embedded WebApplicationContext
2023-07-25 08:38:10.767  INFO 5428 --- [main] org.springframework.boot.web.servlet.context.ServletWebServerApplicationContext : Root WebApplicationContext: initialization completed in 729 ms
2023-07-25 08:38:11.179  INFO 5428 --- [main] org.springframework.scheduling.concurrent.ThreadPoolTaskExecutor : Initializing ExecutorService 'applicationTaskExecutor'
2023-07-25 08:38:11.228  INFO 5428 --- [main] org.springframework.boot.autoconfigure.web.servlet.WelcomePageHandlerMapping : Adding welcome page template: index
2023-07-25 08:38:11.355  INFO 5428 --- [main] org.springframework.boot.web.embedded.tomcat.TomcatWebServer : Tomcat started on port(s): 8080 (http) with context path ''
2023-07-25 08:38:11.362  INFO 5428 --- [main] com.dreamchaser.depository_manage.DepositoryManageApplication : Started DepositoryManageApplication in 1.738 seconds (JVM running for 2.157)
2023-07-25 08:38:14.111  INFO 5428 --- [http-nio-8080-exec-1] org.apache.catalina.core.ContainerBase.[Tomcat].[localhost].[/] : Initializing Spring DispatcherServlet 'dispatcherServlet'
2023-07-25 08:38:14.112  INFO 5428 --- [http-nio-8080-exec-1] org.springframework.web.servlet.DispatcherServlet : Initializing Servlet 'dispatcherServlet'
2023-07-25 08:38:14.115  INFO 5428 --- [http-nio-8080-exec-1] org.springframework.web.servlet.DispatcherServlet : Completed initialization in 3 ms
2023-07-25 08:38:15.228  INFO 5428 --- [http-nio-8080-exec-3] com.alibaba.druid.pool.DruidDataSource : {dataSource-1} inited
2023-07-25 08:42:11.571  INFO 5428 --- [SpringContextShutdownHook] org.springframework.scheduling.concurrent.ThreadPoolTaskExecutor : Shutting down ExecutorService 'applicationTaskExecutor'
2023-07-25 08:42:11.574  INFO 5428 --- [SpringContextShutdownHook] com.alibaba.druid.pool.DruidDataSource : {dataSource-1} closed
2023-07-25 08:42:13.650  INFO 11192 --- [main] com.dreamchaser.depository_manage.DepositoryManageApplication : Starting DepositoryManageApplication on queshumin-pc with PID 11192 (C:\Users\queshumin\Desktop\depository_manage-master\target\classes started by queshumin in C:\Users\queshumin\Desktop\depository_manage-master)
2023-07-25 08:42:13.652  INFO 11192 --- [main] com.dreamchaser.depository_manage.DepositoryManageApplication : The following profiles are active: test
2023-07-25 08:42:14.373  INFO 11192 --- [main] org.springframework.boot.web.embedded.tomcat.TomcatWebServer : Tomcat initialized with port(s): 8080 (http)
2023-07-25 08:42:14.380  INFO 11192 --- [main] org.apache.catalina.core.StandardService : Starting service [Tomcat]
2023-07-25 08:42:14.380  INFO 11192 --- [main] org.apache.catalina.core.StandardEngine : Starting Servlet engine: [Apache Tomcat/9.0.41]
2023-07-25 08:42:14.381  INFO 11192 --- [main] org.apache.catalina.core.AprLifecycleListener : Loaded Apache Tomcat Native library [2.0.4] using APR version [1.7.4].
2023-07-25 08:42:14.381  INFO 11192 --- [main] org.apache.catalina.core.AprLifecycleListener : APR capabilities: IPv6 [true], sendfile [true], accept filters [false], random [true].
2023-07-25 08:42:14.381  INFO 11192 --- [main] org.apache.catalina.core.AprLifecycleListener : APR/OpenSSL configuration: useAprConnector [false], useOpenSSL [true]
2023-07-25 08:42:14.384  INFO 11192 --- [main] org.apache.catalina.core.AprLifecycleListener : OpenSSL successfully initialized [OpenSSL 3.0.9 30 May 2023]
2023-07-25 08:42:14.432  INFO 11192 --- [main] org.apache.catalina.core.ContainerBase.[Tomcat].[localhost].[/] : Initializing Spring embedded WebApplicationContext
2023-07-25 08:42:14.432  INFO 11192 --- [main] org.springframework.boot.web.servlet.context.ServletWebServerApplicationContext : Root WebApplicationContext: initialization completed in 750 ms
2023-07-25 08:42:14.847  INFO 11192 --- [main] org.springframework.scheduling.concurrent.ThreadPoolTaskExecutor : Initializing ExecutorService 'applicationTaskExecutor'
2023-07-25 08:42:14.900  INFO 11192 --- [main] org.springframework.boot.autoconfigure.web.servlet.WelcomePageHandlerMapping : Adding welcome page template: index
2023-07-25 08:42:15.025  INFO 11192 --- [main] org.springframework.boot.web.embedded.tomcat.TomcatWebServer : Tomcat started on port(s): 8080 (http) with context path ''
2023-07-25 08:42:15.032  INFO 11192 --- [main] com.dreamchaser.depository_manage.DepositoryManageApplication : Started DepositoryManageApplication in 1.823 seconds (JVM running for 2.508)
2023-07-25 08:42:17.624  INFO 11192 --- [http-nio-8080-exec-1] org.apache.catalina.core.ContainerBase.[Tomcat].[localhost].[/] : Initializing Spring DispatcherServlet 'dispatcherServlet'
2023-07-25 08:42:17.624  INFO 11192 --- [http-nio-8080-exec-1] org.springframework.web.servlet.DispatcherServlet : Initializing Servlet 'dispatcherServlet'
2023-07-25 08:42:17.628  INFO 11192 --- [http-nio-8080-exec-1] org.springframework.web.servlet.DispatcherServlet : Completed initialization in 3 ms
2023-07-25 08:42:18.545  INFO 11192 --- [http-nio-8080-exec-4] com.alibaba.druid.pool.DruidDataSource : {dataSource-1} inited
2023-07-25 08:43:08.181  INFO 11192 --- [SpringContextShutdownHook] org.springframework.scheduling.concurrent.ThreadPoolTaskExecutor : Shutting down ExecutorService 'applicationTaskExecutor'
2023-07-25 08:43:08.184  INFO 11192 --- [SpringContextShutdownHook] com.alibaba.druid.pool.DruidDataSource : {dataSource-1} closed
2023-07-25 08:43:10.269  INFO 1308 --- [main] com.dreamchaser.depository_manage.DepositoryManageApplication : Starting DepositoryManageApplication on queshumin-pc with PID 1308 (C:\Users\queshumin\Desktop\depository_manage-master\target\classes started by queshumin in C:\Users\queshumin\Desktop\depository_manage-master)
2023-07-25 08:43:10.271  INFO 1308 --- [main] com.dreamchaser.depository_manage.DepositoryManageApplication : The following profiles are active: test
2023-07-25 08:43:11.001  INFO 1308 --- [main] org.springframework.boot.web.embedded.tomcat.TomcatWebServer : Tomcat initialized with port(s): 8080 (http)
2023-07-25 08:43:11.008  INFO 1308 --- [main] org.apache.catalina.core.StandardService : Starting service [Tomcat]
2023-07-25 08:43:11.008  INFO 1308 --- [main] org.apache.catalina.core.StandardEngine : Starting Servlet engine: [Apache Tomcat/9.0.41]
2023-07-25 08:43:11.009  INFO 1308 --- [main] org.apache.catalina.core.AprLifecycleListener : Loaded Apache Tomcat Native library [2.0.4] using APR version [1.7.4].
2023-07-25 08:43:11.009  INFO 1308 --- [main] org.apache.catalina.core.AprLifecycleListener : APR capabilities: IPv6 [true], sendfile [true], accept filters [false], random [true].
2023-07-25 08:43:11.009  INFO 1308 --- [main] org.apache.catalina.core.AprLifecycleListener : APR/OpenSSL configuration: useAprConnector [false], useOpenSSL [true]
2023-07-25 08:43:11.012  INFO 1308 --- [main] org.apache.catalina.core.AprLifecycleListener : OpenSSL successfully initialized [OpenSSL 3.0.9 30 May 2023]
2023-07-25 08:43:11.062  INFO 1308 --- [main] org.apache.catalina.core.ContainerBase.[Tomcat].[localhost].[/] : Initializing Spring embedded WebApplicationContext
2023-07-25 08:43:11.062  INFO 1308 --- [main] org.springframework.boot.web.servlet.context.ServletWebServerApplicationContext : Root WebApplicationContext: initialization completed in 754 ms
2023-07-25 08:43:11.474  INFO 1308 --- [main] org.springframework.scheduling.concurrent.ThreadPoolTaskExecutor : Initializing ExecutorService 'applicationTaskExecutor'
2023-07-25 08:43:11.526  INFO 1308 --- [main] org.springframework.boot.autoconfigure.web.servlet.WelcomePageHandlerMapping : Adding welcome page template: index
2023-07-25 08:43:11.653  INFO 1308 --- [main] org.springframework.boot.web.embedded.tomcat.TomcatWebServer : Tomcat started on port(s): 8080 (http) with context path ''
2023-07-25 08:43:11.664  INFO 1308 --- [main] com.dreamchaser.depository_manage.DepositoryManageApplication : Started DepositoryManageApplication in 1.863 seconds (JVM running for 2.527)
2023-07-25 08:43:14.432  INFO 1308 --- [http-nio-8080-exec-1] org.apache.catalina.core.ContainerBase.[Tomcat].[localhost].[/] : Initializing Spring DispatcherServlet 'dispatcherServlet'
2023-07-25 08:43:14.433  INFO 1308 --- [http-nio-8080-exec-1] org.springframework.web.servlet.DispatcherServlet : Initializing Servlet 'dispatcherServlet'
2023-07-25 08:43:14.437  INFO 1308 --- [http-nio-8080-exec-1] org.springframework.web.servlet.DispatcherServlet : Completed initialization in 4 ms
2023-07-25 08:43:15.199  INFO 1308 --- [http-nio-8080-exec-5] com.alibaba.druid.pool.DruidDataSource : {dataSource-1} inited
2023-07-25 08:43:37.891  INFO 1308 --- [SpringContextShutdownHook] org.springframework.scheduling.concurrent.ThreadPoolTaskExecutor : Shutting down ExecutorService 'applicationTaskExecutor'
2023-07-25 08:43:37.894  INFO 1308 --- [SpringContextShutdownHook] com.alibaba.druid.pool.DruidDataSource : {dataSource-1} closed
2023-07-25 08:43:39.913  INFO 10352 --- [main] com.dreamchaser.depository_manage.DepositoryManageApplication : Starting DepositoryManageApplication on queshumin-pc with PID 10352 (C:\Users\queshumin\Desktop\depository_manage-master\target\classes started by queshumin in C:\Users\queshumin\Desktop\depository_manage-master)
2023-07-25 08:43:39.916  INFO 10352 --- [main] com.dreamchaser.depository_manage.DepositoryManageApplication : The following profiles are active: test
2023-07-25 08:43:40.656  INFO 10352 --- [main] org.springframework.boot.web.embedded.tomcat.TomcatWebServer : Tomcat initialized with port(s): 8080 (http)
2023-07-25 08:43:40.663  INFO 10352 --- [main] org.apache.catalina.core.StandardService : Starting service [Tomcat]
2023-07-25 08:43:40.663  INFO 10352 --- [main] org.apache.catalina.core.StandardEngine : Starting Servlet engine: [Apache Tomcat/9.0.41]
2023-07-25 08:43:40.664  INFO 10352 --- [main] org.apache.catalina.core.AprLifecycleListener : Loaded Apache Tomcat Native library [2.0.4] using APR version [1.7.4].
2023-07-25 08:43:40.664  INFO 10352 --- [main] org.apache.catalina.core.AprLifecycleListener : APR capabilities: IPv6 [true], sendfile [true], accept filters [false], random [true].
2023-07-25 08:43:40.664  INFO 10352 --- [main] org.apache.catalina.core.AprLifecycleListener : APR/OpenSSL configuration: useAprConnector [false], useOpenSSL [true]
2023-07-25 08:43:40.667  INFO 10352 --- [main] org.apache.catalina.core.AprLifecycleListener : OpenSSL successfully initialized [OpenSSL 3.0.9 30 May 2023]
2023-07-25 08:43:40.716  INFO 10352 --- [main] org.apache.catalina.core.ContainerBase.[Tomcat].[localhost].[/] : Initializing Spring embedded WebApplicationContext
2023-07-25 08:43:40.716  INFO 10352 --- [main] org.springframework.boot.web.servlet.context.ServletWebServerApplicationContext : Root WebApplicationContext: initialization completed in 758 ms
2023-07-25 08:43:41.113  INFO 10352 --- [main] org.springframework.scheduling.concurrent.ThreadPoolTaskExecutor : Initializing ExecutorService 'applicationTaskExecutor'
2023-07-25 08:43:41.161  INFO 10352 --- [main] org.springframework.boot.autoconfigure.web.servlet.WelcomePageHandlerMapping : Adding welcome page template: index
2023-07-25 08:43:41.284  INFO 10352 --- [main] org.springframework.boot.web.embedded.tomcat.TomcatWebServer : Tomcat started on port(s): 8080 (http) with context path ''
2023-07-25 08:43:41.292  INFO 10352 --- [main] com.dreamchaser.depository_manage.DepositoryManageApplication : Started DepositoryManageApplication in 1.799 seconds (JVM running for 2.432)
2023-07-25 08:43:44.306  INFO 10352 --- [http-nio-8080-exec-1] org.apache.catalina.core.ContainerBase.[Tomcat].[localhost].[/] : Initializing Spring DispatcherServlet 'dispatcherServlet'
2023-07-25 08:43:44.306  INFO 10352 --- [http-nio-8080-exec-1] org.springframework.web.servlet.DispatcherServlet : Initializing Servlet 'dispatcherServlet'
2023-07-25 08:43:44.309  INFO 10352 --- [http-nio-8080-exec-1] org.springframework.web.servlet.DispatcherServlet : Completed initialization in 3 ms
2023-07-25 08:43:45.575  INFO 10352 --- [http-nio-8080-exec-3] com.alibaba.druid.pool.DruidDataSource : {dataSource-1} inited
2023-07-25 08:50:23.605  INFO 10352 --- [SpringContextShutdownHook] org.springframework.scheduling.concurrent.ThreadPoolTaskExecutor : Shutting down ExecutorService 'applicationTaskExecutor'
2023-07-25 08:50:23.608  INFO 10352 --- [SpringContextShutdownHook] com.alibaba.druid.pool.DruidDataSource : {dataSource-1} closed
2023-07-25 08:50:25.708  INFO 2944 --- [main] com.dreamchaser.depository_manage.DepositoryManageApplication : Starting DepositoryManageApplication on queshumin-pc with PID 2944 (C:\Users\queshumin\Desktop\depository_manage-master\target\classes started by queshumin in C:\Users\queshumin\Desktop\depository_manage-master)
2023-07-25 08:50:25.710  INFO 2944 --- [main] com.dreamchaser.depository_manage.DepositoryManageApplication : The following profiles are active: test
2023-07-25 08:50:26.450  INFO 2944 --- [main] org.springframework.boot.web.embedded.tomcat.TomcatWebServer : Tomcat initialized with port(s): 8080 (http)
2023-07-25 08:50:26.458  INFO 2944 --- [main] org.apache.catalina.core.StandardService : Starting service [Tomcat]
2023-07-25 08:50:26.458  INFO 2944 --- [main] org.apache.catalina.core.StandardEngine : Starting Servlet engine: [Apache Tomcat/9.0.41]
2023-07-25 08:50:26.459  INFO 2944 --- [main] org.apache.catalina.core.AprLifecycleListener : Loaded Apache Tomcat Native library [2.0.4] using APR version [1.7.4].
2023-07-25 08:50:26.459  INFO 2944 --- [main] org.apache.catalina.core.AprLifecycleListener : APR capabilities: IPv6 [true], sendfile [true], accept filters [false], random [true].
2023-07-25 08:50:26.459  INFO 2944 --- [main] org.apache.catalina.core.AprLifecycleListener : APR/OpenSSL configuration: useAprConnector [false], useOpenSSL [true]
2023-07-25 08:50:26.462  INFO 2944 --- [main] org.apache.catalina.core.AprLifecycleListener : OpenSSL successfully initialized [OpenSSL 3.0.9 30 May 2023]
2023-07-25 08:50:26.515  INFO 2944 --- [main] org.apache.catalina.core.ContainerBase.[Tomcat].[localhost].[/] : Initializing Spring embedded WebApplicationContext
2023-07-25 08:50:26.515  INFO 2944 --- [main] org.springframework.boot.web.servlet.context.ServletWebServerApplicationContext : Root WebApplicationContext: initialization completed in 765 ms
2023-07-25 08:50:26.943  INFO 2944 --- [main] org.springframework.scheduling.concurrent.ThreadPoolTaskExecutor : Initializing ExecutorService 'applicationTaskExecutor'
2023-07-25 08:50:26.992  INFO 2944 --- [main] org.springframework.boot.autoconfigure.web.servlet.WelcomePageHandlerMapping : Adding welcome page template: index
2023-07-25 08:50:27.115  INFO 2944 --- [main] org.springframework.boot.web.embedded.tomcat.TomcatWebServer : Tomcat started on port(s): 8080 (http) with context path ''
2023-07-25 08:50:27.123  INFO 2944 --- [main] com.dreamchaser.depository_manage.DepositoryManageApplication : Started DepositoryManageApplication in 1.925 seconds (JVM running for 2.536)
2023-07-25 08:50:30.763  INFO 2944 --- [http-nio-8080-exec-1] org.apache.catalina.core.ContainerBase.[Tomcat].[localhost].[/] : Initializing Spring DispatcherServlet 'dispatcherServlet'
2023-07-25 08:50:30.763  INFO 2944 --- [http-nio-8080-exec-1] org.springframework.web.servlet.DispatcherServlet : Initializing Servlet 'dispatcherServlet'
2023-07-25 08:50:30.766  INFO 2944 --- [http-nio-8080-exec-1] org.springframework.web.servlet.DispatcherServlet : Completed initialization in 3 ms
2023-07-25 08:50:31.900  INFO 2944 --- [http-nio-8080-exec-3] com.alibaba.druid.pool.DruidDataSource : {dataSource-1} inited
2023-07-25 09:03:53.733  INFO 2944 --- [SpringContextShutdownHook] org.springframework.scheduling.concurrent.ThreadPoolTaskExecutor : Shutting down ExecutorService 'applicationTaskExecutor'
2023-07-25 09:03:53.737  INFO 2944 --- [SpringContextShutdownHook] com.alibaba.druid.pool.DruidDataSource : {dataSource-1} closed
2023-07-25 11:28:17.324  INFO 7596 --- [main] com.dreamchaser.depository_manage.DepositoryManageApplication : Starting DepositoryManageApplication on queshumin-pc with PID 7596 (C:\Users\queshumin\Desktop\depository_manage-master\target\classes started by queshumin in C:\Users\queshumin\Desktop\depository_manage-master)
2023-07-25 11:28:17.326  INFO 7596 --- [main] com.dreamchaser.depository_manage.DepositoryManageApplication : The following profiles are active: test
2023-07-25 11:28:18.052  INFO 7596 --- [main] org.springframework.boot.web.embedded.tomcat.TomcatWebServer : Tomcat initialized with port(s): 8080 (http)
2023-07-25 11:28:18.059  INFO 7596 --- [main] org.apache.catalina.core.StandardService : Starting service [Tomcat]
2023-07-25 11:28:18.060  INFO 7596 --- [main] org.apache.catalina.core.StandardEngine : Starting Servlet engine: [Apache Tomcat/9.0.41]
2023-07-25 11:28:18.060  INFO 7596 --- [main] org.apache.catalina.core.AprLifecycleListener : Loaded Apache Tomcat Native library [2.0.4] using APR version [1.7.4].
2023-07-25 11:28:18.061  INFO 7596 --- [main] org.apache.catalina.core.AprLifecycleListener : APR capabilities: IPv6 [true], sendfile [true], accept filters [false], random [true].
2023-07-25 11:28:18.061  INFO 7596 --- [main] org.apache.catalina.core.AprLifecycleListener : APR/OpenSSL configuration: useAprConnector [false], useOpenSSL [true]
2023-07-25 11:28:18.064  INFO 7596 --- [main] org.apache.catalina.core.AprLifecycleListener : OpenSSL successfully initialized [OpenSSL 3.0.9 30 May 2023]
2023-07-25 11:28:18.114  INFO 7596 --- [main] org.apache.catalina.core.ContainerBase.[Tomcat].[localhost].[/] : Initializing Spring embedded WebApplicationContext
2023-07-25 11:28:18.114  INFO 7596 --- [main] org.springframework.boot.web.servlet.context.ServletWebServerApplicationContext : Root WebApplicationContext: initialization completed in 756 ms
2023-07-25 11:28:18.548  INFO 7596 --- [main] org.springframework.scheduling.concurrent.ThreadPoolTaskExecutor : Initializing ExecutorService 'applicationTaskExecutor'
2023-07-25 11:28:18.599  INFO 7596 --- [main] org.springframework.boot.autoconfigure.web.servlet.WelcomePageHandlerMapping : Adding welcome page template: index
2023-07-25 11:28:18.730  INFO 7596 --- [main] org.springframework.boot.web.embedded.tomcat.TomcatWebServer : Tomcat started on port(s): 8080 (http) with context path ''
2023-07-25 11:28:18.737  INFO 7596 --- [main] com.dreamchaser.depository_manage.DepositoryManageApplication : Started DepositoryManageApplication in 1.711 seconds (JVM running for 3.354)
2023-07-25 11:33:10.879  INFO 7596 --- [SpringContextShutdownHook] org.springframework.scheduling.concurrent.ThreadPoolTaskExecutor : Shutting down ExecutorService 'applicationTaskExecutor'
2023-07-25 11:33:17.232  INFO 3812 --- [main] com.dreamchaser.depository_manage.DepositoryManageApplication : Starting DepositoryManageApplication on queshumin-pc with PID 3812 (C:\Users\queshumin\Desktop\depository_manage-master\target\classes started by queshumin in C:\Users\queshumin\Desktop\depository_manage-master)
2023-07-25 11:33:17.235  INFO 3812 --- [main] com.dreamchaser.depository_manage.DepositoryManageApplication : The following profiles are active: test
2023-07-25 11:33:17.959  INFO 3812 --- [main] org.springframework.boot.web.embedded.tomcat.TomcatWebServer : Tomcat initialized with port(s): 8080 (http)
2023-07-25 11:33:17.966  INFO 3812 --- [main] org.apache.catalina.core.StandardService : Starting service [Tomcat]
2023-07-25 11:33:17.967  INFO 3812 --- [main] org.apache.catalina.core.StandardEngine : Starting Servlet engine: [Apache Tomcat/9.0.41]
2023-07-25 11:33:17.968  INFO 3812 --- [main] org.apache.catalina.core.AprLifecycleListener : Loaded Apache Tomcat Native library [2.0.4] using APR version [1.7.4].
2023-07-25 11:33:17.968  INFO 3812 --- [main] org.apache.catalina.core.AprLifecycleListener : APR capabilities: IPv6 [true], sendfile [true], accept filters [false], random [true].
2023-07-25 11:33:17.968  INFO 3812 --- [main] org.apache.catalina.core.AprLifecycleListener : APR/OpenSSL configuration: useAprConnector [false], useOpenSSL [true]
2023-07-25 11:33:17.971  INFO 3812 --- [main] org.apache.catalina.core.AprLifecycleListener : OpenSSL successfully initialized [OpenSSL 3.0.9 30 May 2023]
2023-07-25 11:33:18.019  INFO 3812 --- [main] org.apache.catalina.core.ContainerBase.[Tomcat].[localhost].[/] : Initializing Spring embedded WebApplicationContext
2023-07-25 11:33:18.019  INFO 3812 --- [main] org.springframework.boot.web.servlet.context.ServletWebServerApplicationContext : Root WebApplicationContext: initialization completed in 751 ms
2023-07-25 11:33:18.473  INFO 3812 --- [main] org.springframework.scheduling.concurrent.ThreadPoolTaskExecutor : Initializing ExecutorService 'applicationTaskExecutor'
2023-07-25 11:33:18.527  INFO 3812 --- [main] org.springframework.boot.autoconfigure.web.servlet.WelcomePageHandlerMapping : Adding welcome page template: index
2023-07-25 11:33:18.666  INFO 3812 --- [main] org.springframework.boot.web.embedded.tomcat.TomcatWebServer : Tomcat started on port(s): 8080 (http) with context path ''
2023-07-25 11:33:18.673  INFO 3812 --- [main] com.dreamchaser.depository_manage.DepositoryManageApplication : Started DepositoryManageApplication in 1.843 seconds (JVM running for 2.515)
2023-07-25 11:33:22.890  INFO 3812 --- [http-nio-8080-exec-1] org.apache.catalina.core.ContainerBase.[Tomcat].[localhost].[/] : Initializing Spring DispatcherServlet 'dispatcherServlet'
2023-07-25 11:33:22.890  INFO 3812 --- [http-nio-8080-exec-1] org.springframework.web.servlet.DispatcherServlet : Initializing Servlet 'dispatcherServlet'
2023-07-25 11:33:22.896  INFO 3812 --- [http-nio-8080-exec-1] org.springframework.web.servlet.DispatcherServlet : Completed initialization in 6 ms
2023-07-25 11:33:24.192  INFO 3812 --- [http-nio-8080-exec-5] com.alibaba.druid.pool.DruidDataSource : {dataSource-1} inited
2023-07-25 11:44:58.323  INFO 3812 --- [SpringContextShutdownHook] org.springframework.scheduling.concurrent.ThreadPoolTaskExecutor : Shutting down ExecutorService 'applicationTaskExecutor'
2023-07-25 11:44:58.327  INFO 3812 --- [SpringContextShutdownHook] com.alibaba.druid.pool.DruidDataSource : {dataSource-1} closed
2023-07-25 11:46:27.768  INFO 11648 --- [main] com.dreamchaser.depository_manage.DepositoryManageApplication : Starting DepositoryManageApplication on queshumin-pc with PID 11648 (C:\Users\queshumin\Desktop\depository_manage-master\target\classes started by queshumin in C:\Users\queshumin\Desktop\depository_manage-master)
2023-07-25 11:46:27.770  INFO 11648 --- [main] com.dreamchaser.depository_manage.DepositoryManageApplication : The following profiles are active: test
2023-07-25 11:46:28.562  INFO 11648 --- [main] org.springframework.boot.web.embedded.tomcat.TomcatWebServer : Tomcat initialized with port(s): 8080 (http)
2023-07-25 11:46:28.569  INFO 11648 --- [main] org.apache.catalina.core.StandardService : Starting service [Tomcat]
2023-07-25 11:46:28.570  INFO 11648 --- [main] org.apache.catalina.core.StandardEngine : Starting Servlet engine: [Apache Tomcat/9.0.41]
2023-07-25 11:46:28.571  INFO 11648 --- [main] org.apache.catalina.core.AprLifecycleListener : Loaded Apache Tomcat Native library [2.0.4] using APR version [1.7.4].
2023-07-25 11:46:28.571  INFO 11648 --- [main] org.apache.catalina.core.AprLifecycleListener : APR capabilities: IPv6 [true], sendfile [true], accept filters [false], random [true].
2023-07-25 11:46:28.571  INFO 11648 --- [main] org.apache.catalina.core.AprLifecycleListener : APR/OpenSSL configuration: useAprConnector [false], useOpenSSL [true]
2023-07-25 11:46:28.575  INFO 11648 --- [main] org.apache.catalina.core.AprLifecycleListener : OpenSSL successfully initialized [OpenSSL 3.0.9 30 May 2023]
2023-07-25 11:46:28.624  INFO 11648 --- [main] org.apache.catalina.core.ContainerBase.[Tomcat].[localhost].[/] : Initializing Spring embedded WebApplicationContext
2023-07-25 11:46:28.624  INFO 11648 --- [main] org.springframework.boot.web.servlet.context.ServletWebServerApplicationContext : Root WebApplicationContext: initialization completed in 815 ms
2023-07-25 11:46:29.108  INFO 11648 --- [main] org.springframework.scheduling.concurrent.ThreadPoolTaskExecutor : Initializing ExecutorService 'applicationTaskExecutor'
2023-07-25 11:46:29.165  INFO 11648 --- [main] org.springframework.boot.autoconfigure.web.servlet.WelcomePageHandlerMapping : Adding welcome page template: index
2023-07-25 11:46:29.306  INFO 11648 --- [main] org.springframework.boot.web.embedded.tomcat.TomcatWebServer : Tomcat started on port(s): 8080 (http) with context path ''
2023-07-25 11:46:29.315  INFO 11648 --- [main] com.dreamchaser.depository_manage.DepositoryManageApplication : Started DepositoryManageApplication in 1.948 seconds (JVM running for 2.459)
2023-07-25 11:46:35.878  INFO 11648 --- [http-nio-8080-exec-1] org.apache.catalina.core.ContainerBase.[Tomcat].[localhost].[/] : Initializing Spring DispatcherServlet 'dispatcherServlet'
2023-07-25 11:46:35.879  INFO 11648 --- [http-nio-8080-exec-1] org.springframework.web.servlet.DispatcherServlet : Initializing Servlet 'dispatcherServlet'
2023-07-25 11:46:35.882  INFO 11648 --- [http-nio-8080-exec-1] org.springframework.web.servlet.DispatcherServlet : Completed initialization in 3 ms
2023-07-25 11:46:37.054  INFO 11648 --- [http-nio-8080-exec-3] com.alibaba.druid.pool.DruidDataSource : {dataSource-1} inited
2023-07-25 11:55:25.343  INFO 11648 --- [SpringContextShutdownHook] org.springframework.scheduling.concurrent.ThreadPoolTaskExecutor : Shutting down ExecutorService 'applicationTaskExecutor'
2023-07-25 11:55:25.346  INFO 11648 --- [SpringContextShutdownHook] com.alibaba.druid.pool.DruidDataSource : {dataSource-1} closed
2023-07-25 11:55:27.393  INFO 8004 --- [main] com.dreamchaser.depository_manage.DepositoryManageApplication : Starting DepositoryManageApplication on queshumin-pc with PID 8004 (C:\Users\queshumin\Desktop\depository_manage-master\target\classes started by queshumin in C:\Users\queshumin\Desktop\depository_manage-master)
2023-07-25 11:55:27.395  INFO 8004 --- [main] com.dreamchaser.depository_manage.DepositoryManageApplication : The following profiles are active: test
2023-07-25 11:55:28.113  INFO 8004 --- [main] org.springframework.boot.web.embedded.tomcat.TomcatWebServer : Tomcat initialized with port(s): 8080 (http)
2023-07-25 11:55:28.120  INFO 8004 --- [main] org.apache.catalina.core.StandardService : Starting service [Tomcat]
2023-07-25 11:55:28.121  INFO 8004 --- [main] org.apache.catalina.core.StandardEngine : Starting Servlet engine: [Apache Tomcat/9.0.41]
2023-07-25 11:55:28.122  INFO 8004 --- [main] org.apache.catalina.core.AprLifecycleListener : Loaded Apache Tomcat Native library [2.0.4] using APR version [1.7.4].
2023-07-25 11:55:28.122  INFO 8004 --- [main] org.apache.catalina.core.AprLifecycleListener : APR capabilities: IPv6 [true], sendfile [true], accept filters [false], random [true].
2023-07-25 11:55:28.122  INFO 8004 --- [main] org.apache.catalina.core.AprLifecycleListener : APR/OpenSSL configuration: useAprConnector [false], useOpenSSL [true]
2023-07-25 11:55:28.125  INFO 8004 --- [main] org.apache.catalina.core.AprLifecycleListener : OpenSSL successfully initialized [OpenSSL 3.0.9 30 May 2023]
2023-07-25 11:55:28.176  INFO 8004 --- [main] org.apache.catalina.core.ContainerBase.[Tomcat].[localhost].[/] : Initializing Spring embedded WebApplicationContext
2023-07-25 11:55:28.176  INFO 8004 --- [main] org.springframework.boot.web.servlet.context.ServletWebServerApplicationContext : Root WebApplicationContext: initialization completed in 740 ms
2023-07-25 11:55:28.595  INFO 8004 --- [main] org.springframework.scheduling.concurrent.ThreadPoolTaskExecutor : Initializing ExecutorService 'applicationTaskExecutor'
2023-07-25 11:55:28.646  INFO 8004 --- [main] org.springframework.boot.autoconfigure.web.servlet.WelcomePageHandlerMapping : Adding welcome page template: index
2023-07-25 11:55:28.768  INFO 8004 --- [main] org.springframework.boot.web.embedded.tomcat.TomcatWebServer : Tomcat started on port(s): 8080 (http) with context path ''
2023-07-25 11:55:28.775  INFO 8004 --- [main] com.dreamchaser.depository_manage.DepositoryManageApplication : Started DepositoryManageApplication in 1.734 seconds (JVM running for 2.278)
2023-07-25 11:55:33.542  INFO 8004 --- [http-nio-8080-exec-1] org.apache.catalina.core.ContainerBase.[Tomcat].[localhost].[/] : Initializing Spring DispatcherServlet 'dispatcherServlet'
2023-07-25 11:55:33.543  INFO 8004 --- [http-nio-8080-exec-1] org.springframework.web.servlet.DispatcherServlet : Initializing Servlet 'dispatcherServlet'
2023-07-25 11:55:33.546  INFO 8004 --- [http-nio-8080-exec-1] org.springframework.web.servlet.DispatcherServlet : Completed initialization in 3 ms
2023-07-25 11:55:34.356  INFO 8004 --- [http-nio-8080-exec-3] com.alibaba.druid.pool.DruidDataSource : {dataSource-1} inited
2023-07-25 11:57:32.695  INFO 8004 --- [SpringContextShutdownHook] org.springframework.scheduling.concurrent.ThreadPoolTaskExecutor : Shutting down ExecutorService 'applicationTaskExecutor'
2023-07-25 11:57:32.699  INFO 8004 --- [SpringContextShutdownHook] com.alibaba.druid.pool.DruidDataSource : {dataSource-1} closed
2023-07-25 11:57:34.613  INFO 11916 --- [main] com.dreamchaser.depository_manage.DepositoryManageApplication : Starting DepositoryManageApplication on queshumin-pc with PID 11916 (C:\Users\queshumin\Desktop\depository_manage-master\target\classes started by queshumin in C:\Users\queshumin\Desktop\depository_manage-master)
2023-07-25 11:57:34.615  INFO 11916 --- [main] com.dreamchaser.depository_manage.DepositoryManageApplication : The following profiles are active: test
2023-07-25 11:57:35.317  INFO 11916 --- [main] org.springframework.boot.web.embedded.tomcat.TomcatWebServer : Tomcat initialized with port(s): 8080 (http)
2023-07-25 11:57:35.323  INFO 11916 --- [main] org.apache.catalina.core.StandardService : Starting service [Tomcat]
2023-07-25 11:57:35.324  INFO 11916 --- [main] org.apache.catalina.core.StandardEngine : Starting Servlet engine: [Apache Tomcat/9.0.41]
2023-07-25 11:57:35.325  INFO 11916 --- [main] org.apache.catalina.core.AprLifecycleListener : Loaded Apache Tomcat Native library [2.0.4] using APR version [1.7.4].
2023-07-25 11:57:35.325  INFO 11916 --- [main] org.apache.catalina.core.AprLifecycleListener : APR capabilities: IPv6 [true], sendfile [true], accept filters [false], random [true].
2023-07-25 11:57:35.325  INFO 11916 --- [main] org.apache.catalina.core.AprLifecycleListener : APR/OpenSSL configuration: useAprConnector [false], useOpenSSL [true]
2023-07-25 11:57:35.328  INFO 11916 --- [main] org.apache.catalina.core.AprLifecycleListener : OpenSSL successfully initialized [OpenSSL 3.0.9 30 May 2023]
2023-07-25 11:57:35.377  INFO 11916 --- [main] org.apache.catalina.core.ContainerBase.[Tomcat].[localhost].[/] : Initializing Spring embedded WebApplicationContext
2023-07-25 11:57:35.378  INFO 11916 --- [main] org.springframework.boot.web.servlet.context.ServletWebServerApplicationContext : Root WebApplicationContext: initialization completed in 734 ms
2023-07-25 11:57:35.820  INFO 11916 --- [main] org.springframework.scheduling.concurrent.ThreadPoolTaskExecutor : Initializing ExecutorService 'applicationTaskExecutor'
2023-07-25 11:57:35.868  INFO 11916 --- [main] org.springframework.boot.autoconfigure.web.servlet.WelcomePageHandlerMapping : Adding welcome page template: index
2023-07-25 11:57:35.992  INFO 11916 --- [main] org.springframework.boot.web.embedded.tomcat.TomcatWebServer : Tomcat started on port(s): 8080 (http) with context path ''
2023-07-25 11:57:35.999  INFO 11916 --- [main] com.dreamchaser.depository_manage.DepositoryManageApplication : Started DepositoryManageApplication in 1.741 seconds (JVM running for 2.292)
2023-07-25 11:57:40.596  INFO 11916 --- [http-nio-8080-exec-1] org.apache.catalina.core.ContainerBase.[Tomcat].[localhost].[/] : Initializing Spring DispatcherServlet 'dispatcherServlet'
2023-07-25 11:57:40.596  INFO 11916 --- [http-nio-8080-exec-1] org.springframework.web.servlet.DispatcherServlet : Initializing Servlet 'dispatcherServlet'
2023-07-25 11:57:40.600  INFO 11916 --- [http-nio-8080-exec-1] org.springframework.web.servlet.DispatcherServlet : Completed initialization in 4 ms
2023-07-25 11:57:41.718  INFO 11916 --- [http-nio-8080-exec-3] com.alibaba.druid.pool.DruidDataSource : {dataSource-1} inited
2023-07-25 13:37:50.906  INFO 11916 --- [SpringContextShutdownHook] org.springframework.scheduling.concurrent.ThreadPoolTaskExecutor : Shutting down ExecutorService 'applicationTaskExecutor'
2023-07-25 13:37:50.908  INFO 11916 --- [SpringContextShutdownHook] com.alibaba.druid.pool.DruidDataSource : {dataSource-1} closed
2023-07-25 13:37:52.913  INFO 11536 --- [main] com.dreamchaser.depository_manage.DepositoryManageApplication : Starting DepositoryManageApplication on queshumin-pc with PID 11536 (C:\Users\queshumin\Desktop\depository_manage-master\target\classes started by queshumin in C:\Users\queshumin\Desktop\depository_manage-master)
2023-07-25 13:37:52.915  INFO 11536 --- [main] com.dreamchaser.depository_manage.DepositoryManageApplication : The following profiles are active: test
2023-07-25 13:37:53.656  INFO 11536 --- [main] org.springframework.boot.web.embedded.tomcat.TomcatWebServer : Tomcat initialized with port(s): 8080 (http)
2023-07-25 13:37:53.663  INFO 11536 --- [main] org.apache.catalina.core.StandardService : Starting service [Tomcat]
2023-07-25 13:37:53.664  INFO 11536 --- [main] org.apache.catalina.core.StandardEngine : Starting Servlet engine: [Apache Tomcat/9.0.41]
2023-07-25 13:37:53.664  INFO 11536 --- [main] org.apache.catalina.core.AprLifecycleListener : Loaded Apache Tomcat Native library [2.0.4] using APR version [1.7.4].
2023-07-25 13:37:53.664  INFO 11536 --- [main] org.apache.catalina.core.AprLifecycleListener : APR capabilities: IPv6 [true], sendfile [true], accept filters [false], random [true].
2023-07-25 13:37:53.665  INFO 11536 --- [main] org.apache.catalina.core.AprLifecycleListener : APR/OpenSSL configuration: useAprConnector [false], useOpenSSL [true]
2023-07-25 13:37:53.668  INFO 11536 --- [main] org.apache.catalina.core.AprLifecycleListener : OpenSSL successfully initialized [OpenSSL 3.0.9 30 May 2023]
2023-07-25 13:37:53.718  INFO 11536 --- [main] org.apache.catalina.core.ContainerBase.[Tomcat].[localhost].[/] : Initializing Spring embedded WebApplicationContext
2023-07-25 13:37:53.718  INFO 11536 --- [main] org.springframework.boot.web.servlet.context.ServletWebServerApplicationContext : Root WebApplicationContext: initialization completed in 772 ms
2023-07-25 13:37:54.146  INFO 11536 --- [main] org.springframework.scheduling.concurrent.ThreadPoolTaskExecutor : Initializing ExecutorService 'applicationTaskExecutor'
2023-07-25 13:37:54.195  INFO 11536 --- [main] org.springframework.boot.autoconfigure.web.servlet.WelcomePageHandlerMapping : Adding welcome page template: index
2023-07-25 13:37:54.321  INFO 11536 --- [main] org.springframework.boot.web.embedded.tomcat.TomcatWebServer : Tomcat started on port(s): 8080 (http) with context path ''
2023-07-25 13:37:54.329  INFO 11536 --- [main] com.dreamchaser.depository_manage.DepositoryManageApplication : Started DepositoryManageApplication in 1.757 seconds (JVM running for 2.293)
2023-07-25 13:37:59.677  INFO 11536 --- [http-nio-8080-exec-1] org.apache.catalina.core.ContainerBase.[Tomcat].[localhost].[/] : Initializing Spring DispatcherServlet 'dispatcherServlet'
2023-07-25 13:37:59.677  INFO 11536 --- [http-nio-8080-exec-1] org.springframework.web.servlet.DispatcherServlet : Initializing Servlet 'dispatcherServlet'
2023-07-25 13:37:59.680  INFO 11536 --- [http-nio-8080-exec-1] org.springframework.web.servlet.DispatcherServlet : Completed initialization in 3 ms
2023-07-25 13:38:00.807  INFO 11536 --- [http-nio-8080-exec-3] com.alibaba.druid.pool.DruidDataSource : {dataSource-1} inited
2023-07-25 13:39:22.752  INFO 11536 --- [SpringContextShutdownHook] org.springframework.scheduling.concurrent.ThreadPoolTaskExecutor : Shutting down ExecutorService 'applicationTaskExecutor'
2023-07-25 13:39:22.755  INFO 11536 --- [SpringContextShutdownHook] com.alibaba.druid.pool.DruidDataSource : {dataSource-1} closed
2023-07-25 13:39:24.648  INFO 3188 --- [main] com.dreamchaser.depository_manage.DepositoryManageApplication : Starting DepositoryManageApplication on queshumin-pc with PID 3188 (C:\Users\queshumin\Desktop\depository_manage-master\target\classes started by queshumin in C:\Users\queshumin\Desktop\depository_manage-master)
2023-07-25 13:39:24.650  INFO 3188 --- [main] com.dreamchaser.depository_manage.DepositoryManageApplication : The following profiles are active: test
2023-07-25 13:39:25.367  INFO 3188 --- [main] org.springframework.boot.web.embedded.tomcat.TomcatWebServer : Tomcat initialized with port(s): 8080 (http)
2023-07-25 13:39:25.374  INFO 3188 --- [main] org.apache.catalina.core.StandardService : Starting service [Tomcat]
2023-07-25 13:39:25.374  INFO 3188 --- [main] org.apache.catalina.core.StandardEngine : Starting Servlet engine: [Apache Tomcat/9.0.41]
2023-07-25 13:39:25.375  INFO 3188 --- [main] org.apache.catalina.core.AprLifecycleListener : Loaded Apache Tomcat Native library [2.0.4] using APR version [1.7.4].
2023-07-25 13:39:25.375  INFO 3188 --- [main] org.apache.catalina.core.AprLifecycleListener : APR capabilities: IPv6 [true], sendfile [true], accept filters [false], random [true].
2023-07-25 13:39:25.375  INFO 3188 --- [main] org.apache.catalina.core.AprLifecycleListener : APR/OpenSSL configuration: useAprConnector [false], useOpenSSL [true]
2023-07-25 13:39:25.379  INFO 3188 --- [main] org.apache.catalina.core.AprLifecycleListener : OpenSSL successfully initialized [OpenSSL 3.0.9 30 May 2023]
2023-07-25 13:39:25.429  INFO 3188 --- [main] org.apache.catalina.core.ContainerBase.[Tomcat].[localhost].[/] : Initializing Spring embedded WebApplicationContext
2023-07-25 13:39:25.429  INFO 3188 --- [main] org.springframework.boot.web.servlet.context.ServletWebServerApplicationContext : Root WebApplicationContext: initialization completed in 747 ms
2023-07-25 13:39:25.843  INFO 3188 --- [main] org.springframework.scheduling.concurrent.ThreadPoolTaskExecutor : Initializing ExecutorService 'applicationTaskExecutor'
2023-07-25 13:39:25.896  INFO 3188 --- [main] org.springframework.boot.autoconfigure.web.servlet.WelcomePageHandlerMapping : Adding welcome page template: index
2023-07-25 13:39:26.024  INFO 3188 --- [main] org.springframework.boot.web.embedded.tomcat.TomcatWebServer : Tomcat started on port(s): 8080 (http) with context path ''
2023-07-25 13:39:26.031  INFO 3188 --- [main] com.dreamchaser.depository_manage.DepositoryManageApplication : Started DepositoryManageApplication in 1.745 seconds (JVM running for 2.296)
2023-07-25 13:39:30.468  INFO 3188 --- [http-nio-8080-exec-1] org.apache.catalina.core.ContainerBase.[Tomcat].[localhost].[/] : Initializing Spring DispatcherServlet 'dispatcherServlet'
2023-07-25 13:39:30.468  INFO 3188 --- [http-nio-8080-exec-1] org.springframework.web.servlet.DispatcherServlet : Initializing Servlet 'dispatcherServlet'
2023-07-25 13:39:30.471  INFO 3188 --- [http-nio-8080-exec-1] org.springframework.web.servlet.DispatcherServlet : Completed initialization in 3 ms
2023-07-25 13:39:31.453  INFO 3188 --- [http-nio-8080-exec-6] com.alibaba.druid.pool.DruidDataSource : {dataSource-1} inited
2023-07-25 13:59:08.112  INFO 3188 --- [SpringContextShutdownHook] org.springframework.scheduling.concurrent.ThreadPoolTaskExecutor : Shutting down ExecutorService 'applicationTaskExecutor'
2023-07-25 13:59:08.115  INFO 3188 --- [SpringContextShutdownHook] com.alibaba.druid.pool.DruidDataSource : {dataSource-1} closed
2023-07-25 13:59:55.905  INFO 13232 --- [main] com.dreamchaser.depository_manage.DepositoryManageApplication : Starting DepositoryManageApplication on queshumin-pc with PID 13232 (C:\Users\queshumin\Desktop\depository_manage-master\target\classes started by queshumin in C:\Users\queshumin\Desktop\depository_manage-master)
2023-07-25 13:59:55.907  INFO 13232 --- [main] com.dreamchaser.depository_manage.DepositoryManageApplication : The following profiles are active: test
2023-07-25 13:59:56.692  INFO 13232 --- [main] org.springframework.boot.web.embedded.tomcat.TomcatWebServer : Tomcat initialized with port(s): 8080 (http)
2023-07-25 13:59:56.701  INFO 13232 --- [main] org.apache.catalina.core.StandardService : Starting service [Tomcat]
2023-07-25 13:59:56.701  INFO 13232 --- [main] org.apache.catalina.core.StandardEngine : Starting Servlet engine: [Apache Tomcat/9.0.41]
2023-07-25 13:59:56.702  INFO 13232 --- [main] org.apache.catalina.core.AprLifecycleListener : Loaded Apache Tomcat Native library [2.0.4] using APR version [1.7.4].
2023-07-25 13:59:56.702  INFO 13232 --- [main] org.apache.catalina.core.AprLifecycleListener : APR capabilities: IPv6 [true], sendfile [true], accept filters [false], random [true].
2023-07-25 13:59:56.703  INFO 13232 --- [main] org.apache.catalina.core.AprLifecycleListener : APR/OpenSSL configuration: useAprConnector [false], useOpenSSL [true]
2023-07-25 13:59:56.706  INFO 13232 --- [main] org.apache.catalina.core.AprLifecycleListener : OpenSSL successfully initialized [OpenSSL 3.0.9 30 May 2023]
2023-07-25 13:59:56.758  INFO 13232 --- [main] org.apache.catalina.core.ContainerBase.[Tomcat].[localhost].[/] : Initializing Spring embedded WebApplicationContext
2023-07-25 13:59:56.759  INFO 13232 --- [main] org.springframework.boot.web.servlet.context.ServletWebServerApplicationContext : Root WebApplicationContext: initialization completed in 813 ms
2023-07-25 13:59:57.230  INFO 13232 --- [main] org.springframework.scheduling.concurrent.ThreadPoolTaskExecutor : Initializing ExecutorService 'applicationTaskExecutor'
2023-07-25 13:59:57.279  INFO 13232 --- [main] org.springframework.boot.autoconfigure.web.servlet.WelcomePageHandlerMapping : Adding welcome page template: index
2023-07-25 13:59:57.410  INFO 13232 --- [main] org.springframework.boot.web.embedded.tomcat.TomcatWebServer : Tomcat started on port(s): 8080 (http) with context path ''
2023-07-25 13:59:57.417  INFO 13232 --- [main] com.dreamchaser.depository_manage.DepositoryManageApplication : Started DepositoryManageApplication in 1.885 seconds (JVM running for 2.366)
2023-07-25 14:12:54.903  INFO 13232 --- [http-nio-8080-exec-1] org.apache.catalina.core.ContainerBase.[Tomcat].[localhost].[/] : Initializing Spring DispatcherServlet 'dispatcherServlet'
2023-07-25 14:12:54.904  INFO 13232 --- [http-nio-8080-exec-1] org.springframework.web.servlet.DispatcherServlet : Initializing Servlet 'dispatcherServlet'
2023-07-25 14:12:54.908  INFO 13232 --- [http-nio-8080-exec-1] org.springframework.web.servlet.DispatcherServlet : Completed initialization in 4 ms
2023-07-25 14:15:05.933  INFO 13232 --- [http-nio-8080-exec-7] com.alibaba.druid.pool.DruidDataSource : {dataSource-1} inited
2023-07-25 16:08:23.418  INFO 13232 --- [SpringContextShutdownHook] org.springframework.scheduling.concurrent.ThreadPoolTaskExecutor : Shutting down ExecutorService 'applicationTaskExecutor'
2023-07-25 16:08:23.420  INFO 13232 --- [SpringContextShutdownHook] com.alibaba.druid.pool.DruidDataSource : {dataSource-1} closed
2023-07-25 16:08:27.247  INFO 11240 --- [main] com.dreamchaser.depository_manage.DepositoryManageApplication : Starting DepositoryManageApplication on queshumin-pc with PID 11240 (C:\Users\queshumin\Desktop\depository_manage-master\target\classes started by queshumin in C:\Users\queshumin\Desktop\depository_manage-master)
2023-07-25 16:08:27.250  INFO 11240 --- [main] com.dreamchaser.depository_manage.DepositoryManageApplication : The following profiles are active: test
2023-07-25 16:08:27.978  INFO 11240 --- [main] org.springframework.boot.web.embedded.tomcat.TomcatWebServer : Tomcat initialized with port(s): 8080 (http)
2023-07-25 16:08:27.986  INFO 11240 --- [main] org.apache.catalina.core.StandardService : Starting service [Tomcat]
2023-07-25 16:08:27.986  INFO 11240 --- [main] org.apache.catalina.core.StandardEngine : Starting Servlet engine: [Apache Tomcat/9.0.41]
2023-07-25 16:08:27.987  INFO 11240 --- [main] org.apache.catalina.core.AprLifecycleListener : Loaded Apache Tomcat Native library [2.0.4] using APR version [1.7.4].
2023-07-25 16:08:27.987  INFO 11240 --- [main] org.apache.catalina.core.AprLifecycleListener : APR capabilities: IPv6 [true], sendfile [true], accept filters [false], random [true].
2023-07-25 16:08:27.987  INFO 11240 --- [main] org.apache.catalina.core.AprLifecycleListener : APR/OpenSSL configuration: useAprConnector [false], useOpenSSL [true]
2023-07-25 16:08:27.991  INFO 11240 --- [main] org.apache.catalina.core.AprLifecycleListener : OpenSSL successfully initialized [OpenSSL 3.0.9 30 May 2023]
2023-07-25 16:08:28.041  INFO 11240 --- [main] org.apache.catalina.core.ContainerBase.[Tomcat].[localhost].[/] : Initializing Spring embedded WebApplicationContext
2023-07-25 16:08:28.042  INFO 11240 --- [main] org.springframework.boot.web.servlet.context.ServletWebServerApplicationContext : Root WebApplicationContext: initialization completed in 759 ms
2023-07-25 16:08:28.485  INFO 11240 --- [main] org.springframework.scheduling.concurrent.ThreadPoolTaskExecutor : Initializing ExecutorService 'applicationTaskExecutor'
2023-07-25 16:08:28.539  INFO 11240 --- [main] org.springframework.boot.autoconfigure.web.servlet.WelcomePageHandlerMapping : Adding welcome page template: index
2023-07-25 16:08:28.667  INFO 11240 --- [main] org.springframework.boot.web.embedded.tomcat.TomcatWebServer : Tomcat started on port(s): 8080 (http) with context path ''
2023-07-25 16:08:28.674  INFO 11240 --- [main] com.dreamchaser.depository_manage.DepositoryManageApplication : Started DepositoryManageApplication in 1.795 seconds (JVM running for 2.264)
2023-07-25 16:08:36.247  INFO 11240 --- [http-nio-8080-exec-1] org.apache.catalina.core.ContainerBase.[Tomcat].[localhost].[/] : Initializing Spring DispatcherServlet 'dispatcherServlet'
2023-07-25 16:08:36.247  INFO 11240 --- [http-nio-8080-exec-1] org.springframework.web.servlet.DispatcherServlet : Initializing Servlet 'dispatcherServlet'
2023-07-25 16:08:36.252  INFO 11240 --- [http-nio-8080-exec-1] org.springframework.web.servlet.DispatcherServlet : Completed initialization in 5 ms
2023-07-25 16:09:19.889  INFO 11240 --- [http-nio-8080-exec-3] com.alibaba.druid.pool.DruidDataSource : {dataSource-1} inited
2023-07-25 16:13:42.674  INFO 11240 --- [SpringContextShutdownHook] org.springframework.scheduling.concurrent.ThreadPoolTaskExecutor : Shutting down ExecutorService 'applicationTaskExecutor'
2023-07-25 16:13:42.677  INFO 11240 --- [SpringContextShutdownHook] com.alibaba.druid.pool.DruidDataSource : {dataSource-1} closed
2023-07-25 16:28:21.698  INFO 3620 --- [main] com.dreamchaser.depository_manage.DepositoryManageApplication : Starting DepositoryManageApplication on queshumin-pc with PID 3620 (C:\Users\queshumin\Desktop\depository_manage-master\target\classes started by queshumin in C:\Users\queshumin\Desktop\depository_manage-master)
2023-07-25 16:28:21.701  INFO 3620 --- [main] com.dreamchaser.depository_manage.DepositoryManageApplication : The following profiles are active: test
2023-07-25 16:28:22.437  INFO 3620 --- [main] org.springframework.boot.web.embedded.tomcat.TomcatWebServer : Tomcat initialized with port(s): 8080 (http)
2023-07-25 16:28:22.445  INFO 3620 --- [main] org.apache.catalina.core.StandardService : Starting service [Tomcat]
2023-07-25 16:28:22.446  INFO 3620 --- [main] org.apache.catalina.core.StandardEngine : Starting Servlet engine: [Apache Tomcat/9.0.41]
2023-07-25 16:28:22.447  INFO 3620 --- [main] org.apache.catalina.core.AprLifecycleListener : Loaded Apache Tomcat Native library [2.0.4] using APR version [1.7.4].
2023-07-25 16:28:22.447  INFO 3620 --- [main] org.apache.catalina.core.AprLifecycleListener : APR capabilities: IPv6 [true], sendfile [true], accept filters [false], random [true].
2023-07-25 16:28:22.447  INFO 3620 --- [main] org.apache.catalina.core.AprLifecycleListener : APR/OpenSSL configuration: useAprConnector [false], useOpenSSL [true]
2023-07-25 16:28:22.451  INFO 3620 --- [main] org.apache.catalina.core.AprLifecycleListener : OpenSSL successfully initialized [OpenSSL 3.0.9 30 May 2023]
2023-07-25 16:28:22.501  INFO 3620 --- [main] org.apache.catalina.core.ContainerBase.[Tomcat].[localhost].[/] : Initializing Spring embedded WebApplicationContext
2023-07-25 16:28:22.501  INFO 3620 --- [main] org.springframework.boot.web.servlet.context.ServletWebServerApplicationContext : Root WebApplicationContext: initialization completed in 769 ms
2023-07-25 16:28:22.936  INFO 3620 --- [main] org.springframework.scheduling.concurrent.ThreadPoolTaskExecutor : Initializing ExecutorService 'applicationTaskExecutor'
2023-07-25 16:28:22.991  INFO 3620 --- [main] org.springframework.boot.autoconfigure.web.servlet.WelcomePageHandlerMapping : Adding welcome page template: index
2023-07-25 16:28:23.123  INFO 3620 --- [main] org.springframework.boot.web.embedded.tomcat.TomcatWebServer : Tomcat started on port(s): 8080 (http) with context path ''
2023-07-25 16:28:23.130  INFO 3620 --- [main] com.dreamchaser.depository_manage.DepositoryManageApplication : Started DepositoryManageApplication in 1.832 seconds (JVM running for 2.301)
2023-07-25 16:28:29.919  INFO 3620 --- [http-nio-8080-exec-1] org.apache.catalina.core.ContainerBase.[Tomcat].[localhost].[/] : Initializing Spring DispatcherServlet 'dispatcherServlet'
2023-07-25 16:28:29.919  INFO 3620 --- [http-nio-8080-exec-1] org.springframework.web.servlet.DispatcherServlet : Initializing Servlet 'dispatcherServlet'
2023-07-25 16:28:29.922  INFO 3620 --- [http-nio-8080-exec-1] org.springframework.web.servlet.DispatcherServlet : Completed initialization in 3 ms
2023-07-25 16:28:30.889  INFO 3620 --- [http-nio-8080-exec-3] com.alibaba.druid.pool.DruidDataSource : {dataSource-1} inited
2023-07-25 16:33:36.117  INFO 3620 --- [SpringContextShutdownHook] org.springframework.scheduling.concurrent.ThreadPoolTaskExecutor : Shutting down ExecutorService 'applicationTaskExecutor'
2023-07-25 16:33:36.121  INFO 3620 --- [SpringContextShutdownHook] com.alibaba.druid.pool.DruidDataSource : {dataSource-1} closed
2023-07-25 16:33:39.657  INFO 9096 --- [main] com.dreamchaser.depository_manage.DepositoryManageApplication : Starting DepositoryManageApplication on queshumin-pc with PID 9096 (C:\Users\queshumin\Desktop\depository_manage-master\target\classes started by queshumin in C:\Users\queshumin\Desktop\depository_manage-master)
2023-07-25 16:33:39.660  INFO 9096 --- [main] com.dreamchaser.depository_manage.DepositoryManageApplication : The following profiles are active: test
2023-07-25 16:33:40.364  INFO 9096 --- [main] org.springframework.boot.web.embedded.tomcat.TomcatWebServer : Tomcat initialized with port(s): 8080 (http)
2023-07-25 16:33:40.371  INFO 9096 --- [main] org.apache.catalina.core.StandardService : Starting service [Tomcat]
2023-07-25 16:33:40.371  INFO 9096 --- [main] org.apache.catalina.core.StandardEngine : Starting Servlet engine: [Apache Tomcat/9.0.41]
2023-07-25 16:33:40.372  INFO 9096 --- [main] org.apache.catalina.core.AprLifecycleListener : Loaded Apache Tomcat Native library [2.0.4] using APR version [1.7.4].
2023-07-25 16:33:40.372  INFO 9096 --- [main] org.apache.catalina.core.AprLifecycleListener : APR capabilities: IPv6 [true], sendfile [true], accept filters [false], random [true].
2023-07-25 16:33:40.372  INFO 9096 --- [main] org.apache.catalina.core.AprLifecycleListener : APR/OpenSSL configuration: useAprConnector [false], useOpenSSL [true]
2023-07-25 16:33:40.376  INFO 9096 --- [main] org.apache.catalina.core.AprLifecycleListener : OpenSSL successfully initialized [OpenSSL 3.0.9 30 May 2023]
2023-07-25 16:33:40.426  INFO 9096 --- [main] org.apache.catalina.core.ContainerBase.[Tomcat].[localhost].[/] : Initializing Spring embedded WebApplicationContext
2023-07-25 16:33:40.427  INFO 9096 --- [main] org.springframework.boot.web.servlet.context.ServletWebServerApplicationContext : Root WebApplicationContext: initialization completed in 735 ms
2023-07-25 16:33:40.842  INFO 9096 --- [main] org.springframework.scheduling.concurrent.ThreadPoolTaskExecutor : Initializing ExecutorService 'applicationTaskExecutor'
2023-07-25 16:33:40.890  INFO 9096 --- [main] org.springframework.boot.autoconfigure.web.servlet.WelcomePageHandlerMapping : Adding welcome page template: index
2023-07-25 16:33:41.020  INFO 9096 --- [main] org.springframework.boot.web.embedded.tomcat.TomcatWebServer : Tomcat started on port(s): 8080 (http) with context path ''
2023-07-25 16:33:41.027  INFO 9096 --- [main] com.dreamchaser.depository_manage.DepositoryManageApplication : Started DepositoryManageApplication in 1.745 seconds (JVM running for 2.175)
2023-07-25 16:33:46.181  INFO 9096 --- [http-nio-8080-exec-1] org.apache.catalina.core.ContainerBase.[Tomcat].[localhost].[/] : Initializing Spring DispatcherServlet 'dispatcherServlet'
2023-07-25 16:33:46.181  INFO 9096 --- [http-nio-8080-exec-1] org.springframework.web.servlet.DispatcherServlet : Initializing Servlet 'dispatcherServlet'
2023-07-25 16:33:46.184  INFO 9096 --- [http-nio-8080-exec-1] org.springframework.web.servlet.DispatcherServlet : Completed initialization in 3 ms
2023-07-25 16:33:46.952  INFO 9096 --- [http-nio-8080-exec-3] com.alibaba.druid.pool.DruidDataSource : {dataSource-1} inited
2023-07-25 17:04:02.915  INFO 9096 --- [SpringContextShutdownHook] org.springframework.scheduling.concurrent.ThreadPoolTaskExecutor : Shutting down ExecutorService 'applicationTaskExecutor'
2023-07-25 17:04:02.915  INFO 9096 --- [SpringContextShutdownHook] com.alibaba.druid.pool.DruidDataSource : {dataSource-1} closed
